<?xml version="1.0" encoding="UTF-8"?>
<testsuite xmlns:xsi="http://www.w3.org/2001/XMLSchema-instance" xsi:noNamespaceSchemaLocation="https://maven.apache.org/surefire/maven-surefire-plugin/xsd/surefire-test-report-3.0.xsd" version="3.0" name="TestSuite" time="58.626" tests="2" errors="0" skipped="0" failures="0">
  <properties>
    <property name="surefire.suiteXmlFiles" value="testng.xml"/>
    <property name="java.specification.version" value="15"/>
    <property name="sun.cpu.isalist" value="amd64"/>
    <property name="sun.jnu.encoding" value="Cp1252"/>
    <property name="java.class.path" value="D:\Appium_workspace\SouceLab\target\test-classes;D:\Appium_workspace\SouceLab\target\classes;C:\Users\gokul\.m2\repository\io\appium\java-client\8.3.0\java-client-8.3.0.jar;C:\Users\gokul\.m2\repository\org\seleniumhq\selenium\selenium-support\4.9.0\selenium-support-4.9.0.jar;C:\Users\gokul\.m2\repository\com\google\code\gson\gson\2.10\gson-2.10.jar;C:\Users\gokul\.m2\repository\cglib\cglib\3.3.0\cglib-3.3.0.jar;C:\Users\gokul\.m2\repository\org\ow2\asm\asm\7.1\asm-7.1.jar;C:\Users\gokul\.m2\repository\commons-validator\commons-validator\1.7\commons-validator-1.7.jar;C:\Users\gokul\.m2\repository\commons-beanutils\commons-beanutils\1.9.4\commons-beanutils-1.9.4.jar;C:\Users\gokul\.m2\repository\commons-digester\commons-digester\2.1\commons-digester-2.1.jar;C:\Users\gokul\.m2\repository\commons-logging\commons-logging\1.2\commons-logging-1.2.jar;C:\Users\gokul\.m2\repository\commons-collections\commons-collections\3.2.2\commons-collections-3.2.2.jar;C:\Users\gokul\.m2\repository\org\apache\commons\commons-lang3\3.12.0\commons-lang3-3.12.0.jar;C:\Users\gokul\.m2\repository\commons-io\commons-io\2.11.0\commons-io-2.11.0.jar;C:\Users\gokul\.m2\repository\org\testng\testng\7.4.0\testng-7.4.0.jar;C:\Users\gokul\.m2\repository\com\beust\jcommander\1.78\jcommander-1.78.jar;C:\Users\gokul\.m2\repository\org\webjars\jquery\3.5.1\jquery-3.5.1.jar;C:\Users\gokul\.m2\repository\org\seleniumhq\selenium\selenium-java\4.7.2\selenium-java-4.7.2.jar;C:\Users\gokul\.m2\repository\org\seleniumhq\selenium\selenium-chrome-driver\4.7.2\selenium-chrome-driver-4.7.2.jar;C:\Users\gokul\.m2\repository\org\seleniumhq\selenium\selenium-chromium-driver\4.7.2\selenium-chromium-driver-4.7.2.jar;C:\Users\gokul\.m2\repository\org\seleniumhq\selenium\selenium-devtools-v106\4.7.2\selenium-devtools-v106-4.7.2.jar;C:\Users\gokul\.m2\repository\org\seleniumhq\selenium\selenium-devtools-v107\4.7.2\selenium-devtools-v107-4.7.2.jar;C:\Users\gokul\.m2\repository\org\seleniumhq\selenium\selenium-devtools-v108\4.7.2\selenium-devtools-v108-4.7.2.jar;C:\Users\gokul\.m2\repository\org\seleniumhq\selenium\selenium-devtools-v85\4.7.2\selenium-devtools-v85-4.7.2.jar;C:\Users\gokul\.m2\repository\org\seleniumhq\selenium\selenium-edge-driver\4.7.2\selenium-edge-driver-4.7.2.jar;C:\Users\gokul\.m2\repository\org\seleniumhq\selenium\selenium-firefox-driver\4.7.2\selenium-firefox-driver-4.7.2.jar;C:\Users\gokul\.m2\repository\org\seleniumhq\selenium\selenium-ie-driver\4.7.2\selenium-ie-driver-4.7.2.jar;C:\Users\gokul\.m2\repository\org\seleniumhq\selenium\selenium-safari-driver\4.7.2\selenium-safari-driver-4.7.2.jar;C:\Users\gokul\.m2\repository\org\seleniumhq\selenium\selenium-api\4.7.2\selenium-api-4.7.2.jar;C:\Users\gokul\.m2\repository\org\seleniumhq\selenium\selenium-remote-driver\4.7.2\selenium-remote-driver-4.7.2.jar;C:\Users\gokul\.m2\repository\com\google\auto\service\auto-service-annotations\1.0.1\auto-service-annotations-1.0.1.jar;C:\Users\gokul\.m2\repository\com\google\auto\service\auto-service\1.0.1\auto-service-1.0.1.jar;C:\Users\gokul\.m2\repository\com\google\auto\auto-common\1.2\auto-common-1.2.jar;C:\Users\gokul\.m2\repository\com\google\guava\guava\31.1-jre\guava-31.1-jre.jar;C:\Users\gokul\.m2\repository\com\google\guava\failureaccess\1.0.1\failureaccess-1.0.1.jar;C:\Users\gokul\.m2\repository\com\google\guava\listenablefuture\9999.0-empty-to-avoid-conflict-with-guava\listenablefuture-9999.0-empty-to-avoid-conflict-with-guava.jar;C:\Users\gokul\.m2\repository\com\google\code\findbugs\jsr305\3.0.2\jsr305-3.0.2.jar;C:\Users\gokul\.m2\repository\org\checkerframework\checker-qual\3.12.0\checker-qual-3.12.0.jar;C:\Users\gokul\.m2\repository\com\google\errorprone\error_prone_annotations\2.11.0\error_prone_annotations-2.11.0.jar;C:\Users\gokul\.m2\repository\com\google\j2objc\j2objc-annotations\1.3\j2objc-annotations-1.3.jar;C:\Users\gokul\.m2\repository\io\netty\netty-buffer\4.1.84.Final\netty-buffer-4.1.84.Final.jar;C:\Users\gokul\.m2\repository\io\netty\netty-codec-http\4.1.84.Final\netty-codec-http-4.1.84.Final.jar;C:\Users\gokul\.m2\repository\io\netty\netty-codec\4.1.84.Final\netty-codec-4.1.84.Final.jar;C:\Users\gokul\.m2\repository\io\netty\netty-handler\4.1.84.Final\netty-handler-4.1.84.Final.jar;C:\Users\gokul\.m2\repository\io\netty\netty-common\4.1.84.Final\netty-common-4.1.84.Final.jar;C:\Users\gokul\.m2\repository\io\netty\netty-transport-classes-epoll\4.1.84.Final\netty-transport-classes-epoll-4.1.84.Final.jar;C:\Users\gokul\.m2\repository\io\netty\netty-transport-classes-kqueue\4.1.84.Final\netty-transport-classes-kqueue-4.1.84.Final.jar;C:\Users\gokul\.m2\repository\io\netty\netty-transport-native-epoll\4.1.84.Final\netty-transport-native-epoll-4.1.84.Final.jar;C:\Users\gokul\.m2\repository\io\netty\netty-transport-native-kqueue\4.1.84.Final\netty-transport-native-kqueue-4.1.84.Final.jar;C:\Users\gokul\.m2\repository\io\netty\netty-transport-native-unix-common\4.1.84.Final\netty-transport-native-unix-common-4.1.84.Final.jar;C:\Users\gokul\.m2\repository\io\netty\netty-transport\4.1.84.Final\netty-transport-4.1.84.Final.jar;C:\Users\gokul\.m2\repository\io\netty\netty-resolver\4.1.84.Final\netty-resolver-4.1.84.Final.jar;C:\Users\gokul\.m2\repository\io\opentelemetry\opentelemetry-api\1.19.0\opentelemetry-api-1.19.0.jar;C:\Users\gokul\.m2\repository\io\opentelemetry\opentelemetry-context\1.19.0\opentelemetry-context-1.19.0.jar;C:\Users\gokul\.m2\repository\io\opentelemetry\opentelemetry-exporter-logging\1.19.0\opentelemetry-exporter-logging-1.19.0.jar;C:\Users\gokul\.m2\repository\io\opentelemetry\opentelemetry-sdk-metrics\1.19.0\opentelemetry-sdk-metrics-1.19.0.jar;C:\Users\gokul\.m2\repository\io\opentelemetry\opentelemetry-sdk-logs\1.19.0-alpha\opentelemetry-sdk-logs-1.19.0-alpha.jar;C:\Users\gokul\.m2\repository\io\opentelemetry\opentelemetry-api-logs\1.19.0-alpha\opentelemetry-api-logs-1.19.0-alpha.jar;C:\Users\gokul\.m2\repository\io\opentelemetry\opentelemetry-sdk-common\1.19.0\opentelemetry-sdk-common-1.19.0.jar;C:\Users\gokul\.m2\repository\io\opentelemetry\opentelemetry-sdk-extension-autoconfigure-spi\1.19.0\opentelemetry-sdk-extension-autoconfigure-spi-1.19.0.jar;C:\Users\gokul\.m2\repository\io\opentelemetry\opentelemetry-sdk-extension-autoconfigure\1.19.0-alpha\opentelemetry-sdk-extension-autoconfigure-1.19.0-alpha.jar;C:\Users\gokul\.m2\repository\io\opentelemetry\opentelemetry-exporter-common\1.19.0\opentelemetry-exporter-common-1.19.0.jar;C:\Users\gokul\.m2\repository\io\opentelemetry\opentelemetry-sdk-trace\1.19.0\opentelemetry-sdk-trace-1.19.0.jar;C:\Users\gokul\.m2\repository\io\opentelemetry\opentelemetry-sdk\1.19.0\opentelemetry-sdk-1.19.0.jar;C:\Users\gokul\.m2\repository\io\opentelemetry\opentelemetry-semconv\1.19.0-alpha\opentelemetry-semconv-1.19.0-alpha.jar;C:\Users\gokul\.m2\repository\io\ous\jtoml\2.0.0\jtoml-2.0.0.jar;C:\Users\gokul\.m2\repository\net\bytebuddy\byte-buddy\1.12.18\byte-buddy-1.12.18.jar;C:\Users\gokul\.m2\repository\org\apache\commons\commons-exec\1.3\commons-exec-1.3.jar;C:\Users\gokul\.m2\repository\org\asynchttpclient\async-http-client\2.12.3\async-http-client-2.12.3.jar;C:\Users\gokul\.m2\repository\org\asynchttpclient\async-http-client-netty-utils\2.12.3\async-http-client-netty-utils-2.12.3.jar;C:\Users\gokul\.m2\repository\io\netty\netty-codec-socks\4.1.60.Final\netty-codec-socks-4.1.60.Final.jar;C:\Users\gokul\.m2\repository\io\netty\netty-handler-proxy\4.1.60.Final\netty-handler-proxy-4.1.60.Final.jar;C:\Users\gokul\.m2\repository\io\netty\netty-transport-native-epoll\4.1.60.Final\netty-transport-native-epoll-4.1.60.Final-linux-x86_64.jar;C:\Users\gokul\.m2\repository\io\netty\netty-transport-native-kqueue\4.1.60.Final\netty-transport-native-kqueue-4.1.60.Final-osx-x86_64.jar;C:\Users\gokul\.m2\repository\org\reactivestreams\reactive-streams\1.0.3\reactive-streams-1.0.3.jar;C:\Users\gokul\.m2\repository\com\typesafe\netty\netty-reactive-streams\2.0.4\netty-reactive-streams-2.0.4.jar;C:\Users\gokul\.m2\repository\com\sun\activation\jakarta.activation\1.2.2\jakarta.activation-1.2.2.jar;C:\Users\gokul\.m2\repository\org\seleniumhq\selenium\selenium-http\4.7.2\selenium-http-4.7.2.jar;C:\Users\gokul\.m2\repository\dev\failsafe\failsafe\3.3.0\failsafe-3.3.0.jar;C:\Users\gokul\.m2\repository\org\seleniumhq\selenium\selenium-json\4.7.2\selenium-json-4.7.2.jar;C:\Users\gokul\.m2\repository\org\seleniumhq\selenium\selenium-manager\4.7.2\selenium-manager-4.7.2.jar;C:\Users\gokul\.m2\repository\org\slf4j\slf4j-api\1.7.5\slf4j-api-1.7.5.jar;C:\Users\gokul\.m2\repository\org\slf4j\slf4j-simple\1.6.4\slf4j-simple-1.6.4.jar;C:\Users\gokul\.m2\repository\com\aventstack\extentreports\5.0.9\extentreports-5.0.9.jar;C:\Users\gokul\.m2\repository\io\reactivex\rxjava3\rxjava\3.0.4\rxjava-3.0.4.jar;C:\Users\gokul\.m2\repository\org\freemarker\freemarker\2.3.30\freemarker-2.3.30.jar;C:\Users\gokul\.m2\repository\org\projectlombok\lombok\1.18.12\lombok-1.18.12.jar;C:\Users\gokul\.m2\repository\com\googlecode\json-simple\json-simple\1.1.1\json-simple-1.1.1.jar;C:\Users\gokul\.m2\repository\junit\junit\4.10\junit-4.10.jar;C:\Users\gokul\.m2\repository\org\hamcrest\hamcrest-core\1.1\hamcrest-core-1.1.jar;"/>
    <property name="java.vm.vendor" value="Oracle Corporation"/>
    <property name="sun.arch.data.model" value="64"/>
    <property name="user.variant" value=""/>
    <property name="java.vendor.url" value="https://java.oracle.com/"/>
    <property name="user.timezone" value="Asia/Calcutta"/>
    <property name="os.name" value="Windows 10"/>
    <property name="java.vm.specification.version" value="15"/>
    <property name="sun.java.launcher" value="SUN_STANDARD"/>
    <property name="user.country" value="IN"/>
    <property name="sun.boot.library.path" value="C:\Program Files\Java\jdk-15.0.2\bin"/>
    <property name="sun.java.command" value="C:\Users\gokul\AppData\Local\Temp\surefire15471347799748833478\surefirebooter-20230427074901093_3.jar C:\Users\gokul\AppData\Local\Temp\surefire15471347799748833478 2023-04-27T07-49-00_957-jvmRun1 surefire-20230427074901093_1tmp surefire_0-20230427074901093_2tmp"/>
    <property name="jdk.debug" value="release"/>
    <property name="surefire.test.class.path" value="D:\Appium_workspace\SouceLab\target\test-classes;D:\Appium_workspace\SouceLab\target\classes;C:\Users\gokul\.m2\repository\io\appium\java-client\8.3.0\java-client-8.3.0.jar;C:\Users\gokul\.m2\repository\org\seleniumhq\selenium\selenium-support\4.9.0\selenium-support-4.9.0.jar;C:\Users\gokul\.m2\repository\com\google\code\gson\gson\2.10\gson-2.10.jar;C:\Users\gokul\.m2\repository\cglib\cglib\3.3.0\cglib-3.3.0.jar;C:\Users\gokul\.m2\repository\org\ow2\asm\asm\7.1\asm-7.1.jar;C:\Users\gokul\.m2\repository\commons-validator\commons-validator\1.7\commons-validator-1.7.jar;C:\Users\gokul\.m2\repository\commons-beanutils\commons-beanutils\1.9.4\commons-beanutils-1.9.4.jar;C:\Users\gokul\.m2\repository\commons-digester\commons-digester\2.1\commons-digester-2.1.jar;C:\Users\gokul\.m2\repository\commons-logging\commons-logging\1.2\commons-logging-1.2.jar;C:\Users\gokul\.m2\repository\commons-collections\commons-collections\3.2.2\commons-collections-3.2.2.jar;C:\Users\gokul\.m2\repository\org\apache\commons\commons-lang3\3.12.0\commons-lang3-3.12.0.jar;C:\Users\gokul\.m2\repository\commons-io\commons-io\2.11.0\commons-io-2.11.0.jar;C:\Users\gokul\.m2\repository\org\testng\testng\7.4.0\testng-7.4.0.jar;C:\Users\gokul\.m2\repository\com\beust\jcommander\1.78\jcommander-1.78.jar;C:\Users\gokul\.m2\repository\org\webjars\jquery\3.5.1\jquery-3.5.1.jar;C:\Users\gokul\.m2\repository\org\seleniumhq\selenium\selenium-java\4.7.2\selenium-java-4.7.2.jar;C:\Users\gokul\.m2\repository\org\seleniumhq\selenium\selenium-chrome-driver\4.7.2\selenium-chrome-driver-4.7.2.jar;C:\Users\gokul\.m2\repository\org\seleniumhq\selenium\selenium-chromium-driver\4.7.2\selenium-chromium-driver-4.7.2.jar;C:\Users\gokul\.m2\repository\org\seleniumhq\selenium\selenium-devtools-v106\4.7.2\selenium-devtools-v106-4.7.2.jar;C:\Users\gokul\.m2\repository\org\seleniumhq\selenium\selenium-devtools-v107\4.7.2\selenium-devtools-v107-4.7.2.jar;C:\Users\gokul\.m2\repository\org\seleniumhq\selenium\selenium-devtools-v108\4.7.2\selenium-devtools-v108-4.7.2.jar;C:\Users\gokul\.m2\repository\org\seleniumhq\selenium\selenium-devtools-v85\4.7.2\selenium-devtools-v85-4.7.2.jar;C:\Users\gokul\.m2\repository\org\seleniumhq\selenium\selenium-edge-driver\4.7.2\selenium-edge-driver-4.7.2.jar;C:\Users\gokul\.m2\repository\org\seleniumhq\selenium\selenium-firefox-driver\4.7.2\selenium-firefox-driver-4.7.2.jar;C:\Users\gokul\.m2\repository\org\seleniumhq\selenium\selenium-ie-driver\4.7.2\selenium-ie-driver-4.7.2.jar;C:\Users\gokul\.m2\repository\org\seleniumhq\selenium\selenium-safari-driver\4.7.2\selenium-safari-driver-4.7.2.jar;C:\Users\gokul\.m2\repository\org\seleniumhq\selenium\selenium-api\4.7.2\selenium-api-4.7.2.jar;C:\Users\gokul\.m2\repository\org\seleniumhq\selenium\selenium-remote-driver\4.7.2\selenium-remote-driver-4.7.2.jar;C:\Users\gokul\.m2\repository\com\google\auto\service\auto-service-annotations\1.0.1\auto-service-annotations-1.0.1.jar;C:\Users\gokul\.m2\repository\com\google\auto\service\auto-service\1.0.1\auto-service-1.0.1.jar;C:\Users\gokul\.m2\repository\com\google\auto\auto-common\1.2\auto-common-1.2.jar;C:\Users\gokul\.m2\repository\com\google\guava\guava\31.1-jre\guava-31.1-jre.jar;C:\Users\gokul\.m2\repository\com\google\guava\failureaccess\1.0.1\failureaccess-1.0.1.jar;C:\Users\gokul\.m2\repository\com\google\guava\listenablefuture\9999.0-empty-to-avoid-conflict-with-guava\listenablefuture-9999.0-empty-to-avoid-conflict-with-guava.jar;C:\Users\gokul\.m2\repository\com\google\code\findbugs\jsr305\3.0.2\jsr305-3.0.2.jar;C:\Users\gokul\.m2\repository\org\checkerframework\checker-qual\3.12.0\checker-qual-3.12.0.jar;C:\Users\gokul\.m2\repository\com\google\errorprone\error_prone_annotations\2.11.0\error_prone_annotations-2.11.0.jar;C:\Users\gokul\.m2\repository\com\google\j2objc\j2objc-annotations\1.3\j2objc-annotations-1.3.jar;C:\Users\gokul\.m2\repository\io\netty\netty-buffer\4.1.84.Final\netty-buffer-4.1.84.Final.jar;C:\Users\gokul\.m2\repository\io\netty\netty-codec-http\4.1.84.Final\netty-codec-http-4.1.84.Final.jar;C:\Users\gokul\.m2\repository\io\netty\netty-codec\4.1.84.Final\netty-codec-4.1.84.Final.jar;C:\Users\gokul\.m2\repository\io\netty\netty-handler\4.1.84.Final\netty-handler-4.1.84.Final.jar;C:\Users\gokul\.m2\repository\io\netty\netty-common\4.1.84.Final\netty-common-4.1.84.Final.jar;C:\Users\gokul\.m2\repository\io\netty\netty-transport-classes-epoll\4.1.84.Final\netty-transport-classes-epoll-4.1.84.Final.jar;C:\Users\gokul\.m2\repository\io\netty\netty-transport-classes-kqueue\4.1.84.Final\netty-transport-classes-kqueue-4.1.84.Final.jar;C:\Users\gokul\.m2\repository\io\netty\netty-transport-native-epoll\4.1.84.Final\netty-transport-native-epoll-4.1.84.Final.jar;C:\Users\gokul\.m2\repository\io\netty\netty-transport-native-kqueue\4.1.84.Final\netty-transport-native-kqueue-4.1.84.Final.jar;C:\Users\gokul\.m2\repository\io\netty\netty-transport-native-unix-common\4.1.84.Final\netty-transport-native-unix-common-4.1.84.Final.jar;C:\Users\gokul\.m2\repository\io\netty\netty-transport\4.1.84.Final\netty-transport-4.1.84.Final.jar;C:\Users\gokul\.m2\repository\io\netty\netty-resolver\4.1.84.Final\netty-resolver-4.1.84.Final.jar;C:\Users\gokul\.m2\repository\io\opentelemetry\opentelemetry-api\1.19.0\opentelemetry-api-1.19.0.jar;C:\Users\gokul\.m2\repository\io\opentelemetry\opentelemetry-context\1.19.0\opentelemetry-context-1.19.0.jar;C:\Users\gokul\.m2\repository\io\opentelemetry\opentelemetry-exporter-logging\1.19.0\opentelemetry-exporter-logging-1.19.0.jar;C:\Users\gokul\.m2\repository\io\opentelemetry\opentelemetry-sdk-metrics\1.19.0\opentelemetry-sdk-metrics-1.19.0.jar;C:\Users\gokul\.m2\repository\io\opentelemetry\opentelemetry-sdk-logs\1.19.0-alpha\opentelemetry-sdk-logs-1.19.0-alpha.jar;C:\Users\gokul\.m2\repository\io\opentelemetry\opentelemetry-api-logs\1.19.0-alpha\opentelemetry-api-logs-1.19.0-alpha.jar;C:\Users\gokul\.m2\repository\io\opentelemetry\opentelemetry-sdk-common\1.19.0\opentelemetry-sdk-common-1.19.0.jar;C:\Users\gokul\.m2\repository\io\opentelemetry\opentelemetry-sdk-extension-autoconfigure-spi\1.19.0\opentelemetry-sdk-extension-autoconfigure-spi-1.19.0.jar;C:\Users\gokul\.m2\repository\io\opentelemetry\opentelemetry-sdk-extension-autoconfigure\1.19.0-alpha\opentelemetry-sdk-extension-autoconfigure-1.19.0-alpha.jar;C:\Users\gokul\.m2\repository\io\opentelemetry\opentelemetry-exporter-common\1.19.0\opentelemetry-exporter-common-1.19.0.jar;C:\Users\gokul\.m2\repository\io\opentelemetry\opentelemetry-sdk-trace\1.19.0\opentelemetry-sdk-trace-1.19.0.jar;C:\Users\gokul\.m2\repository\io\opentelemetry\opentelemetry-sdk\1.19.0\opentelemetry-sdk-1.19.0.jar;C:\Users\gokul\.m2\repository\io\opentelemetry\opentelemetry-semconv\1.19.0-alpha\opentelemetry-semconv-1.19.0-alpha.jar;C:\Users\gokul\.m2\repository\io\ous\jtoml\2.0.0\jtoml-2.0.0.jar;C:\Users\gokul\.m2\repository\net\bytebuddy\byte-buddy\1.12.18\byte-buddy-1.12.18.jar;C:\Users\gokul\.m2\repository\org\apache\commons\commons-exec\1.3\commons-exec-1.3.jar;C:\Users\gokul\.m2\repository\org\asynchttpclient\async-http-client\2.12.3\async-http-client-2.12.3.jar;C:\Users\gokul\.m2\repository\org\asynchttpclient\async-http-client-netty-utils\2.12.3\async-http-client-netty-utils-2.12.3.jar;C:\Users\gokul\.m2\repository\io\netty\netty-codec-socks\4.1.60.Final\netty-codec-socks-4.1.60.Final.jar;C:\Users\gokul\.m2\repository\io\netty\netty-handler-proxy\4.1.60.Final\netty-handler-proxy-4.1.60.Final.jar;C:\Users\gokul\.m2\repository\io\netty\netty-transport-native-epoll\4.1.60.Final\netty-transport-native-epoll-4.1.60.Final-linux-x86_64.jar;C:\Users\gokul\.m2\repository\io\netty\netty-transport-native-kqueue\4.1.60.Final\netty-transport-native-kqueue-4.1.60.Final-osx-x86_64.jar;C:\Users\gokul\.m2\repository\org\reactivestreams\reactive-streams\1.0.3\reactive-streams-1.0.3.jar;C:\Users\gokul\.m2\repository\com\typesafe\netty\netty-reactive-streams\2.0.4\netty-reactive-streams-2.0.4.jar;C:\Users\gokul\.m2\repository\com\sun\activation\jakarta.activation\1.2.2\jakarta.activation-1.2.2.jar;C:\Users\gokul\.m2\repository\org\seleniumhq\selenium\selenium-http\4.7.2\selenium-http-4.7.2.jar;C:\Users\gokul\.m2\repository\dev\failsafe\failsafe\3.3.0\failsafe-3.3.0.jar;C:\Users\gokul\.m2\repository\org\seleniumhq\selenium\selenium-json\4.7.2\selenium-json-4.7.2.jar;C:\Users\gokul\.m2\repository\org\seleniumhq\selenium\selenium-manager\4.7.2\selenium-manager-4.7.2.jar;C:\Users\gokul\.m2\repository\org\slf4j\slf4j-api\1.7.5\slf4j-api-1.7.5.jar;C:\Users\gokul\.m2\repository\org\slf4j\slf4j-simple\1.6.4\slf4j-simple-1.6.4.jar;C:\Users\gokul\.m2\repository\com\aventstack\extentreports\5.0.9\extentreports-5.0.9.jar;C:\Users\gokul\.m2\repository\io\reactivex\rxjava3\rxjava\3.0.4\rxjava-3.0.4.jar;C:\Users\gokul\.m2\repository\org\freemarker\freemarker\2.3.30\freemarker-2.3.30.jar;C:\Users\gokul\.m2\repository\org\projectlombok\lombok\1.18.12\lombok-1.18.12.jar;C:\Users\gokul\.m2\repository\com\googlecode\json-simple\json-simple\1.1.1\json-simple-1.1.1.jar;C:\Users\gokul\.m2\repository\junit\junit\4.10\junit-4.10.jar;C:\Users\gokul\.m2\repository\org\hamcrest\hamcrest-core\1.1\hamcrest-core-1.1.jar;"/>
    <property name="sun.cpu.endian" value="little"/>
    <property name="user.home" value="C:\Users\gokul"/>
    <property name="user.language" value="en"/>
    <property name="java.specification.vendor" value="Oracle Corporation"/>
    <property name="java.version.date" value="2021-01-19"/>
    <property name="java.home" value="C:\Program Files\Java\jdk-15.0.2"/>
    <property name="file.separator" value="\"/>
    <property name="basedir" value="D:\Appium_workspace\SouceLab"/>
    <property name="java.vm.compressedOopsMode" value="Zero based"/>
    <property name="line.separator" value="&#10;"/>
    <property name="java.vm.specification.vendor" value="Oracle Corporation"/>
    <property name="java.specification.name" value="Java Platform API Specification"/>
    <property name="surefire.real.class.path" value="C:\Users\gokul\AppData\Local\Temp\surefire15471347799748833478\surefirebooter-20230427074901093_3.jar"/>
    <property name="user.script" value=""/>
    <property name="sun.management.compiler" value="HotSpot 64-Bit Tiered Compilers"/>
    <property name="java.runtime.version" value="15.0.2+7-27"/>
    <property name="user.name" value="gokul"/>
    <property name="path.separator" value=";"/>
    <property name="os.version" value="10.0"/>
    <property name="java.runtime.name" value="Java(TM) SE Runtime Environment"/>
    <property name="file.encoding" value="Cp1252"/>
    <property name="java.vm.name" value="Java HotSpot(TM) 64-Bit Server VM"/>
    <property name="localRepository" value="C:\Users\gokul\.m2\repository"/>
    <property name="java.vendor.url.bug" value="https://bugreport.java.com/bugreport/"/>
    <property name="java.io.tmpdir" value="C:\Users\gokul\AppData\Local\Temp\"/>
    <property name="java.version" value="15.0.2"/>
    <property name="user.dir" value="D:\Appium_workspace\SouceLab"/>
    <property name="os.arch" value="amd64"/>
    <property name="java.vm.specification.name" value="Java Virtual Machine Specification"/>
    <property name="sun.os.patch.level" value=""/>
    <property name="java.library.path" value="C:\Program Files\Java\jdk-15.0.2\bin;C:\WINDOWS\Sun\Java\bin;C:\WINDOWS\system32;C:\WINDOWS;C:\WINDOWS\system32;C:\WINDOWS;C:\WINDOWS\System32\Wbem;C:\WINDOWS\System32\WindowsPowerShell\v1.0\;C:\WINDOWS\System32\OpenSSH\;C:\Program Files\Java\jdk-15.0.2\bin;D:\Nodejs\;C:\Users\gokul\AppData\Local\Android\Sdk\platform-tools;C:\Users\gokul\AppData\Local\Android\Sdk\platforms;C:\Users\gokul\AppData\Local\Android\Sdk\emulator;C:\Users\gokul\AppData\Local\Android\Sdk\tools;C:\Users\gokul\AppData\Local\Android\Sdk\build-tools;D:\apache-maven-3.8.6-bin\apache-maven-3.8.6\bin;C:\Program Files\Git\cmd;C:\Users\gokul\AppData\Local\Programs\Python\Python311\Scripts\;C:\Users\gokul\AppData\Local\Programs\Python\Python311\;C:\Program Files\MySQL\MySQL Shell 8.0\bin\;C:\Users\gokul\AppData\Local\Microsoft\WindowsApps;C:\Users\gokul\AppData\Roaming\npm;C:\Program Files\JetBrains\PyCharm Community Edition 2022.3.3\bin;;."/>
    <property name="java.vm.info" value="mixed mode, sharing"/>
    <property name="java.vendor" value="Oracle Corporation"/>
    <property name="java.vm.version" value="15.0.2+7-27"/>
    <property name="sun.io.unicode.encoding" value="UnicodeLittle"/>
    <property name="java.class.version" value="59.0"/>
  </properties>
  <testcase name="loginIntoAppWithValidCredentials" classname="com.soucelab.test.Testcase1" time="18.883">
    <system-out><![CDATA[&amp#27;[35m[Appium]&amp#27;[39m Welcome to Appium v2.0.0-beta.58
&amp#27;[35m[Appium]&amp#27;[39m Attempting to load driver uiautomator2...
[debug] &amp#27;[35m[Appium]&amp#27;[39m Requiring driver at C:\Users\gokul\.appium\node_modules\appium-uiautomator2-driver
&amp#27;[35m[Appium]&amp#27;[39m Appium REST http interface listener started on 0.0.0.0:4723
&amp#27;[35m[Appium]&amp#27;[39m Available drivers:
&amp#27;[35m[Appium]&amp#27;[39m   - uiautomator2@2.12.7 (automationName 'UiAutomator2')
&amp#27;[35m[Appium]&amp#27;[39m No plugins have been installed. Use the "appium plugin" command to install the one(s) you want to use.
&amp#27;[38;5;0m[HTTP]&amp#27;[0m &amp#27;[37m-->&amp#27;[39m &amp#27;[37mGET&amp#27;[39m &amp#27;[37m/status&amp#27;[39m
&amp#27;[38;5;0m[HTTP]&amp#27;[0m &amp#27;[90m{}&amp#27;[39m
[debug] &amp#27;[38;5;16m[AppiumDriver@22cd]&amp#27;[0m Calling AppiumDriver.getStatus() with args: []
[debug] &amp#27;[38;5;16m[AppiumDriver@22cd]&amp#27;[0m Responding to client with driver.getStatus() result: {"build":{"version":"2.0.0-beta.58"}}
&amp#27;[38;5;0m[HTTP]&amp#27;[0m &amp#27;[37m<-- GET /status &amp#27;[39m&amp#27;[32m200&amp#27;[39m &amp#27;[90m6 ms - 47&amp#27;[39m
&amp#27;[38;5;0m[HTTP]&amp#27;[0m &amp#27;[90m&amp#27;[39m
http://0.0.0.0:4723/
soucelab.apk
D:\Appium_workspace\SouceLab\src\test\resources\APP\Android\soucelab.apk
[debug] &amp#27;[38;5;0m[HTTP]&amp#27;[0m Request idempotency key: 7d4e96b1-bc09-4bc7-afaf-c5d2ef7c290c
&amp#27;[38;5;0m[HTTP]&amp#27;[0m &amp#27;[37m-->&amp#27;[39m &amp#27;[37mPOST&amp#27;[39m &amp#27;[37m/session&amp#27;[39m
&amp#27;[38;5;0m[HTTP]&amp#27;[0m &amp#27;[90m{"capabilities":{"firstMatch":[{}],"alwaysMatch":{"appium:app":"D:\\Appium_workspace\\SouceLab\\src\\test\\resources\\APP\\Android\\soucelab.apk","appium:appWaitActivity":"com.swaglabsmobileapp.MainActivity","appium:autoGrantPermissions":"true","appium:automationName":"UIAutomator2","appium:deviceName":"androidEmulator","appium:newCommandTimeout":200000,"appium:noReset":false,"appium:udid":"emulator-5554","platformName":"android"}}}&amp#27;[39m
[debug] &amp#27;[38;5;16m[AppiumDriver@22cd]&amp#27;[0m Calling AppiumDriver.createSession() with args: [null,null,{"firstMatch":[{}],"alwaysMatch":{"appium:app":"D:\\Appium_workspace\\SouceLab\\src\\test\\resources\\APP\\Android\\soucelab.apk","appium:appWaitActivity":"com.swaglabsmobileapp.MainActivity","appium:autoGrantPermissions":"true","appium:automationName":"UIAutomator2","appium:deviceName":"androidEmulator","appium:newCommandTimeout":200000,"appium:noReset":false,"appium:udid":"emulator-5554","platformName":"android"}}]
[debug] &amp#27;[38;5;16m[AppiumDriver@22cd]&amp#27;[0m Event 'newSessionRequested' logged at 1682561965656 (07:49:25 GMT+0530 (India Standard Time))
&amp#27;[35m[Appium]&amp#27;[39m Attempting to find matching driver for automationName 'UIAutomator2' and platformName 'android'
&amp#27;[35m[Appium]&amp#27;[39m The 'uiautomator2' driver was installed and matched caps.
&amp#27;[35m[Appium]&amp#27;[39m Will require it at C:\Users\gokul\.appium\node_modules\appium-uiautomator2-driver
[debug] &amp#27;[35m[Appium]&amp#27;[39m Requiring driver at C:\Users\gokul\.appium\node_modules\appium-uiautomator2-driver
&amp#27;[38;5;16m[AppiumDriver@22cd]&amp#27;[0m Appium v2.0.0-beta.58 creating new AndroidUiautomator2Driver (v2.12.7) session
&amp#27;[38;5;16m[AppiumDriver@22cd]&amp#27;[0m Checking BaseDriver versions for Appium and AndroidUiautomator2Driver
&amp#27;[38;5;16m[AppiumDriver@22cd]&amp#27;[0m Appium's BaseDriver version is 9.3.4
&amp#27;[38;5;16m[AppiumDriver@22cd]&amp#27;[0m AndroidUiautomator2Driver's BaseDriver version is 9.3.4
[debug] &amp#27;[38;5;32m[AndroidUiautomator2Driver@5ad4]&amp#27;[0m Creating session with W3C capabilities: {
[debug] &amp#27;[38;5;32m[AndroidUiautomator2Driver@5ad4]&amp#27;[0m   "alwaysMatch": {
[debug] &amp#27;[38;5;32m[AndroidUiautomator2Driver@5ad4]&amp#27;[0m     "platformName": "android",
[debug] &amp#27;[38;5;32m[AndroidUiautomator2Driver@5ad4]&amp#27;[0m     "appium:app": "D:\\Appium_workspace\\SouceLab\\src\\test\\resources\\APP\\Android\\soucelab.apk",
[debug] &amp#27;[38;5;32m[AndroidUiautomator2Driver@5ad4]&amp#27;[0m     "appium:appWaitActivity": "com.swaglabsmobileapp.MainActivity",
[debug] &amp#27;[38;5;32m[AndroidUiautomator2Driver@5ad4]&amp#27;[0m     "appium:autoGrantPermissions": "true",
[debug] &amp#27;[38;5;32m[AndroidUiautomator2Driver@5ad4]&amp#27;[0m     "appium:automationName": "UIAutomator2",
[debug] &amp#27;[38;5;32m[AndroidUiautomator2Driver@5ad4]&amp#27;[0m     "appium:deviceName": "androidEmulator",
[debug] &amp#27;[38;5;32m[AndroidUiautomator2Driver@5ad4]&amp#27;[0m     "appium:newCommandTimeout": 200000,
[debug] &amp#27;[38;5;32m[AndroidUiautomator2Driver@5ad4]&amp#27;[0m     "appium:noReset": false,
[debug] &amp#27;[38;5;32m[AndroidUiautomator2Driver@5ad4]&amp#27;[0m     "appium:udid": "emulator-5554"
[debug] &amp#27;[38;5;32m[AndroidUiautomator2Driver@5ad4]&amp#27;[0m   },
[debug] &amp#27;[38;5;32m[AndroidUiautomator2Driver@5ad4]&amp#27;[0m   "firstMatch": [
[debug] &amp#27;[38;5;32m[AndroidUiautomator2Driver@5ad4]&amp#27;[0m     {}
[debug] &amp#27;[38;5;32m[AndroidUiautomator2Driver@5ad4]&amp#27;[0m   ]
[debug] &amp#27;[38;5;32m[AndroidUiautomator2Driver@5ad4]&amp#27;[0m }
&amp#27;[38;5;32m[AndroidUiautomator2Driver@5ad4]&amp#27;[0m Capability 'autoGrantPermissions' changed from string to boolean. This may cause unexpected behavior
&amp#27;[38;5;32m[AndroidUiautomator2Driver@5ad4 (b95e9987)]&amp#27;[0m Session created with session id: b95e9987-ce00-4859-b89c-33a2d94ca077
&amp#27;[38;5;48m[BaseDriver]&amp#27;[0m Using local app 'D:\Appium_workspace\SouceLab\src\test\resources\APP\Android\soucelab.apk'
[debug] &amp#27;[38;5;32m[AndroidUiautomator2Driver@5ad4 (b95e9987)]&amp#27;[0m Checking whether app is actually present
&amp#27;[38;5;64m[ADB]&amp#27;[0m Found 2 'build-tools' folders under 'C:\Users\gokul\AppData\Local\Android\Sdk' (newest first):
&amp#27;[38;5;64m[ADB]&amp#27;[0m     C:/Users/gokul/AppData/Local/Android/Sdk/build-tools/33.0.1
&amp#27;[38;5;64m[ADB]&amp#27;[0m     C:/Users/gokul/AppData/Local/Android/Sdk/build-tools/30.0.3
&amp#27;[38;5;64m[ADB]&amp#27;[0m Using 'adb.exe' from 'C:\Users\gokul\AppData\Local\Android\Sdk\platform-tools\adb.exe'
[debug] &amp#27;[38;5;64m[ADB]&amp#27;[0m Running 'C:\Users\gokul\AppData\Local\Android\Sdk\platform-tools\adb.exe -P 5037 start-server'
&amp#27;[38;5;80m[AndroidDriver]&amp#27;[0m Retrieving device list
[debug] &amp#27;[38;5;64m[ADB]&amp#27;[0m Trying to find a connected android device
[debug] &amp#27;[38;5;64m[ADB]&amp#27;[0m Getting connected devices
[debug] &amp#27;[38;5;64m[ADB]&amp#27;[0m Connected devices: [{"udid":"emulator-5554","state":"device"}]
&amp#27;[38;5;80m[AndroidDriver]&amp#27;[0m Using device: emulator-5554
&amp#27;[38;5;64m[ADB]&amp#27;[0m Using 'adb.exe' from 'C:\Users\gokul\AppData\Local\Android\Sdk\platform-tools\adb.exe'
[debug] &amp#27;[38;5;64m[ADB]&amp#27;[0m Running 'C:\Users\gokul\AppData\Local\Android\Sdk\platform-tools\adb.exe -P 5037 start-server'
[debug] &amp#27;[38;5;64m[ADB]&amp#27;[0m Setting device id to emulator-5554
[debug] &amp#27;[38;5;64m[ADB]&amp#27;[0m Running 'C:\Users\gokul\AppData\Local\Android\Sdk\platform-tools\adb.exe -P 5037 -s emulator-5554 shell getprop ro.build.version.sdk'
[debug] &amp#27;[38;5;64m[ADB]&amp#27;[0m Current device property 'ro.build.version.sdk': 32
&amp#27;[38;5;64m[ADB]&amp#27;[0m Getting device platform version
[debug] &amp#27;[38;5;64m[ADB]&amp#27;[0m Running 'C:\Users\gokul\AppData\Local\Android\Sdk\platform-tools\adb.exe -P 5037 -s emulator-5554 shell getprop ro.build.version.release'
[debug] &amp#27;[38;5;64m[ADB]&amp#27;[0m Current device property 'ro.build.version.release': 12
[debug] &amp#27;[38;5;64m[ADB]&amp#27;[0m Device API level: 32
&amp#27;[38;5;32m[AndroidUiautomator2Driver@5ad4 (b95e9987)]&amp#27;[0m Relaxing hidden api policy
[debug] &amp#27;[38;5;64m[ADB]&amp#27;[0m Running 'C:\Users\gokul\AppData\Local\Android\Sdk\platform-tools\adb.exe -P 5037 -s emulator-5554 shell 'settings put global hidden_api_policy_pre_p_apps 1;settings put global hidden_api_policy_p_apps 1;settings put global hidden_api_policy 1''
[debug] &amp#27;[38;5;80m[AndroidDriver]&amp#27;[0m Parsing package and activity from app manifest
&amp#27;[38;5;64m[ADB]&amp#27;[0m Package name: 'com.swaglabsmobileapp'
&amp#27;[38;5;64m[ADB]&amp#27;[0m Main activity name: 'com.swaglabsmobileapp.SplashActivity'
[debug] &amp#27;[38;5;80m[AndroidDriver]&amp#27;[0m Parsed package and activity are: com.swaglabsmobileapp/com.swaglabsmobileapp.SplashActivity
[debug] &amp#27;[38;5;64m[ADB]&amp#27;[0m Running 'C:\Users\gokul\AppData\Local\Android\Sdk\platform-tools\adb.exe -P 5037 -s emulator-5554 wait-for-device'
[debug] &amp#27;[38;5;64m[ADB]&amp#27;[0m Running 'C:\Users\gokul\AppData\Local\Android\Sdk\platform-tools\adb.exe -P 5037 -s emulator-5554 shell echo ping'
[debug] &amp#27;[38;5;80m[AndroidDriver]&amp#27;[0m Pushing settings apk to device...
[debug] &amp#27;[38;5;64m[ADB]&amp#27;[0m Getting install status for io.appium.settings
[debug] &amp#27;[38;5;64m[ADB]&amp#27;[0m Running 'C:\Users\gokul\AppData\Local\Android\Sdk\platform-tools\adb.exe -P 5037 -s emulator-5554 shell dumpsys package io.appium.settings'
[debug] &amp#27;[38;5;64m[ADB]&amp#27;[0m 'io.appium.settings' is installed
[debug] &amp#27;[38;5;64m[ADB]&amp#27;[0m Getting package info for 'io.appium.settings'
[debug] &amp#27;[38;5;64m[ADB]&amp#27;[0m Running 'C:\Users\gokul\AppData\Local\Android\Sdk\platform-tools\adb.exe -P 5037 -s emulator-5554 shell dumpsys package io.appium.settings'
[debug] &amp#27;[38;5;64m[ADB]&amp#27;[0m The version name of the installed 'io.appium.settings' is greater or equal to the application version name ('5.0.3' >= '5.0.3')
[debug] &amp#27;[38;5;64m[ADB]&amp#27;[0m There is no need to install/upgrade 'C:\Users\gokul\.appium\node_modules\appium-uiautomator2-driver\node_modules\io.appium.settings\apks\settings_apk-debug.apk'
[debug] &amp#27;[38;5;64m[ADB]&amp#27;[0m Getting IDs of all 'io.appium.settings' processes
[debug] &amp#27;[38;5;64m[ADB]&amp#27;[0m Running 'C:\Users\gokul\AppData\Local\Android\Sdk\platform-tools\adb.exe -P 5037 -s emulator-5554 shell 'pgrep --help; echo $?''
[debug] &amp#27;[38;5;64m[ADB]&amp#27;[0m Running 'C:\Users\gokul\AppData\Local\Android\Sdk\platform-tools\adb.exe -P 5037 -s emulator-5554 shell pgrep -f \(\[\[:blank:\]\]\|\^\)io\.appium\.settings\(\[\[:blank:\]\]\|\$\)'
[debug] &amp#27;[38;5;80m[AndroidDriver]&amp#27;[0m io.appium.settings is already running. There is no need to reset its permissions.
[debug] &amp#27;[38;5;96m[Logcat]&amp#27;[0m Starting logs capture with command: C:\\Users\\gokul\\AppData\\Local\\Android\\Sdk\\platform-tools\\adb.exe -P 5037 -s emulator-5554 logcat -v threadtime
[debug] &amp#27;[38;5;32m[AndroidUiautomator2Driver@5ad4 (b95e9987)]&amp#27;[0m Forwarding UiAutomator2 Server port 6790 to local port 8200
[debug] &amp#27;[38;5;64m[ADB]&amp#27;[0m Forwarding system: 8200 to device: 6790
[debug] &amp#27;[38;5;64m[ADB]&amp#27;[0m Running 'C:\Users\gokul\AppData\Local\Android\Sdk\platform-tools\adb.exe -P 5037 -s emulator-5554 forward tcp:8200 tcp:6790'
[debug] &amp#27;[38;5;64m[ADB]&amp#27;[0m Getting install status for io.appium.uiautomator2.server
[debug] &amp#27;[38;5;64m[ADB]&amp#27;[0m Running 'C:\Users\gokul\AppData\Local\Android\Sdk\platform-tools\adb.exe -P 5037 -s emulator-5554 shell dumpsys package io.appium.uiautomator2.server'
[debug] &amp#27;[38;5;64m[ADB]&amp#27;[0m 'io.appium.uiautomator2.server' is installed
[debug] &amp#27;[38;5;64m[ADB]&amp#27;[0m Getting package info for 'io.appium.uiautomator2.server'
[debug] &amp#27;[38;5;64m[ADB]&amp#27;[0m Running 'C:\Users\gokul\AppData\Local\Android\Sdk\platform-tools\adb.exe -P 5037 -s emulator-5554 shell dumpsys package io.appium.uiautomator2.server'
[debug] &amp#27;[38;5;64m[ADB]&amp#27;[0m The version name of the installed 'io.appium.uiautomator2.server' is greater or equal to the application version name ('5.8.0' >= '5.8.0')
[debug] &amp#27;[38;5;32m[AndroidUiautomator2Driver@5ad4 (b95e9987)]&amp#27;[0m io.appium.uiautomator2.server installation state: sameVersionInstalled
[debug] &amp#27;[38;5;64m[ADB]&amp#27;[0m Checking app cert for C:\Users\gokul\.appium\node_modules\appium-uiautomator2-driver\node_modules\appium-uiautomator2-server\apks\appium-uiautomator2-server-v5.8.0.apk
&amp#27;[38;5;64m[ADB]&amp#27;[0m Using 'apksigner.jar' from 'C:\Users\gokul\AppData\Local\Android\Sdk\build-tools\33.0.1\lib\apksigner.jar'
[debug] &amp#27;[38;5;64m[ADB]&amp#27;[0m Starting apksigner: 'C:\\Program Files\\Java\\jdk-15.0.2\\bin\\java.exe' -Xmx1024M -Xss1m -jar C:\\Users\\gokul\\AppData\\Local\\Android\\Sdk\\build-tools\\33.0.1\\lib\\apksigner.jar verify --print-certs C:\\Users\\gokul\\.appium\\node_modules\\appium-uiautomator2-driver\\node_modules\\appium-uiautomator2-server\\apks\\appium-uiautomator2-server-v5.8.0.apk
[debug] &amp#27;[38;5;64m[ADB]&amp#27;[0m apksigner stdout: Signer #1 certificate DN: EMAILADDRESS=android@android.com, CN=Android, OU=Android, O=Android, L=Mountain View, ST=California, C=US
[debug] &amp#27;[38;5;64m[ADB]&amp#27;[0m Signer #1 certificate SHA-256 digest: a40da80a59d170caa950cf15c18c454d47a39b26989d8b640ecd745ba71bf5dc
[debug] &amp#27;[38;5;64m[ADB]&amp#27;[0m Signer #1 certificate SHA-1 digest: 61ed377e85d386a8dfee6b864bd85b0bfaa5af81
[debug] &amp#27;[38;5;64m[ADB]&amp#27;[0m Signer #1 certificate MD5 digest: e89b158e4bcf988ebd09eb83f5378e87
[debug] &amp#27;[38;5;64m[ADB]&amp#27;[0m 
[debug] &amp#27;[38;5;64m[ADB]&amp#27;[0m sha256 hash did match for 'appium-uiautomator2-server-v5.8.0.apk'
&amp#27;[38;5;64m[ADB]&amp#27;[0m 'C:\Users\gokul\.appium\node_modules\appium-uiautomator2-driver\node_modules\appium-uiautomator2-server\apks\appium-uiautomator2-server-v5.8.0.apk' is signed with the default certificate
[debug] &amp#27;[38;5;64m[ADB]&amp#27;[0m Getting install status for io.appium.uiautomator2.server.test
[debug] &amp#27;[38;5;64m[ADB]&amp#27;[0m Running 'C:\Users\gokul\AppData\Local\Android\Sdk\platform-tools\adb.exe -P 5037 -s emulator-5554 shell dumpsys package io.appium.uiautomator2.server.test'
[debug] &amp#27;[38;5;64m[ADB]&amp#27;[0m 'io.appium.uiautomator2.server.test' is installed
[debug] &amp#27;[38;5;64m[ADB]&amp#27;[0m Checking app cert for C:\Users\gokul\.appium\node_modules\appium-uiautomator2-driver\node_modules\appium-uiautomator2-server\apks\appium-uiautomator2-server-debug-androidTest.apk
[debug] &amp#27;[38;5;64m[ADB]&amp#27;[0m Starting apksigner: 'C:\\Program Files\\Java\\jdk-15.0.2\\bin\\java.exe' -Xmx1024M -Xss1m -jar C:\\Users\\gokul\\AppData\\Local\\Android\\Sdk\\build-tools\\33.0.1\\lib\\apksigner.jar verify --print-certs C:\\Users\\gokul\\.appium\\node_modules\\appium-uiautomator2-driver\\node_modules\\appium-uiautomator2-server\\apks\\appium-uiautomator2-server-debug-androidTest.apk
[debug] &amp#27;[38;5;64m[ADB]&amp#27;[0m apksigner stdout: Signer #1 certificate DN: EMAILADDRESS=android@android.com, CN=Android, OU=Android, O=Android, L=Mountain View, ST=California, C=US
[debug] &amp#27;[38;5;64m[ADB]&amp#27;[0m Signer #1 certificate SHA-256 digest: a40da80a59d170caa950cf15c18c454d47a39b26989d8b640ecd745ba71bf5dc
[debug] &amp#27;[38;5;64m[ADB]&amp#27;[0m Signer #1 certificate SHA-1 digest: 61ed377e85d386a8dfee6b864bd85b0bfaa5af81
[debug] &amp#27;[38;5;64m[ADB]&amp#27;[0m Signer #1 certificate MD5 digest: e89b158e4bcf988ebd09eb83f5378e87
[debug] &amp#27;[38;5;64m[ADB]&amp#27;[0m 
[debug] &amp#27;[38;5;64m[ADB]&amp#27;[0m sha256 hash did match for 'appium-uiautomator2-server-debug-androidTest.apk'
&amp#27;[38;5;64m[ADB]&amp#27;[0m 'C:\Users\gokul\.appium\node_modules\appium-uiautomator2-driver\node_modules\appium-uiautomator2-server\apks\appium-uiautomator2-server-debug-androidTest.apk' is signed with the default certificate
&amp#27;[38;5;32m[AndroidUiautomator2Driver@5ad4 (b95e9987)]&amp#27;[0m Server packages are not going to be (re)installed
[debug] &amp#27;[38;5;32m[AndroidUiautomator2Driver@5ad4 (b95e9987)]&amp#27;[0m Waiting up to 30000ms for services to be available
[debug] &amp#27;[38;5;64m[ADB]&amp#27;[0m Running 'C:\Users\gokul\AppData\Local\Android\Sdk\platform-tools\adb.exe -P 5037 -s emulator-5554 shell pm list instrumentation'
[debug] &amp#27;[38;5;32m[AndroidUiautomator2Driver@5ad4 (b95e9987)]&amp#27;[0m Instrumentation target 'io.appium.uiautomator2.server.test/androidx.test.runner.AndroidJUnitRunner' is available
&amp#27;[38;5;64m[ADB]&amp#27;[0m Adding packages ["io.appium.settings","io.appium.uiautomator2.server","io.appium.uiautomator2.server.test"] to Doze whitelist
[debug] &amp#27;[38;5;64m[ADB]&amp#27;[0m Got the following command chunks to execute: [["dumpsys","deviceidle","whitelist","+io.appium.settings",";","dumpsys","deviceidle","whitelist","+io.appium.uiautomator2.server",";","dumpsys","deviceidle","whitelist","+io.appium.uiautomator2.server.test",";"]]
[debug] &amp#27;[38;5;64m[ADB]&amp#27;[0m Running 'C:\Users\gokul\AppData\Local\Android\Sdk\platform-tools\adb.exe -P 5037 -s emulator-5554 shell dumpsys deviceidle whitelist +io.appium.settings ; dumpsys deviceidle whitelist +io.appium.uiautomator2.server ; dumpsys deviceidle whitelist +io.appium.uiautomator2.server.test ;'
[debug] &amp#27;[38;5;64m[ADB]&amp#27;[0m Checking app cert for D:\Appium_workspace\SouceLab\src\test\resources\APP\Android\soucelab.apk
[debug] &amp#27;[38;5;64m[ADB]&amp#27;[0m Starting apksigner: 'C:\\Program Files\\Java\\jdk-15.0.2\\bin\\java.exe' -Xmx1024M -Xss1m -jar C:\\Users\\gokul\\AppData\\Local\\Android\\Sdk\\build-tools\\33.0.1\\lib\\apksigner.jar verify --print-certs D:\\Appium_workspace\\SouceLab\\src\\test\\resources\\APP\\Android\\soucelab.apk
[debug] &amp#27;[38;5;64m[ADB]&amp#27;[0m apksigner stdout: Signer #1 certificate DN: CN=wswebcreation, OU=sample-app, O=Sauce Labs, L=San Francisco, ST=California, C=CA
[debug] &amp#27;[38;5;64m[ADB]&amp#27;[0m Signer #1 certificate SHA-256 digest: 24fd76156cde9748f50e68dbdafde6498ec4beaa41316438d06ffdde41ce7a3d
[debug] &amp#27;[38;5;64m[ADB]&amp#27;[0m Signer #1 certificate SHA-1 digest: 2a1a91b5b813edbd94986bffb8398349b9b504e0
[debug] &amp#27;[38;5;64m[ADB]&amp#27;[0m Signer #1 certificate MD5 digest: ac89c8eda61ba1f13ee22bae56d13abc
[debug] &amp#27;[38;5;64m[ADB]&amp#27;[0m 
&amp#27;[38;5;64m[ADB]&amp#27;[0m 'D:\Appium_workspace\SouceLab\src\test\resources\APP\Android\soucelab.apk' is signed with a non-default certificate
[debug] &amp#27;[38;5;64m[ADB]&amp#27;[0m Getting install status for com.swaglabsmobileapp
[debug] &amp#27;[38;5;64m[ADB]&amp#27;[0m Running 'C:\Users\gokul\AppData\Local\Android\Sdk\platform-tools\adb.exe -P 5037 -s emulator-5554 shell dumpsys package com.swaglabsmobileapp'
[debug] &amp#27;[38;5;64m[ADB]&amp#27;[0m 'com.swaglabsmobileapp' is installed
[debug] &amp#27;[38;5;64m[ADB]&amp#27;[0m Getting package info for 'com.swaglabsmobileapp'
[debug] &amp#27;[38;5;64m[ADB]&amp#27;[0m Running 'C:\Users\gokul\AppData\Local\Android\Sdk\platform-tools\adb.exe -P 5037 -s emulator-5554 shell dumpsys package com.swaglabsmobileapp'
[debug] &amp#27;[38;5;64m[ADB]&amp#27;[0m The version name of the installed 'com.swaglabsmobileapp' is greater or equal to the application version name ('2.7.1' >= '2.7.1')
[debug] &amp#27;[38;5;64m[ADB]&amp#27;[0m There is no need to install/upgrade 'D:\Appium_workspace\SouceLab\src\test\resources\APP\Android\soucelab.apk'
&amp#27;[38;5;80m[AndroidDriver]&amp#27;[0m Performing fast reset on 'com.swaglabsmobileapp'
[debug] &amp#27;[38;5;64m[ADB]&amp#27;[0m Getting install status for com.swaglabsmobileapp
[debug] &amp#27;[38;5;64m[ADB]&amp#27;[0m Running 'C:\Users\gokul\AppData\Local\Android\Sdk\platform-tools\adb.exe -P 5037 -s emulator-5554 shell dumpsys package com.swaglabsmobileapp'
[debug] &amp#27;[38;5;64m[ADB]&amp#27;[0m 'com.swaglabsmobileapp' is installed
[debug] &amp#27;[38;5;64m[ADB]&amp#27;[0m Running 'C:\Users\gokul\AppData\Local\Android\Sdk\platform-tools\adb.exe -P 5037 -s emulator-5554 shell am force-stop com.swaglabsmobileapp'
[debug] &amp#27;[38;5;64m[ADB]&amp#27;[0m Running 'C:\Users\gokul\AppData\Local\Android\Sdk\platform-tools\adb.exe -P 5037 -s emulator-5554 shell pm clear com.swaglabsmobileapp'
[debug] &amp#27;[38;5;64m[ADB]&amp#27;[0m Running 'C:\Users\gokul\AppData\Local\Android\Sdk\platform-tools\adb.exe -P 5037 -s emulator-5554 shell dumpsys package com.swaglabsmobileapp'
[debug] &amp#27;[38;5;64m[ADB]&amp#27;[0m Retrieving requested permissions
[debug] &amp#27;[38;5;64m[ADB]&amp#27;[0m Retrieved 28 permissions from requested group
[debug] &amp#27;[38;5;64m[ADB]&amp#27;[0m Retrieving granted permissions
[debug] &amp#27;[38;5;64m[ADB]&amp#27;[0m Retrieved 7 permissions from install,runtime groups
[debug] &amp#27;[38;5;64m[ADB]&amp#27;[0m Granting permissions ["android.permission.CAMERA","android.permission.ACCESS_COARSE_LOCATION","android.permission.ACCESS_FINE_LOCATION","android.permission.WRITE_EXTERNAL_STORAGE","android.permission.READ_EXTERNAL_STORAGE","android.permission.ACCESS_BACKGROUND_LOCATION","android.permission.ACCESS_MEDIA_LOCATION","android.permission.ACCESS_FINE_LOCATION","android.permission.READ_EXTERNAL_STORAGE","android.permission.ACCESS_COARSE_LOCATION","android.permission.CAMERA","android.permission.WRITE_EXTERNAL_STORAGE","android.permission.ACCESS_BACKGROUND_LOCATION","android.permission.ACCESS_MEDIA_LOCATION"] to 'com.swaglabsmobileapp'
[debug] &amp#27;[38;5;64m[ADB]&amp#27;[0m Got the following command chunks to execute: [["pm","grant","com.swaglabsmobileapp","android.permission.CAMERA",";","pm","grant","com.swaglabsmobileapp","android.permission.ACCESS_COARSE_LOCATION",";","pm","grant","com.swaglabsmobileapp","android.permission.ACCESS_FINE_LOCATION",";","pm","grant","com.swaglabsmobileapp","android.permission.WRITE_EXTERNAL_STORAGE",";","pm","grant","com.swaglabsmobileapp","android.permission.READ_EXTERNAL_STORAGE",";","pm","grant","com.swaglabsmobileapp","android.permission.ACCESS_BACKGROUND_LOCATION",";","pm","grant","com.swaglabsmobileapp","android.permission.ACCESS_MEDIA_LOCATION",";","pm","grant","com.swaglabsmobileapp","android.permission.ACCESS_FINE_LOCATION",";","pm","grant","com.swaglabsmobileapp","android.permission.READ_EXTERNAL_STORAGE",";","pm","grant","com.swaglabsmobileapp","android.permission.ACCESS_COARSE_LOCATION",";","pm","grant","com.swaglabsmobileapp","android.permission.CAMERA",";","pm","grant","com.swaglabsmobileapp","android.permission.WRITE_EXTERNAL_STORAGE",";","pm","grant","com.swaglabsmobileapp","android.permission.ACCESS_BACKGROUND_LOCATION",";"],["pm","grant","com.swaglabsmobileapp","android.permission.ACCESS_MEDIA_LOCATION",";"]]
[debug] &amp#27;[38;5;64m[ADB]&amp#27;[0m Running 'C:\Users\gokul\AppData\Local\Android\Sdk\platform-tools\adb.exe -P 5037 -s emulator-5554 shell pm grant com.swaglabsmobileapp android.permission.CAMERA ; pm grant com.swaglabsmobileapp android.permission.ACCESS_COARSE_LOCATION ; pm grant com.swaglabsmobileapp android.permission.ACCESS_FINE_LOCATION ; pm grant com.swaglabsmobileapp android.permission.WRITE_EXTERNAL_STORAGE ; pm grant com.swaglabsmobileapp android.permission.READ_EXTERNAL_STORAGE ; pm grant com.swaglabsmobileapp android.permission.ACCESS_BACKGROUND_LOCATION ; pm grant com.swaglabsmobileapp android.permission.ACCESS_MEDIA_LOCATION ; pm grant com.swaglabsmobileapp android.permission.ACCESS_FINE_LOCATION ; pm grant com.swaglabsmobileapp android.permission.READ_EXTERNAL_STORAGE ; pm grant com.swaglabsmobileapp android.permission.ACCESS_COARSE_LOCATION ; pm grant com.swaglabsmobileapp android.permission.CAMERA ; pm grant com.swaglabsmobileapp android.permission.WRITE_EXTERNAL_STORAGE ; pm grant com.swaglabsmobileapp android.permission.ACCESS_BACKGROUND_LOCATION ;'
[debug] &amp#27;[38;5;64m[ADB]&amp#27;[0m Running 'C:\Users\gokul\AppData\Local\Android\Sdk\platform-tools\adb.exe -P 5037 -s emulator-5554 shell pm grant com.swaglabsmobileapp android.permission.ACCESS_MEDIA_LOCATION ;'
[debug] &amp#27;[38;5;80m[AndroidDriver]&amp#27;[0m Performed fast reset on the installed 'com.swaglabsmobileapp' application (stop and clear)
[debug] &amp#27;[38;5;32m[AndroidUiautomator2Driver@5ad4 (b95e9987)]&amp#27;[0m Performing shallow cleanup of automation leftovers
[debug] &amp#27;[38;5;32m[AndroidUiautomator2Driver@5ad4 (b95e9987)]&amp#27;[0m No obsolete sessions have been detected (socket hang up)
[debug] &amp#27;[38;5;64m[ADB]&amp#27;[0m Running 'C:\Users\gokul\AppData\Local\Android\Sdk\platform-tools\adb.exe -P 5037 -s emulator-5554 shell am force-stop io.appium.uiautomator2.server.test'
&amp#27;[38;5;32m[AndroidUiautomator2Driver@5ad4 (b95e9987)]&amp#27;[0m Starting UIAutomator2 server 5.8.0
&amp#27;[38;5;32m[AndroidUiautomator2Driver@5ad4 (b95e9987)]&amp#27;[0m Using UIAutomator2 server from 'C:\Users\gokul\.appium\node_modules\appium-uiautomator2-driver\node_modules\appium-uiautomator2-server\apks\appium-uiautomator2-server-v5.8.0.apk' and test from 'C:\Users\gokul\.appium\node_modules\appium-uiautomator2-driver\node_modules\appium-uiautomator2-server\apks\appium-uiautomator2-server-debug-androidTest.apk'
&amp#27;[38;5;32m[AndroidUiautomator2Driver@5ad4 (b95e9987)]&amp#27;[0m Waiting up to 30000ms for UiAutomator2 to be online...
[debug] &amp#27;[38;5;64m[ADB]&amp#27;[0m Creating ADB subprocess with args: ["-P",5037,"-s","emulator-5554","shell","am","instrument","-w","-e","disableAnalytics",true,"io.appium.uiautomator2.server.test/androidx.test.runner.AndroidJUnitRunner"]
[debug] &amp#27;[38;5;32m[AndroidUiautomator2Driver@5ad4 (b95e9987)]&amp#27;[0m Matched '/status' to command name 'getStatus'
[debug] &amp#27;[38;5;32m[AndroidUiautomator2Driver@5ad4 (b95e9987)]&amp#27;[0m Proxying [GET /status] to [GET http://127.0.0.1:8200/status] with no body
&amp#27;[38;5;32m[AndroidUiautomator2Driver@5ad4 (b95e9987)]&amp#27;[0m socket hang up
[debug] &amp#27;[38;5;112m[Instrumentation]&amp#27;[0m io.appium.uiautomator2.server.test.AppiumUiAutomator2Server:
[debug] &amp#27;[38;5;32m[AndroidUiautomator2Driver@5ad4 (b95e9987)]&amp#27;[0m Matched '/status' to command name 'getStatus'
[debug] &amp#27;[38;5;32m[AndroidUiautomator2Driver@5ad4 (b95e9987)]&amp#27;[0m Proxying [GET /status] to [GET http://127.0.0.1:8200/status] with no body
&amp#27;[38;5;32m[AndroidUiautomator2Driver@5ad4 (b95e9987)]&amp#27;[0m socket hang up
[debug] &amp#27;[38;5;32m[AndroidUiautomator2Driver@5ad4 (b95e9987)]&amp#27;[0m Matched '/status' to command name 'getStatus'
[debug] &amp#27;[38;5;32m[AndroidUiautomator2Driver@5ad4 (b95e9987)]&amp#27;[0m Proxying [GET /status] to [GET http://127.0.0.1:8200/status] with no body
[debug] &amp#27;[38;5;32m[AndroidUiautomator2Driver@5ad4 (b95e9987)]&amp#27;[0m Got response with status 200: {"sessionId":"None","value":{"message":"UiAutomator2 Server is ready to accept commands","ready":true}}
[debug] &amp#27;[38;5;32m[AndroidUiautomator2Driver@5ad4 (b95e9987)]&amp#27;[0m The initialization of the instrumentation process took 2157ms
[debug] &amp#27;[38;5;32m[AndroidUiautomator2Driver@5ad4 (b95e9987)]&amp#27;[0m Matched '/session' to command name 'createSession'
[debug] &amp#27;[38;5;32m[AndroidUiautomator2Driver@5ad4 (b95e9987)]&amp#27;[0m Proxying [POST /session] to [POST http://127.0.0.1:8200/session] with body: {"capabilities":{"firstMatch":[{"platform":"LINUX","webStorageEnabled":false,"takesScreenshot":true,"javascriptEnabled":true,"databaseEnabled":false,"networkConnectionEnabled":true,"locationContextEnabled":false,"warnings":{},"desired":{"platformName":"android","app":"D:\\Appium_workspace\\SouceLab\\src\\test\\resources\\APP\\Android\\soucelab.apk","appWaitActivity":"com.swaglabsmobileapp.MainActivity","autoGrantPermissions":true,"automationName":"UIAutomator2","deviceName":"androidEmulator","newCommandTimeout":200000,"noReset":false,"udid":"emulator-5554"},"platformName":"android","app":"D:\\Appium_workspace\\SouceLab\\src\\test\\resources\\APP\\Android\\soucelab.apk","appWaitActivity":"com.swaglabsmobileapp.MainActivity","autoGrantPermissions":true,"automationName":"UIAutomator2","deviceName":"emulator-5554","newCommandTimeout":200000,"noReset":false,"udid":"emulator-5554","deviceUDID":"emulator-5554","appPackage":"com.swaglabsmobileapp"}],"alwaysMatch":{}}}
[debug] &amp#27;[38;5;32m[AndroidUiautomator2Driver@5ad4 (b95e9987)]&amp#27;[0m Got response with status 200: {"sessionId":"7506ca6f-8dc7-43d5-ad90-b10e9e5f2942","value":{"capabilities":{"firstMatch":[{"platform":"LINUX","webStorageEnabled":false,"takesScreenshot":true,"javascriptEnabled":true,"databaseEnabled":false,"networkConnectionEnabled":true,"locationContextEnabled":false,"warnings":{},"desired":{"platformName":"android","app":"D:\\Appium_workspace\\SouceLab\\src\\test\\resources\\APP\\Android\\soucelab.apk","appWaitActivity":"com.swaglabsmobileapp.MainActivity","autoGrantPermissions":true,"automationName":"UIAutomator2","deviceName":"androidEmulator","newCommandTimeout":200000,"noReset":false,"udid":"emulator-5554"},"platformName":"android","app":"D:\\Appium_workspace\\SouceLab\\src\\test\\resources\\APP\\Android\\soucelab.apk","appWaitActivity":"com.swaglabsmobileapp.MainActivity","autoGrantPermissions":true,"automationName":"UIAutomator2","deviceName":"emulator-5554","newCommandTimeout":200000,"noReset":false,"udid":"emulator-5554","deviceUDID":"emulator-5554","appPackage":"com.swaglabsmobileapp"}],"alwa...
&amp#27;[38;5;32m[AndroidUiautomator2Driver@5ad4 (b95e9987)]&amp#27;[0m Determined the downstream protocol as 'W3C'
[debug] &amp#27;[38;5;32m[AndroidUiautomator2Driver@5ad4 (b95e9987)]&amp#27;[0m Proxying [GET /appium/device/info] to [GET http://127.0.0.1:8200/session/7506ca6f-8dc7-43d5-ad90-b10e9e5f2942/appium/device/info] with no body
[debug] &amp#27;[38;5;32m[AndroidUiautomator2Driver@5ad4 (b95e9987)]&amp#27;[0m Got response with status 200: {"sessionId":"7506ca6f-8dc7-43d5-ad90-b10e9e5f2942","value":{"androidId":"c9e311f862a7bb25","apiVersion":"32","bluetooth":{"state":"ON"},"brand":"google","carrierName":"T-Mobile","displayDensity":420,"locale":"en_US","manufacturer":"Google","model":"sdk_gphone64_x86_64","networks":[{"capabilities":{"SSID":null,"linkDownBandwidthKbps":30000,"linkUpstreamBandwidthKbps":12000,"networkCapabilities":"NET_CAPABILITY_NOT_METERED,NET_CAPABILITY_INTERNET,NET_CAPABILITY_NOT_RESTRICTED,NET_CAPABILITY_TRUSTED,NET_CAPABILITY_NOT_VPN,NET_CAPABILITY_VALIDATED,NET_CAPABILITY_NOT_ROAMING,NET_CAPABILITY_FOREGROUND,NET_CAPABILITY_NOT_CONGESTED,NET_CAPABILITY_NOT_SUSPENDED","signalStrength":-50,"transportTypes":"TRANSPORT_WIFI"},"detailedState":"CONNECTED","extraInfo":"","isAvailable":true,"isConnected":true,"isFailover":false,"isRoaming":false,"state":"CONNECTED","subtype":-1,"subtypeName":"","type":1,"typeName":"WIFI"},{"capabilities":{"SSID":null,"linkDownBandwidthKbps":4300,"linkUpstreamBandwidthKbps":1800,"networkCapabil...
[debug] &amp#27;[38;5;64m[ADB]&amp#27;[0m Running 'C:\Users\gokul\AppData\Local\Android\Sdk\platform-tools\adb.exe -P 5037 -s emulator-5554 shell dumpsys window'
&amp#27;[38;5;80m[AndroidDriver]&amp#27;[0m Screen already unlocked, doing nothing
&amp#27;[38;5;32m[AndroidUiautomator2Driver@5ad4 (b95e9987)]&amp#27;[0m Starting 'com.swaglabsmobileapp/com.swaglabsmobileapp.SplashActivity and waiting for 'com.swaglabsmobileapp/com.swaglabsmobileapp.MainActivity'
[debug] &amp#27;[38;5;64m[ADB]&amp#27;[0m Running 'C:\Users\gokul\AppData\Local\Android\Sdk\platform-tools\adb.exe -P 5037 -s emulator-5554 shell am start -W -n com.swaglabsmobileapp/com.swaglabsmobileapp.SplashActivity -S -a android.intent.action.MAIN -c android.intent.category.LAUNCHER -f 0x10200000'
[debug] &amp#27;[38;5;64m[ADB]&amp#27;[0m Waiting up to 20000ms for activity matching pkg: 'com.swaglabsmobileapp' and activity: 'com.swaglabsmobileapp.MainActivity' to be focused
[debug] &amp#27;[38;5;64m[ADB]&amp#27;[0m Possible activities, to be checked: 'com.swaglabsmobileapp.MainActivity', 'com.swaglabsmobileapp.com.swaglabsmobileapp.MainActivity'
[debug] &amp#27;[38;5;64m[ADB]&amp#27;[0m Getting focused package and activity
[debug] &amp#27;[38;5;64m[ADB]&amp#27;[0m Running 'C:\Users\gokul\AppData\Local\Android\Sdk\platform-tools\adb.exe -P 5037 -s emulator-5554 shell dumpsys window displays'
[debug] &amp#27;[38;5;64m[ADB]&amp#27;[0m Found package: 'com.swaglabsmobileapp' and fully qualified activity name : 'com.swaglabsmobileapp.MainActivity'
[debug] &amp#27;[38;5;32m[AndroidUiautomator2Driver@5ad4 (b95e9987)]&amp#27;[0m Proxying [GET /appium/device/pixel_ratio] to [GET http://127.0.0.1:8200/session/7506ca6f-8dc7-43d5-ad90-b10e9e5f2942/appium/device/pixel_ratio] with no body
[debug] &amp#27;[38;5;32m[AndroidUiautomator2Driver@5ad4 (b95e9987)]&amp#27;[0m Got response with status 200: {"sessionId":"7506ca6f-8dc7-43d5-ad90-b10e9e5f2942","value":2.625}
[debug] &amp#27;[38;5;32m[AndroidUiautomator2Driver@5ad4 (b95e9987)]&amp#27;[0m Matched '/appium/device/system_bars' to command name 'getSystemBars'
[debug] &amp#27;[38;5;32m[AndroidUiautomator2Driver@5ad4 (b95e9987)]&amp#27;[0m Proxying [GET /appium/device/system_bars] to [GET http://127.0.0.1:8200/session/7506ca6f-8dc7-43d5-ad90-b10e9e5f2942/appium/device/system_bars] with no body
[debug] &amp#27;[38;5;32m[AndroidUiautomator2Driver@5ad4 (b95e9987)]&amp#27;[0m Got response with status 200: {"sessionId":"7506ca6f-8dc7-43d5-ad90-b10e9e5f2942","value":{"statusBar":63}}
[debug] &amp#27;[38;5;32m[AndroidUiautomator2Driver@5ad4 (b95e9987)]&amp#27;[0m Matched '/window/current/size' to command name 'getWindowSize'
[debug] &amp#27;[38;5;32m[AndroidUiautomator2Driver@5ad4 (b95e9987)]&amp#27;[0m Proxying [GET /window/current/size] to [GET http://127.0.0.1:8200/session/7506ca6f-8dc7-43d5-ad90-b10e9e5f2942/window/current/size] with no body
[debug] &amp#27;[38;5;32m[AndroidUiautomator2Driver@5ad4 (b95e9987)]&amp#27;[0m Got response with status 200: {"sessionId":"7506ca6f-8dc7-43d5-ad90-b10e9e5f2942","value":{"height":2358,"width":1080}}
&amp#27;[38;5;16m[AppiumDriver@22cd]&amp#27;[0m New AndroidUiautomator2Driver session created successfully, session b95e9987-ce00-4859-b89c-33a2d94ca077 added to master session list
[debug] &amp#27;[38;5;16m[AppiumDriver@22cd]&amp#27;[0m Event 'newSessionStarted' logged at 1682561975238 (07:49:35 GMT+0530 (India Standard Time))
[debug] &amp#27;[38;5;32m[AndroidUiautomator2Driver@5ad4 (b95e9987)]&amp#27;[0m Cached the protocol value 'W3C' for the new session b95e9987-ce00-4859-b89c-33a2d94ca077
[debug] &amp#27;[38;5;32m[AndroidUiautomator2Driver@5ad4 (b95e9987)]&amp#27;[0m Responding to client with driver.createSession() result: {"capabilities":{"platform":"LINUX","webStorageEnabled":false,"takesScreenshot":true,"javascriptEnabled":true,"databaseEnabled":false,"networkConnectionEnabled":true,"locationContextEnabled":false,"warnings":{},"desired":{"platformName":"android","app":"D:\\Appium_workspace\\SouceLab\\src\\test\\resources\\APP\\Android\\soucelab.apk","appWaitActivity":"com.swaglabsmobileapp.MainActivity","autoGrantPermissions":true,"automationName":"UIAutomator2","deviceName":"androidEmulator","newCommandTimeout":200000,"noReset":false,"udid":"emulator-5554"},"platformName":"android","app":"D:\\Appium_workspace\\SouceLab\\src\\test\\resources\\APP\\Android\\soucelab.apk","appWaitActivity":"com.swaglabsmobileapp.MainActivity","autoGrantPermissions":true,"automationName":"UIAutomator2","deviceName":"emulator-5554","newCommandTimeout":200000,"noReset":false,"udid":"emulator-5554","deviceUDID":"emulator-5554","appPackage":"com.swaglabsmobileapp","deviceApiLevel":32,"platformVersion":"12","deviceScreenSize":"1080x2400","deviceS...
&amp#27;[38;5;0m[HTTP]&amp#27;[0m &amp#27;[37m<-- POST /session &amp#27;[39m&amp#27;[32m200&amp#27;[39m &amp#27;[90m9591 ms - 1267&amp#27;[39m
&amp#27;[38;5;0m[HTTP]&amp#27;[0m &amp#27;[90m&amp#27;[39m
&amp#27;[38;5;0m[HTTP]&amp#27;[0m &amp#27;[37m-->&amp#27;[39m &amp#27;[37mPOST&amp#27;[39m &amp#27;[37m/session/b95e9987-ce00-4859-b89c-33a2d94ca077/timeouts&amp#27;[39m
&amp#27;[38;5;0m[HTTP]&amp#27;[0m &amp#27;[90m{"implicit":20000}&amp#27;[39m
[debug] &amp#27;[38;5;32m[AndroidUiautomator2Driver@5ad4 (b95e9987)]&amp#27;[0m Calling AppiumDriver.timeouts() with args: [null,null,null,null,20000,"b95e9987-ce00-4859-b89c-33a2d94ca077"]
[debug] &amp#27;[38;5;32m[AndroidUiautomator2Driver@5ad4 (b95e9987)]&amp#27;[0m W3C timeout argument: {"implicit":20000}}
[debug] &amp#27;[38;5;32m[AndroidUiautomator2Driver@5ad4 (b95e9987)]&amp#27;[0m Set implicit wait to 20000ms
[debug] &amp#27;[38;5;32m[AndroidUiautomator2Driver@5ad4 (b95e9987)]&amp#27;[0m Responding to client with driver.timeouts() result: null
&amp#27;[38;5;0m[HTTP]&amp#27;[0m &amp#27;[37m<-- POST /session/b95e9987-ce00-4859-b89c-33a2d94ca077/timeouts &amp#27;[39m&amp#27;[32m200&amp#27;[39m &amp#27;[90m7 ms - 14&amp#27;[39m
&amp#27;[38;5;0m[HTTP]&amp#27;[0m &amp#27;[90m&amp#27;[39m
**********Started the execution for Testcase: loginIntoAppWithValidCredentials **********
&amp#27;[38;5;0m[HTTP]&amp#27;[0m &amp#27;[37m-->&amp#27;[39m &amp#27;[37mPOST&amp#27;[39m &amp#27;[37m/session/b95e9987-ce00-4859-b89c-33a2d94ca077/appium/device/app_state&amp#27;[39m
&amp#27;[38;5;0m[HTTP]&amp#27;[0m &amp#27;[90m{"bundleId":"com.swaglabsmobileapp"}&amp#27;[39m
[debug] &amp#27;[38;5;32m[AndroidUiautomator2Driver@5ad4 (b95e9987)]&amp#27;[0m Calling AppiumDriver.queryAppState() with args: ["com.swaglabsmobileapp","b95e9987-ce00-4859-b89c-33a2d94ca077"]
&amp#27;[38;5;32m[AndroidUiautomator2Driver@5ad4 (b95e9987)]&amp#27;[0m Querying the state of 'com.swaglabsmobileapp'
[debug] &amp#27;[38;5;64m[ADB]&amp#27;[0m Getting install status for com.swaglabsmobileapp
[debug] &amp#27;[38;5;64m[ADB]&amp#27;[0m Running 'C:\Users\gokul\AppData\Local\Android\Sdk\platform-tools\adb.exe -P 5037 -s emulator-5554 shell dumpsys package com.swaglabsmobileapp'
[debug] &amp#27;[38;5;64m[ADB]&amp#27;[0m 'com.swaglabsmobileapp' is installed
[debug] &amp#27;[38;5;64m[ADB]&amp#27;[0m Getting IDs of all 'com.swaglabsmobileapp' processes
[debug] &amp#27;[38;5;64m[ADB]&amp#27;[0m Running 'C:\Users\gokul\AppData\Local\Android\Sdk\platform-tools\adb.exe -P 5037 -s emulator-5554 shell pgrep -f \(\[\[:blank:\]\]\|\^\)com\.swaglabsmobileapp\(\[\[:blank:\]\]\|\$\)'
[debug] &amp#27;[38;5;64m[ADB]&amp#27;[0m Running 'C:\Users\gokul\AppData\Local\Android\Sdk\platform-tools\adb.exe -P 5037 -s emulator-5554 shell dumpsys window displays'
[debug] &amp#27;[38;5;32m[AndroidUiautomator2Driver@5ad4 (b95e9987)]&amp#27;[0m Responding to client with driver.queryAppState() result: 4
&amp#27;[38;5;0m[HTTP]&amp#27;[0m &amp#27;[37m<-- POST /session/b95e9987-ce00-4859-b89c-33a2d94ca077/appium/device/app_state &amp#27;[39m&amp#27;[32m200&amp#27;[39m &amp#27;[90m307 ms - 11&amp#27;[39m
&amp#27;[38;5;0m[HTTP]&amp#27;[0m &amp#27;[90m&amp#27;[39m
RUNNING_IN_FOREGROUND
&amp#27;[38;5;0m[HTTP]&amp#27;[0m &amp#27;[37m-->&amp#27;[39m &amp#27;[37mGET&amp#27;[39m &amp#27;[37m/session/b95e9987-ce00-4859-b89c-33a2d94ca077/context&amp#27;[39m
&amp#27;[38;5;0m[HTTP]&amp#27;[0m &amp#27;[90m{}&amp#27;[39m
[debug] &amp#27;[38;5;32m[AndroidUiautomator2Driver@5ad4 (b95e9987)]&amp#27;[0m Calling AppiumDriver.getCurrentContext() with args: ["b95e9987-ce00-4859-b89c-33a2d94ca077"]
[debug] &amp#27;[38;5;32m[AndroidUiautomator2Driver@5ad4 (b95e9987)]&amp#27;[0m Responding to client with driver.getCurrentContext() result: "NATIVE_APP"
&amp#27;[38;5;0m[HTTP]&amp#27;[0m &amp#27;[37m<-- GET /session/b95e9987-ce00-4859-b89c-33a2d94ca077/context &amp#27;[39m&amp#27;[32m200&amp#27;[39m &amp#27;[90m16 ms - 22&amp#27;[39m
&amp#27;[38;5;0m[HTTP]&amp#27;[0m &amp#27;[90m&amp#27;[39m
&amp#27;[38;5;0m[HTTP]&amp#27;[0m &amp#27;[37m-->&amp#27;[39m &amp#27;[37mPOST&amp#27;[39m &amp#27;[37m/session/b95e9987-ce00-4859-b89c-33a2d94ca077/element&amp#27;[39m
&amp#27;[38;5;0m[HTTP]&amp#27;[0m &amp#27;[90m{"using":"accessibility id","value":"test-Username"}&amp#27;[39m
[debug] &amp#27;[38;5;32m[AndroidUiautomator2Driver@5ad4 (b95e9987)]&amp#27;[0m Calling AppiumDriver.findElement() with args: ["accessibility id","test-Username","b95e9987-ce00-4859-b89c-33a2d94ca077"]
[debug] &amp#27;[38;5;32m[AndroidUiautomator2Driver@5ad4 (b95e9987)]&amp#27;[0m Valid locator strategies for this request: xpath, id, class name, accessibility id, css selector, -android uiautomator
[debug] &amp#27;[38;5;32m[AndroidUiautomator2Driver@5ad4 (b95e9987)]&amp#27;[0m Waiting up to 20000 ms for condition
[debug] &amp#27;[38;5;32m[AndroidUiautomator2Driver@5ad4 (b95e9987)]&amp#27;[0m Matched '/element' to command name 'findElement'
[debug] &amp#27;[38;5;32m[AndroidUiautomator2Driver@5ad4 (b95e9987)]&amp#27;[0m Proxying [POST /element] to [POST http://127.0.0.1:8200/session/7506ca6f-8dc7-43d5-ad90-b10e9e5f2942/element] with body: {"strategy":"accessibility id","selector":"test-Username","context":"","multiple":false}
&amp#27;[38;5;32m[AndroidUiautomator2Driver@5ad4 (b95e9987)]&amp#27;[0m Got response with status 404: {"sessionId":"7506ca6f-8dc7-43d5-ad90-b10e9e5f2942","value":{"error":"no such element","message":"An element could not be located on the page using the given search parameters","stacktrace":"io.appium.uiautomator2.common.exceptions.ElementNotFoundException: An element could not be located on the page using the given search parameters\n\tat io.appium.uiautomator2.handler.FindElement.safeHandle(FindElement.java:70)\n\tat io.appium.uiautomator2.handler.request.SafeRequestHandler.handle(SafeRequestHandler.java:59)\n\tat io.appium.uiautomator2.server.AppiumServlet.handleRequest(AppiumServlet.java:270)\n\tat io.appium.uiautomator2.server.AppiumServlet.handleHttpRequest(AppiumServlet.java:264)\n\tat io.appium.uiautomator2.http.ServerHandler.channelRead(ServerHandler.java:68)\n\tat io.netty.channel.AbstractChannelHandlerContext.invokeChannelRead(AbstractChannelHandlerContext.java:366)\n\tat io.netty.channel.AbstractChannelHandlerContext.invokeChannelRead(AbstractChannelHandlerContext.java:352)\n\tat io.netty.chann...
[debug] &amp#27;[38;5;128m[W3C]&amp#27;[0m Matched W3C error code 'no such element' to NoSuchElementError
[debug] &amp#27;[38;5;32m[AndroidUiautomator2Driver@5ad4 (b95e9987)]&amp#27;[0m Waited for 108 ms so far
[debug] &amp#27;[38;5;32m[AndroidUiautomator2Driver@5ad4 (b95e9987)]&amp#27;[0m Matched '/element' to command name 'findElement'
[debug] &amp#27;[38;5;32m[AndroidUiautomator2Driver@5ad4 (b95e9987)]&amp#27;[0m Proxying [POST /element] to [POST http://127.0.0.1:8200/session/7506ca6f-8dc7-43d5-ad90-b10e9e5f2942/element] with body: {"strategy":"accessibility id","selector":"test-Username","context":"","multiple":false}
[debug] &amp#27;[38;5;32m[AndroidUiautomator2Driver@5ad4 (b95e9987)]&amp#27;[0m Got response with status 200: {"sessionId":"7506ca6f-8dc7-43d5-ad90-b10e9e5f2942","value":{"ELEMENT":"00000000-0000-0061-ffff-ffff0000002b","element-6066-11e4-a52e-4f735466cecf":"00000000-0000-0061-ffff-ffff0000002b"}}
[debug] &amp#27;[38;5;32m[AndroidUiautomator2Driver@5ad4 (b95e9987)]&amp#27;[0m Responding to client with driver.findElement() result: {"element-6066-11e4-a52e-4f735466cecf":"00000000-0000-0061-ffff-ffff0000002b","ELEMENT":"00000000-0000-0061-ffff-ffff0000002b"}
&amp#27;[38;5;0m[HTTP]&amp#27;[0m &amp#27;[37m<-- POST /session/b95e9987-ce00-4859-b89c-33a2d94ca077/element &amp#27;[39m&amp#27;[32m200&amp#27;[39m &amp#27;[90m874 ms - 137&amp#27;[39m
&amp#27;[38;5;0m[HTTP]&amp#27;[0m &amp#27;[90m&amp#27;[39m
&amp#27;[38;5;0m[HTTP]&amp#27;[0m &amp#27;[37m-->&amp#27;[39m &amp#27;[37mGET&amp#27;[39m &amp#27;[37m/session/b95e9987-ce00-4859-b89c-33a2d94ca077/element/00000000-0000-0061-ffff-ffff0000002b/displayed&amp#27;[39m
&amp#27;[38;5;0m[HTTP]&amp#27;[0m &amp#27;[90m{}&amp#27;[39m
[debug] &amp#27;[38;5;32m[AndroidUiautomator2Driver@5ad4 (b95e9987)]&amp#27;[0m Calling AppiumDriver.elementDisplayed() with args: ["00000000-0000-0061-ffff-ffff0000002b","b95e9987-ce00-4859-b89c-33a2d94ca077"]
[debug] &amp#27;[38;5;32m[AndroidUiautomator2Driver@5ad4 (b95e9987)]&amp#27;[0m Matched '/element/00000000-0000-0061-ffff-ffff0000002b/attribute/displayed' to command name 'getAttribute'
[debug] &amp#27;[38;5;32m[AndroidUiautomator2Driver@5ad4 (b95e9987)]&amp#27;[0m Proxying [GET /element/00000000-0000-0061-ffff-ffff0000002b/attribute/displayed] to [GET http://127.0.0.1:8200/session/7506ca6f-8dc7-43d5-ad90-b10e9e5f2942/element/00000000-0000-0061-ffff-ffff0000002b/attribute/displayed] with no body
[debug] &amp#27;[38;5;32m[AndroidUiautomator2Driver@5ad4 (b95e9987)]&amp#27;[0m Got response with status 200: {"sessionId":"7506ca6f-8dc7-43d5-ad90-b10e9e5f2942","value":"true"}
[debug] &amp#27;[38;5;32m[AndroidUiautomator2Driver@5ad4 (b95e9987)]&amp#27;[0m Responding to client with driver.elementDisplayed() result: true
&amp#27;[38;5;0m[HTTP]&amp#27;[0m &amp#27;[37m<-- GET /session/b95e9987-ce00-4859-b89c-33a2d94ca077/element/00000000-0000-0061-ffff-ffff0000002b/displayed &amp#27;[39m&amp#27;[32m200&amp#27;[39m &amp#27;[90m20 ms - 14&amp#27;[39m
&amp#27;[38;5;0m[HTTP]&amp#27;[0m &amp#27;[90m&amp#27;[39m
&amp#27;[38;5;0m[HTTP]&amp#27;[0m &amp#27;[37m-->&amp#27;[39m &amp#27;[37mGET&amp#27;[39m &amp#27;[37m/session/b95e9987-ce00-4859-b89c-33a2d94ca077/context&amp#27;[39m
&amp#27;[38;5;0m[HTTP]&amp#27;[0m &amp#27;[90m{}&amp#27;[39m
[debug] &amp#27;[38;5;32m[AndroidUiautomator2Driver@5ad4 (b95e9987)]&amp#27;[0m Calling AppiumDriver.getCurrentContext() with args: ["b95e9987-ce00-4859-b89c-33a2d94ca077"]
[debug] &amp#27;[38;5;32m[AndroidUiautomator2Driver@5ad4 (b95e9987)]&amp#27;[0m Responding to client with driver.getCurrentContext() result: "NATIVE_APP"
&amp#27;[38;5;0m[HTTP]&amp#27;[0m &amp#27;[37m<-- GET /session/b95e9987-ce00-4859-b89c-33a2d94ca077/context &amp#27;[39m&amp#27;[32m200&amp#27;[39m &amp#27;[90m2 ms - 22&amp#27;[39m
&amp#27;[38;5;0m[HTTP]&amp#27;[0m &amp#27;[90m&amp#27;[39m
&amp#27;[38;5;0m[HTTP]&amp#27;[0m &amp#27;[37m-->&amp#27;[39m &amp#27;[37mPOST&amp#27;[39m &amp#27;[37m/session/b95e9987-ce00-4859-b89c-33a2d94ca077/element&amp#27;[39m
&amp#27;[38;5;0m[HTTP]&amp#27;[0m &amp#27;[90m{"using":"accessibility id","value":"test-Username"}&amp#27;[39m
[debug] &amp#27;[38;5;32m[AndroidUiautomator2Driver@5ad4 (b95e9987)]&amp#27;[0m Calling AppiumDriver.findElement() with args: ["accessibility id","test-Username","b95e9987-ce00-4859-b89c-33a2d94ca077"]
[debug] &amp#27;[38;5;32m[AndroidUiautomator2Driver@5ad4 (b95e9987)]&amp#27;[0m Valid locator strategies for this request: xpath, id, class name, accessibility id, css selector, -android uiautomator
[debug] &amp#27;[38;5;32m[AndroidUiautomator2Driver@5ad4 (b95e9987)]&amp#27;[0m Waiting up to 20000 ms for condition
[debug] &amp#27;[38;5;32m[AndroidUiautomator2Driver@5ad4 (b95e9987)]&amp#27;[0m Matched '/element' to command name 'findElement'
[debug] &amp#27;[38;5;32m[AndroidUiautomator2Driver@5ad4 (b95e9987)]&amp#27;[0m Proxying [POST /element] to [POST http://127.0.0.1:8200/session/7506ca6f-8dc7-43d5-ad90-b10e9e5f2942/element] with body: {"strategy":"accessibility id","selector":"test-Username","context":"","multiple":false}
[debug] &amp#27;[38;5;32m[AndroidUiautomator2Driver@5ad4 (b95e9987)]&amp#27;[0m Got response with status 200: {"sessionId":"7506ca6f-8dc7-43d5-ad90-b10e9e5f2942","value":{"ELEMENT":"00000000-0000-0061-ffff-ffff0000002b","element-6066-11e4-a52e-4f735466cecf":"00000000-0000-0061-ffff-ffff0000002b"}}
[debug] &amp#27;[38;5;32m[AndroidUiautomator2Driver@5ad4 (b95e9987)]&amp#27;[0m Responding to client with driver.findElement() result: {"element-6066-11e4-a52e-4f735466cecf":"00000000-0000-0061-ffff-ffff0000002b","ELEMENT":"00000000-0000-0061-ffff-ffff0000002b"}
&amp#27;[38;5;0m[HTTP]&amp#27;[0m &amp#27;[37m<-- POST /session/b95e9987-ce00-4859-b89c-33a2d94ca077/element &amp#27;[39m&amp#27;[32m200&amp#27;[39m &amp#27;[90m53 ms - 137&amp#27;[39m
&amp#27;[38;5;0m[HTTP]&amp#27;[0m &amp#27;[90m&amp#27;[39m
&amp#27;[38;5;0m[HTTP]&amp#27;[0m &amp#27;[37m-->&amp#27;[39m &amp#27;[37mPOST&amp#27;[39m &amp#27;[37m/session/b95e9987-ce00-4859-b89c-33a2d94ca077/element/00000000-0000-0061-ffff-ffff0000002b/value&amp#27;[39m
&amp#27;[38;5;0m[HTTP]&amp#27;[0m &amp#27;[90m{"id":"00000000-0000-0061-ffff-ffff0000002b","text":"standard_user","value":["s","t","a","n","d","a","r","d","_","u","s","e","r"]}&amp#27;[39m
[debug] &amp#27;[38;5;32m[AndroidUiautomator2Driver@5ad4 (b95e9987)]&amp#27;[0m Calling AppiumDriver.setValue() with args: [["s","t","a","n","d","a","r","d","_","u","s","e","r"],"00000000-0000-0061-ffff-ffff0000002b","b95e9987-ce00-4859-b89c-33a2d94ca077"]
[debug] &amp#27;[38;5;32m[AndroidUiautomator2Driver@5ad4 (b95e9987)]&amp#27;[0m Matched '/element/00000000-0000-0061-ffff-ffff0000002b/value' to command name 'setValue'
[debug] &amp#27;[38;5;32m[AndroidUiautomator2Driver@5ad4 (b95e9987)]&amp#27;[0m Added 'value' property ["s","t","a","n","d","a","r","d","_","u","s","e","r"] to 'setValue' request body
[debug] &amp#27;[38;5;32m[AndroidUiautomator2Driver@5ad4 (b95e9987)]&amp#27;[0m Proxying [POST /element/00000000-0000-0061-ffff-ffff0000002b/value] to [POST http://127.0.0.1:8200/session/7506ca6f-8dc7-43d5-ad90-b10e9e5f2942/element/00000000-0000-0061-ffff-ffff0000002b/value] with body: {"elementId":"00000000-0000-0061-ffff-ffff0000002b","text":"standard_user","replace":false,"value":["s","t","a","n","d","a","r","d","_","u","s","e","r"]}
[debug] &amp#27;[38;5;32m[AndroidUiautomator2Driver@5ad4 (b95e9987)]&amp#27;[0m Got response with status 200: {"sessionId":"7506ca6f-8dc7-43d5-ad90-b10e9e5f2942","value":null}
[debug] &amp#27;[38;5;32m[AndroidUiautomator2Driver@5ad4 (b95e9987)]&amp#27;[0m Responding to client with driver.setValue() result: null
&amp#27;[38;5;0m[HTTP]&amp#27;[0m &amp#27;[37m<-- POST /session/b95e9987-ce00-4859-b89c-33a2d94ca077/element/00000000-0000-0061-ffff-ffff0000002b/value &amp#27;[39m&amp#27;[32m200&amp#27;[39m &amp#27;[90m534 ms - 14&amp#27;[39m
&amp#27;[38;5;0m[HTTP]&amp#27;[0m &amp#27;[90m&amp#27;[39m
&amp#27;[38;5;0m[HTTP]&amp#27;[0m &amp#27;[37m-->&amp#27;[39m &amp#27;[37mGET&amp#27;[39m &amp#27;[37m/session/b95e9987-ce00-4859-b89c-33a2d94ca077/context&amp#27;[39m
&amp#27;[38;5;0m[HTTP]&amp#27;[0m &amp#27;[90m{}&amp#27;[39m
[debug] &amp#27;[38;5;32m[AndroidUiautomator2Driver@5ad4 (b95e9987)]&amp#27;[0m Calling AppiumDriver.getCurrentContext() with args: ["b95e9987-ce00-4859-b89c-33a2d94ca077"]
[debug] &amp#27;[38;5;32m[AndroidUiautomator2Driver@5ad4 (b95e9987)]&amp#27;[0m Responding to client with driver.getCurrentContext() result: "NATIVE_APP"
&amp#27;[38;5;0m[HTTP]&amp#27;[0m &amp#27;[37m<-- GET /session/b95e9987-ce00-4859-b89c-33a2d94ca077/context &amp#27;[39m&amp#27;[32m200&amp#27;[39m &amp#27;[90m3 ms - 22&amp#27;[39m
&amp#27;[38;5;0m[HTTP]&amp#27;[0m &amp#27;[90m&amp#27;[39m
&amp#27;[38;5;0m[HTTP]&amp#27;[0m &amp#27;[37m-->&amp#27;[39m &amp#27;[37mPOST&amp#27;[39m &amp#27;[37m/session/b95e9987-ce00-4859-b89c-33a2d94ca077/element&amp#27;[39m
&amp#27;[38;5;0m[HTTP]&amp#27;[0m &amp#27;[90m{"using":"xpath","value":"//android.widget.EditText[@content-desc=\"test-Password\"]"}&amp#27;[39m
[debug] &amp#27;[38;5;32m[AndroidUiautomator2Driver@5ad4 (b95e9987)]&amp#27;[0m Calling AppiumDriver.findElement() with args: ["xpath","//android.widget.EditText[@content-desc=\"test-Password\"]","b95e9987-ce00-4859-b89c-33a2d94ca077"]
[debug] &amp#27;[38;5;32m[AndroidUiautomator2Driver@5ad4 (b95e9987)]&amp#27;[0m Valid locator strategies for this request: xpath, id, class name, accessibility id, css selector, -android uiautomator
[debug] &amp#27;[38;5;32m[AndroidUiautomator2Driver@5ad4 (b95e9987)]&amp#27;[0m Waiting up to 20000 ms for condition
[debug] &amp#27;[38;5;32m[AndroidUiautomator2Driver@5ad4 (b95e9987)]&amp#27;[0m Matched '/element' to command name 'findElement'
[debug] &amp#27;[38;5;32m[AndroidUiautomator2Driver@5ad4 (b95e9987)]&amp#27;[0m Proxying [POST /element] to [POST http://127.0.0.1:8200/session/7506ca6f-8dc7-43d5-ad90-b10e9e5f2942/element] with body: {"strategy":"xpath","selector":"//android.widget.EditText[@content-desc=\"test-Password\"]","context":"","multiple":false}
[debug] &amp#27;[38;5;32m[AndroidUiautomator2Driver@5ad4 (b95e9987)]&amp#27;[0m Got response with status 200: {"sessionId":"7506ca6f-8dc7-43d5-ad90-b10e9e5f2942","value":{"ELEMENT":"00000000-0000-0061-ffff-ffff0000002e","element-6066-11e4-a52e-4f735466cecf":"00000000-0000-0061-ffff-ffff0000002e"}}
[debug] &amp#27;[38;5;32m[AndroidUiautomator2Driver@5ad4 (b95e9987)]&amp#27;[0m Responding to client with driver.findElement() result: {"element-6066-11e4-a52e-4f735466cecf":"00000000-0000-0061-ffff-ffff0000002e","ELEMENT":"00000000-0000-0061-ffff-ffff0000002e"}
&amp#27;[38;5;0m[HTTP]&amp#27;[0m &amp#27;[37m<-- POST /session/b95e9987-ce00-4859-b89c-33a2d94ca077/element &amp#27;[39m&amp#27;[32m200&amp#27;[39m &amp#27;[90m981 ms - 137&amp#27;[39m
&amp#27;[38;5;0m[HTTP]&amp#27;[0m &amp#27;[90m&amp#27;[39m
&amp#27;[38;5;0m[HTTP]&amp#27;[0m &amp#27;[37m-->&amp#27;[39m &amp#27;[37mGET&amp#27;[39m &amp#27;[37m/session/b95e9987-ce00-4859-b89c-33a2d94ca077/element/00000000-0000-0061-ffff-ffff0000002e/displayed&amp#27;[39m
&amp#27;[38;5;0m[HTTP]&amp#27;[0m &amp#27;[90m{}&amp#27;[39m
[debug] &amp#27;[38;5;32m[AndroidUiautomator2Driver@5ad4 (b95e9987)]&amp#27;[0m Calling AppiumDriver.elementDisplayed() with args: ["00000000-0000-0061-ffff-ffff0000002e","b95e9987-ce00-4859-b89c-33a2d94ca077"]
[debug] &amp#27;[38;5;32m[AndroidUiautomator2Driver@5ad4 (b95e9987)]&amp#27;[0m Matched '/element/00000000-0000-0061-ffff-ffff0000002e/attribute/displayed' to command name 'getAttribute'
[debug] &amp#27;[38;5;32m[AndroidUiautomator2Driver@5ad4 (b95e9987)]&amp#27;[0m Proxying [GET /element/00000000-0000-0061-ffff-ffff0000002e/attribute/displayed] to [GET http://127.0.0.1:8200/session/7506ca6f-8dc7-43d5-ad90-b10e9e5f2942/element/00000000-0000-0061-ffff-ffff0000002e/attribute/displayed] with no body
[debug] &amp#27;[38;5;32m[AndroidUiautomator2Driver@5ad4 (b95e9987)]&amp#27;[0m Got response with status 200: {"sessionId":"7506ca6f-8dc7-43d5-ad90-b10e9e5f2942","value":"true"}
[debug] &amp#27;[38;5;32m[AndroidUiautomator2Driver@5ad4 (b95e9987)]&amp#27;[0m Responding to client with driver.elementDisplayed() result: true
&amp#27;[38;5;0m[HTTP]&amp#27;[0m &amp#27;[37m<-- GET /session/b95e9987-ce00-4859-b89c-33a2d94ca077/element/00000000-0000-0061-ffff-ffff0000002e/displayed &amp#27;[39m&amp#27;[32m200&amp#27;[39m &amp#27;[90m14 ms - 14&amp#27;[39m
&amp#27;[38;5;0m[HTTP]&amp#27;[0m &amp#27;[90m&amp#27;[39m
&amp#27;[38;5;0m[HTTP]&amp#27;[0m &amp#27;[37m-->&amp#27;[39m &amp#27;[37mGET&amp#27;[39m &amp#27;[37m/session/b95e9987-ce00-4859-b89c-33a2d94ca077/context&amp#27;[39m
&amp#27;[38;5;0m[HTTP]&amp#27;[0m &amp#27;[90m{}&amp#27;[39m
[debug] &amp#27;[38;5;32m[AndroidUiautomator2Driver@5ad4 (b95e9987)]&amp#27;[0m Calling AppiumDriver.getCurrentContext() with args: ["b95e9987-ce00-4859-b89c-33a2d94ca077"]
[debug] &amp#27;[38;5;32m[AndroidUiautomator2Driver@5ad4 (b95e9987)]&amp#27;[0m Responding to client with driver.getCurrentContext() result: "NATIVE_APP"
&amp#27;[38;5;0m[HTTP]&amp#27;[0m &amp#27;[37m<-- GET /session/b95e9987-ce00-4859-b89c-33a2d94ca077/context &amp#27;[39m&amp#27;[32m200&amp#27;[39m &amp#27;[90m2 ms - 22&amp#27;[39m
&amp#27;[38;5;0m[HTTP]&amp#27;[0m &amp#27;[90m&amp#27;[39m
&amp#27;[38;5;0m[HTTP]&amp#27;[0m &amp#27;[37m-->&amp#27;[39m &amp#27;[37mPOST&amp#27;[39m &amp#27;[37m/session/b95e9987-ce00-4859-b89c-33a2d94ca077/element&amp#27;[39m
&amp#27;[38;5;0m[HTTP]&amp#27;[0m &amp#27;[90m{"using":"xpath","value":"//android.widget.EditText[@content-desc=\"test-Password\"]"}&amp#27;[39m
[debug] &amp#27;[38;5;32m[AndroidUiautomator2Driver@5ad4 (b95e9987)]&amp#27;[0m Calling AppiumDriver.findElement() with args: ["xpath","//android.widget.EditText[@content-desc=\"test-Password\"]","b95e9987-ce00-4859-b89c-33a2d94ca077"]
[debug] &amp#27;[38;5;32m[AndroidUiautomator2Driver@5ad4 (b95e9987)]&amp#27;[0m Valid locator strategies for this request: xpath, id, class name, accessibility id, css selector, -android uiautomator
[debug] &amp#27;[38;5;32m[AndroidUiautomator2Driver@5ad4 (b95e9987)]&amp#27;[0m Waiting up to 20000 ms for condition
[debug] &amp#27;[38;5;32m[AndroidUiautomator2Driver@5ad4 (b95e9987)]&amp#27;[0m Matched '/element' to command name 'findElement'
[debug] &amp#27;[38;5;32m[AndroidUiautomator2Driver@5ad4 (b95e9987)]&amp#27;[0m Proxying [POST /element] to [POST http://127.0.0.1:8200/session/7506ca6f-8dc7-43d5-ad90-b10e9e5f2942/element] with body: {"strategy":"xpath","selector":"//android.widget.EditText[@content-desc=\"test-Password\"]","context":"","multiple":false}
[debug] &amp#27;[38;5;32m[AndroidUiautomator2Driver@5ad4 (b95e9987)]&amp#27;[0m Got response with status 200: {"sessionId":"7506ca6f-8dc7-43d5-ad90-b10e9e5f2942","value":{"ELEMENT":"00000000-0000-0061-ffff-ffff0000002e","element-6066-11e4-a52e-4f735466cecf":"00000000-0000-0061-ffff-ffff0000002e"}}
[debug] &amp#27;[38;5;32m[AndroidUiautomator2Driver@5ad4 (b95e9987)]&amp#27;[0m Responding to client with driver.findElement() result: {"element-6066-11e4-a52e-4f735466cecf":"00000000-0000-0061-ffff-ffff0000002e","ELEMENT":"00000000-0000-0061-ffff-ffff0000002e"}
&amp#27;[38;5;0m[HTTP]&amp#27;[0m &amp#27;[37m<-- POST /session/b95e9987-ce00-4859-b89c-33a2d94ca077/element &amp#27;[39m&amp#27;[32m200&amp#27;[39m &amp#27;[90m66 ms - 137&amp#27;[39m
&amp#27;[38;5;0m[HTTP]&amp#27;[0m &amp#27;[90m&amp#27;[39m
&amp#27;[38;5;0m[HTTP]&amp#27;[0m &amp#27;[37m-->&amp#27;[39m &amp#27;[37mPOST&amp#27;[39m &amp#27;[37m/session/b95e9987-ce00-4859-b89c-33a2d94ca077/element/00000000-0000-0061-ffff-ffff0000002e/value&amp#27;[39m
&amp#27;[38;5;0m[HTTP]&amp#27;[0m &amp#27;[90m{"id":"00000000-0000-0061-ffff-ffff0000002e","text":"secret_sauce","value":["s","e","c","r","e","t","_","s","a","u","c","e"]}&amp#27;[39m
[debug] &amp#27;[38;5;32m[AndroidUiautomator2Driver@5ad4 (b95e9987)]&amp#27;[0m Calling AppiumDriver.setValue() with args: [["s","e","c","r","e","t","_","s","a","u","c","e"],"00000000-0000-0061-ffff-ffff0000002e","b95e9987-ce00-4859-b89c-33a2d94ca077"]
[debug] &amp#27;[38;5;32m[AndroidUiautomator2Driver@5ad4 (b95e9987)]&amp#27;[0m Matched '/element/00000000-0000-0061-ffff-ffff0000002e/value' to command name 'setValue'
[debug] &amp#27;[38;5;32m[AndroidUiautomator2Driver@5ad4 (b95e9987)]&amp#27;[0m Added 'value' property ["s","e","c","r","e","t","_","s","a","u","c","e"] to 'setValue' request body
[debug] &amp#27;[38;5;32m[AndroidUiautomator2Driver@5ad4 (b95e9987)]&amp#27;[0m Proxying [POST /element/00000000-0000-0061-ffff-ffff0000002e/value] to [POST http://127.0.0.1:8200/session/7506ca6f-8dc7-43d5-ad90-b10e9e5f2942/element/00000000-0000-0061-ffff-ffff0000002e/value] with body: {"elementId":"00000000-0000-0061-ffff-ffff0000002e","text":"secret_sauce","replace":false,"value":["s","e","c","r","e","t","_","s","a","u","c","e"]}
[debug] &amp#27;[38;5;32m[AndroidUiautomator2Driver@5ad4 (b95e9987)]&amp#27;[0m Got response with status 200: {"sessionId":"7506ca6f-8dc7-43d5-ad90-b10e9e5f2942","value":null}
[debug] &amp#27;[38;5;32m[AndroidUiautomator2Driver@5ad4 (b95e9987)]&amp#27;[0m Responding to client with driver.setValue() result: null
&amp#27;[38;5;0m[HTTP]&amp#27;[0m &amp#27;[37m<-- POST /session/b95e9987-ce00-4859-b89c-33a2d94ca077/element/00000000-0000-0061-ffff-ffff0000002e/value &amp#27;[39m&amp#27;[32m200&amp#27;[39m &amp#27;[90m538 ms - 14&amp#27;[39m
&amp#27;[38;5;0m[HTTP]&amp#27;[0m &amp#27;[90m&amp#27;[39m
&amp#27;[38;5;0m[HTTP]&amp#27;[0m &amp#27;[37m-->&amp#27;[39m &amp#27;[37mGET&amp#27;[39m &amp#27;[37m/session/b95e9987-ce00-4859-b89c-33a2d94ca077/context&amp#27;[39m
&amp#27;[38;5;0m[HTTP]&amp#27;[0m &amp#27;[90m{}&amp#27;[39m
[debug] &amp#27;[38;5;32m[AndroidUiautomator2Driver@5ad4 (b95e9987)]&amp#27;[0m Calling AppiumDriver.getCurrentContext() with args: ["b95e9987-ce00-4859-b89c-33a2d94ca077"]
[debug] &amp#27;[38;5;32m[AndroidUiautomator2Driver@5ad4 (b95e9987)]&amp#27;[0m Responding to client with driver.getCurrentContext() result: "NATIVE_APP"
&amp#27;[38;5;0m[HTTP]&amp#27;[0m &amp#27;[37m<-- GET /session/b95e9987-ce00-4859-b89c-33a2d94ca077/context &amp#27;[39m&amp#27;[32m200&amp#27;[39m &amp#27;[90m2 ms - 22&amp#27;[39m
&amp#27;[38;5;0m[HTTP]&amp#27;[0m &amp#27;[90m&amp#27;[39m
&amp#27;[38;5;0m[HTTP]&amp#27;[0m &amp#27;[37m-->&amp#27;[39m &amp#27;[37mPOST&amp#27;[39m &amp#27;[37m/session/b95e9987-ce00-4859-b89c-33a2d94ca077/element&amp#27;[39m
&amp#27;[38;5;0m[HTTP]&amp#27;[0m &amp#27;[90m{"using":"accessibility id","value":"test-LOGIN"}&amp#27;[39m
[debug] &amp#27;[38;5;32m[AndroidUiautomator2Driver@5ad4 (b95e9987)]&amp#27;[0m Calling AppiumDriver.findElement() with args: ["accessibility id","test-LOGIN","b95e9987-ce00-4859-b89c-33a2d94ca077"]
[debug] &amp#27;[38;5;32m[AndroidUiautomator2Driver@5ad4 (b95e9987)]&amp#27;[0m Valid locator strategies for this request: xpath, id, class name, accessibility id, css selector, -android uiautomator
[debug] &amp#27;[38;5;32m[AndroidUiautomator2Driver@5ad4 (b95e9987)]&amp#27;[0m Waiting up to 20000 ms for condition
[debug] &amp#27;[38;5;32m[AndroidUiautomator2Driver@5ad4 (b95e9987)]&amp#27;[0m Matched '/element' to command name 'findElement'
[debug] &amp#27;[38;5;32m[AndroidUiautomator2Driver@5ad4 (b95e9987)]&amp#27;[0m Proxying [POST /element] to [POST http://127.0.0.1:8200/session/7506ca6f-8dc7-43d5-ad90-b10e9e5f2942/element] with body: {"strategy":"accessibility id","selector":"test-LOGIN","context":"","multiple":false}
[debug] &amp#27;[38;5;32m[AndroidUiautomator2Driver@5ad4 (b95e9987)]&amp#27;[0m Got response with status 200: {"sessionId":"7506ca6f-8dc7-43d5-ad90-b10e9e5f2942","value":{"ELEMENT":"00000000-0000-0061-ffff-ffff0000002f","element-6066-11e4-a52e-4f735466cecf":"00000000-0000-0061-ffff-ffff0000002f"}}
[debug] &amp#27;[38;5;32m[AndroidUiautomator2Driver@5ad4 (b95e9987)]&amp#27;[0m Responding to client with driver.findElement() result: {"element-6066-11e4-a52e-4f735466cecf":"00000000-0000-0061-ffff-ffff0000002f","ELEMENT":"00000000-0000-0061-ffff-ffff0000002f"}
&amp#27;[38;5;0m[HTTP]&amp#27;[0m &amp#27;[37m<-- POST /session/b95e9987-ce00-4859-b89c-33a2d94ca077/element &amp#27;[39m&amp#27;[32m200&amp#27;[39m &amp#27;[90m503 ms - 137&amp#27;[39m
&amp#27;[38;5;0m[HTTP]&amp#27;[0m &amp#27;[90m&amp#27;[39m
&amp#27;[38;5;0m[HTTP]&amp#27;[0m &amp#27;[37m-->&amp#27;[39m &amp#27;[37mGET&amp#27;[39m &amp#27;[37m/session/b95e9987-ce00-4859-b89c-33a2d94ca077/element/00000000-0000-0061-ffff-ffff0000002f/displayed&amp#27;[39m
&amp#27;[38;5;0m[HTTP]&amp#27;[0m &amp#27;[90m{}&amp#27;[39m
[debug] &amp#27;[38;5;32m[AndroidUiautomator2Driver@5ad4 (b95e9987)]&amp#27;[0m Calling AppiumDriver.elementDisplayed() with args: ["00000000-0000-0061-ffff-ffff0000002f","b95e9987-ce00-4859-b89c-33a2d94ca077"]
[debug] &amp#27;[38;5;32m[AndroidUiautomator2Driver@5ad4 (b95e9987)]&amp#27;[0m Matched '/element/00000000-0000-0061-ffff-ffff0000002f/attribute/displayed' to command name 'getAttribute'
[debug] &amp#27;[38;5;32m[AndroidUiautomator2Driver@5ad4 (b95e9987)]&amp#27;[0m Proxying [GET /element/00000000-0000-0061-ffff-ffff0000002f/attribute/displayed] to [GET http://127.0.0.1:8200/session/7506ca6f-8dc7-43d5-ad90-b10e9e5f2942/element/00000000-0000-0061-ffff-ffff0000002f/attribute/displayed] with no body
[debug] &amp#27;[38;5;32m[AndroidUiautomator2Driver@5ad4 (b95e9987)]&amp#27;[0m Got response with status 200: {"sessionId":"7506ca6f-8dc7-43d5-ad90-b10e9e5f2942","value":"true"}
[debug] &amp#27;[38;5;32m[AndroidUiautomator2Driver@5ad4 (b95e9987)]&amp#27;[0m Responding to client with driver.elementDisplayed() result: true
&amp#27;[38;5;0m[HTTP]&amp#27;[0m &amp#27;[37m<-- GET /session/b95e9987-ce00-4859-b89c-33a2d94ca077/element/00000000-0000-0061-ffff-ffff0000002f/displayed &amp#27;[39m&amp#27;[32m200&amp#27;[39m &amp#27;[90m17 ms - 14&amp#27;[39m
&amp#27;[38;5;0m[HTTP]&amp#27;[0m &amp#27;[90m&amp#27;[39m
&amp#27;[38;5;0m[HTTP]&amp#27;[0m &amp#27;[37m-->&amp#27;[39m &amp#27;[37mGET&amp#27;[39m &amp#27;[37m/session/b95e9987-ce00-4859-b89c-33a2d94ca077/context&amp#27;[39m
&amp#27;[38;5;0m[HTTP]&amp#27;[0m &amp#27;[90m{}&amp#27;[39m
[debug] &amp#27;[38;5;32m[AndroidUiautomator2Driver@5ad4 (b95e9987)]&amp#27;[0m Calling AppiumDriver.getCurrentContext() with args: ["b95e9987-ce00-4859-b89c-33a2d94ca077"]
[debug] &amp#27;[38;5;32m[AndroidUiautomator2Driver@5ad4 (b95e9987)]&amp#27;[0m Responding to client with driver.getCurrentContext() result: "NATIVE_APP"
&amp#27;[38;5;0m[HTTP]&amp#27;[0m &amp#27;[37m<-- GET /session/b95e9987-ce00-4859-b89c-33a2d94ca077/context &amp#27;[39m&amp#27;[32m200&amp#27;[39m &amp#27;[90m3 ms - 22&amp#27;[39m
&amp#27;[38;5;0m[HTTP]&amp#27;[0m &amp#27;[90m&amp#27;[39m
&amp#27;[38;5;0m[HTTP]&amp#27;[0m &amp#27;[37m-->&amp#27;[39m &amp#27;[37mPOST&amp#27;[39m &amp#27;[37m/session/b95e9987-ce00-4859-b89c-33a2d94ca077/element&amp#27;[39m
&amp#27;[38;5;0m[HTTP]&amp#27;[0m &amp#27;[90m{"using":"accessibility id","value":"test-LOGIN"}&amp#27;[39m
[debug] &amp#27;[38;5;32m[AndroidUiautomator2Driver@5ad4 (b95e9987)]&amp#27;[0m Calling AppiumDriver.findElement() with args: ["accessibility id","test-LOGIN","b95e9987-ce00-4859-b89c-33a2d94ca077"]
[debug] &amp#27;[38;5;32m[AndroidUiautomator2Driver@5ad4 (b95e9987)]&amp#27;[0m Valid locator strategies for this request: xpath, id, class name, accessibility id, css selector, -android uiautomator
[debug] &amp#27;[38;5;32m[AndroidUiautomator2Driver@5ad4 (b95e9987)]&amp#27;[0m Waiting up to 20000 ms for condition
[debug] &amp#27;[38;5;32m[AndroidUiautomator2Driver@5ad4 (b95e9987)]&amp#27;[0m Matched '/element' to command name 'findElement'
[debug] &amp#27;[38;5;32m[AndroidUiautomator2Driver@5ad4 (b95e9987)]&amp#27;[0m Proxying [POST /element] to [POST http://127.0.0.1:8200/session/7506ca6f-8dc7-43d5-ad90-b10e9e5f2942/element] with body: {"strategy":"accessibility id","selector":"test-LOGIN","context":"","multiple":false}
[debug] &amp#27;[38;5;32m[AndroidUiautomator2Driver@5ad4 (b95e9987)]&amp#27;[0m Got response with status 200: {"sessionId":"7506ca6f-8dc7-43d5-ad90-b10e9e5f2942","value":{"ELEMENT":"00000000-0000-0061-ffff-ffff0000002f","element-6066-11e4-a52e-4f735466cecf":"00000000-0000-0061-ffff-ffff0000002f"}}
[debug] &amp#27;[38;5;32m[AndroidUiautomator2Driver@5ad4 (b95e9987)]&amp#27;[0m Responding to client with driver.findElement() result: {"element-6066-11e4-a52e-4f735466cecf":"00000000-0000-0061-ffff-ffff0000002f","ELEMENT":"00000000-0000-0061-ffff-ffff0000002f"}
&amp#27;[38;5;0m[HTTP]&amp#27;[0m &amp#27;[37m<-- POST /session/b95e9987-ce00-4859-b89c-33a2d94ca077/element &amp#27;[39m&amp#27;[32m200&amp#27;[39m &amp#27;[90m31 ms - 137&amp#27;[39m
&amp#27;[38;5;0m[HTTP]&amp#27;[0m &amp#27;[90m&amp#27;[39m
&amp#27;[38;5;0m[HTTP]&amp#27;[0m &amp#27;[37m-->&amp#27;[39m &amp#27;[37mPOST&amp#27;[39m &amp#27;[37m/session/b95e9987-ce00-4859-b89c-33a2d94ca077/element/00000000-0000-0061-ffff-ffff0000002f/click&amp#27;[39m
&amp#27;[38;5;0m[HTTP]&amp#27;[0m &amp#27;[90m{"id":"00000000-0000-0061-ffff-ffff0000002f"}&amp#27;[39m
[debug] &amp#27;[38;5;32m[AndroidUiautomator2Driver@5ad4 (b95e9987)]&amp#27;[0m Calling AppiumDriver.click() with args: ["00000000-0000-0061-ffff-ffff0000002f","b95e9987-ce00-4859-b89c-33a2d94ca077"]
[debug] &amp#27;[38;5;32m[AndroidUiautomator2Driver@5ad4 (b95e9987)]&amp#27;[0m Matched '/element/00000000-0000-0061-ffff-ffff0000002f/click' to command name 'click'
[debug] &amp#27;[38;5;32m[AndroidUiautomator2Driver@5ad4 (b95e9987)]&amp#27;[0m Proxying [POST /element/00000000-0000-0061-ffff-ffff0000002f/click] to [POST http://127.0.0.1:8200/session/7506ca6f-8dc7-43d5-ad90-b10e9e5f2942/element/00000000-0000-0061-ffff-ffff0000002f/click] with body: {"element":"00000000-0000-0061-ffff-ffff0000002f"}
[debug] &amp#27;[38;5;32m[AndroidUiautomator2Driver@5ad4 (b95e9987)]&amp#27;[0m Got response with status 200: {"sessionId":"7506ca6f-8dc7-43d5-ad90-b10e9e5f2942","value":null}
[debug] &amp#27;[38;5;32m[AndroidUiautomator2Driver@5ad4 (b95e9987)]&amp#27;[0m Responding to client with driver.click() result: null
&amp#27;[38;5;0m[HTTP]&amp#27;[0m &amp#27;[37m<-- POST /session/b95e9987-ce00-4859-b89c-33a2d94ca077/element/00000000-0000-0061-ffff-ffff0000002f/click &amp#27;[39m&amp#27;[32m200&amp#27;[39m &amp#27;[90m52 ms - 14&amp#27;[39m
&amp#27;[38;5;0m[HTTP]&amp#27;[0m &amp#27;[90m&amp#27;[39m
&amp#27;[38;5;0m[HTTP]&amp#27;[0m &amp#27;[37m-->&amp#27;[39m &amp#27;[37mGET&amp#27;[39m &amp#27;[37m/session/b95e9987-ce00-4859-b89c-33a2d94ca077/screenshot&amp#27;[39m
&amp#27;[38;5;0m[HTTP]&amp#27;[0m &amp#27;[90m{}&amp#27;[39m
[debug] &amp#27;[38;5;32m[AndroidUiautomator2Driver@5ad4 (b95e9987)]&amp#27;[0m Calling AppiumDriver.getScreenshot() with args: ["b95e9987-ce00-4859-b89c-33a2d94ca077"]
[debug] &amp#27;[38;5;32m[AndroidUiautomator2Driver@5ad4 (b95e9987)]&amp#27;[0m Matched '/screenshot' to command name 'getScreenshot'
[debug] &amp#27;[38;5;32m[AndroidUiautomator2Driver@5ad4 (b95e9987)]&amp#27;[0m Proxying [GET /screenshot] to [GET http://127.0.0.1:8200/session/7506ca6f-8dc7-43d5-ad90-b10e9e5f2942/screenshot] with no body
[debug] &amp#27;[38;5;32m[AndroidUiautomator2Driver@5ad4 (b95e9987)]&amp#27;[0m Got response with status 200: {"sessionId":"7506ca6f-8dc7-43d5-ad90-b10e9e5f2942","value":"iVBORw0KGgoAAAANSUhEUgAABDgAAAlgCAYAAABtGofVAAAAAXNSR0IArs4c6QAAAARzQklUCAgICHwIZIgAACAASURBVHic7N13cFznfS/87ylb0TuwBAmigyAIQCyiRbGLkuXYpE1JkV/FcUmc3NiaO6+VxIqdTDKK0zyTZOI4meRlbm4Sy7qxTcdUfCmJkkiRokiRVGEnQJBEJcoCRK/bTnv/OMASIFEWi10AS30/MxqhnPLsYrHE+Z7n+f2EF1980QARERERERERUQwTl3oAREREREREREQLxYCDiIiIiIiIiGIeAw4iIiIiIiIiinkMOIiIiIiIiIgo5jHgICIiIiIiIqKYx4CDiIiIiIiIiGIeAw4iIiIiIiIiinkMOIiIiIiIiIgo5jHgICIiIiIiIqKYx4CDiIiIiIiIiGIeAw4iIiIiIiIiinnyUg+AYpMoikhMTERFRQVKSkqQlZWFuLg4AIDH40F3dzdu3bqFq1evYnh4GLquL/GIiYiIiIiI6EEmvPjii8ZSD4JigyAIyM7OxlNPPYXc3FyIoghBEGbdxzAMGIYBt9uNV199FR0dHTAMvuSIiIiIiIgoshhwUEhSUlLw3e9+FwDmDDVmMhFs/OEf/iFndBARERERLVMOhwM5OTlwuVxwOBxwuVyw2+3B7/t8Prjdbni9XrjdbnR2dsLr9S7hiBeupKQEt27diuo5XC4X9u7dO+s2r732Gtxud1TH8SDjEhWalcViwTe/+U2sWLEi7GBjwsT+zz77LH72s59FYngRJ0kSbDYbPB7PlK+5XC6sXLkSaWlpwa/7/X709/djdHQUra2t8Hq9wRDH6XTC7/dD07RFfwzhstls2LRpE1JSUua9r8fjwc2bN9HV1QVVVaMwOiIiIiKKppSUFKxduxZr165FYWHhnNuvXbt2yueNjY2ora1FbW0tBgYGojXMqHj88cdR...
[debug] &amp#27;[38;5;32m[AndroidUiautomator2Driver@5ad4 (b95e9987)]&amp#27;[0m Responding to client with driver.getScreenshot() result: "iVBORw0KGgoAAAANSUhEUgAABDgAAAlgCAYAAABtGofVAAAAAXNSR0IArs4c6QAAAARzQklUCAgICHwIZIgAACAASURBVHic7N13cFznfS/87ylb0TuwBAmigyAIQCyiRbGLkuXYpE1JkV/FcUmc3NiaO6+VxIqdTDKK0zyTZOI4meRlbm4Sy7qxTcdUfCmJkkiRokiRVGEnQJBEJcoCRK/bTnv/OMASIFEWi10AS30/MxqhnPLsYrHE+Z7n+f2EF1980QARERERERERUQwTl3oAREREREREREQLxYCDiIiIiIiIiGIeAw4iIiIiIiIiinkMOIiIiIiIiIgo5jHgICIiIiIiIqKYx4CDiIiIiIiIiGIeAw4iIiIiIiIiinkMOIiIiIiIiIgo5jHgICIiIiIiIqKYx4CDiIiIiIiIiGIeAw4iIiIiIiIiinnyUg+AYpMoikhMTERFRQVKSkqQlZWFuLg4AIDH40F3dzdu3bqFq1evYnh4GLquL/GIiYiIiIiI6EEmvPjii8ZSD4JigyAIyM7OxlNPPYXc3FyIoghBEGbdxzAMGIYBt9uNV199FR0dHTAMvuSIiIiIiIgoshhwUEhSUlLw3e9+FwDmDDVmMhFs/OEf/iFndBARERERLVMOhwM5OTlwuVxwOBxwuVyw2+3B7/t8Prjdbni9XrjdbnR2dsLr9S7hiBeupKQEt27diuo5XC4X9u7dO+s2r732Gtxud1TH8SDjEhWalcViwTe/+U2sWLEi7GBjwsT+zz77LH72s59FYngRJ0kSbDYbPB7PlK+5XC6sXLkSaWlpwa/7/X709/djdHQUra2t8Hq9wRDH6XTC7/dD07RFfwzhstls2LRpE1JSUua9r8fjwc2bN9HV1QVVVaMwOiIiIiKKppSUFKxduxZr165FYWHhnNuvXbt2yueNjY2ora1FbW0tBgYGojXMqHj88cdRWFgY9YDD4XDM+dw6HI6ojuFBx4CDZpSamooXX3wRkiRF9Lhr166FIAgwDANW...
&amp#27;[38;5;0m[HTTP]&amp#27;[0m &amp#27;[37m<-- GET /session/b95e9987-ce00-4859-b89c-33a2d94ca077/screenshot &amp#27;[39m&amp#27;[32m200&amp#27;[39m &amp#27;[90m474 ms - 1715896&amp#27;[39m
&amp#27;[38;5;0m[HTTP]&amp#27;[0m &amp#27;[90m&amp#27;[39m
&amp#27;[38;5;0m[HTTP]&amp#27;[0m &amp#27;[37m-->&amp#27;[39m &amp#27;[37mGET&amp#27;[39m &amp#27;[37m/session/b95e9987-ce00-4859-b89c-33a2d94ca077/context&amp#27;[39m
&amp#27;[38;5;0m[HTTP]&amp#27;[0m &amp#27;[90m{}&amp#27;[39m
[debug] &amp#27;[38;5;32m[AndroidUiautomator2Driver@5ad4 (b95e9987)]&amp#27;[0m Calling AppiumDriver.getCurrentContext() with args: ["b95e9987-ce00-4859-b89c-33a2d94ca077"]
[debug] &amp#27;[38;5;32m[AndroidUiautomator2Driver@5ad4 (b95e9987)]&amp#27;[0m Responding to client with driver.getCurrentContext() result: "NATIVE_APP"
&amp#27;[38;5;0m[HTTP]&amp#27;[0m &amp#27;[37m<-- GET /session/b95e9987-ce00-4859-b89c-33a2d94ca077/context &amp#27;[39m&amp#27;[32m200&amp#27;[39m &amp#27;[90m3 ms - 22&amp#27;[39m
&amp#27;[38;5;0m[HTTP]&amp#27;[0m &amp#27;[90m&amp#27;[39m
&amp#27;[38;5;0m[HTTP]&amp#27;[0m &amp#27;[37m-->&amp#27;[39m &amp#27;[37mPOST&amp#27;[39m &amp#27;[37m/session/b95e9987-ce00-4859-b89c-33a2d94ca077/element&amp#27;[39m
&amp#27;[38;5;0m[HTTP]&amp#27;[0m &amp#27;[90m{"using":"accessibility id","value":"test-Cart drop zone"}&amp#27;[39m
[debug] &amp#27;[38;5;32m[AndroidUiautomator2Driver@5ad4 (b95e9987)]&amp#27;[0m Calling AppiumDriver.findElement() with args: ["accessibility id","test-Cart drop zone","b95e9987-ce00-4859-b89c-33a2d94ca077"]
[debug] &amp#27;[38;5;32m[AndroidUiautomator2Driver@5ad4 (b95e9987)]&amp#27;[0m Valid locator strategies for this request: xpath, id, class name, accessibility id, css selector, -android uiautomator
[debug] &amp#27;[38;5;32m[AndroidUiautomator2Driver@5ad4 (b95e9987)]&amp#27;[0m Waiting up to 20000 ms for condition
[debug] &amp#27;[38;5;32m[AndroidUiautomator2Driver@5ad4 (b95e9987)]&amp#27;[0m Matched '/element' to command name 'findElement'
[debug] &amp#27;[38;5;32m[AndroidUiautomator2Driver@5ad4 (b95e9987)]&amp#27;[0m Proxying [POST /element] to [POST http://127.0.0.1:8200/session/7506ca6f-8dc7-43d5-ad90-b10e9e5f2942/element] with body: {"strategy":"accessibility id","selector":"test-Cart drop zone","context":"","multiple":false}
[debug] &amp#27;[38;5;32m[AndroidUiautomator2Driver@5ad4 (b95e9987)]&amp#27;[0m Got response with status 200: {"sessionId":"7506ca6f-8dc7-43d5-ad90-b10e9e5f2942","value":{"ELEMENT":"00000000-0000-0061-ffff-ffff00000040","element-6066-11e4-a52e-4f735466cecf":"00000000-0000-0061-ffff-ffff00000040"}}
[debug] &amp#27;[38;5;32m[AndroidUiautomator2Driver@5ad4 (b95e9987)]&amp#27;[0m Responding to client with driver.findElement() result: {"element-6066-11e4-a52e-4f735466cecf":"00000000-0000-0061-ffff-ffff00000040","ELEMENT":"00000000-0000-0061-ffff-ffff00000040"}
&amp#27;[38;5;0m[HTTP]&amp#27;[0m &amp#27;[37m<-- POST /session/b95e9987-ce00-4859-b89c-33a2d94ca077/element &amp#27;[39m&amp#27;[32m200&amp#27;[39m &amp#27;[90m65 ms - 137&amp#27;[39m
&amp#27;[38;5;0m[HTTP]&amp#27;[0m &amp#27;[90m&amp#27;[39m
&amp#27;[38;5;0m[HTTP]&amp#27;[0m &amp#27;[37m-->&amp#27;[39m &amp#27;[37mGET&amp#27;[39m &amp#27;[37m/session/b95e9987-ce00-4859-b89c-33a2d94ca077/element/00000000-0000-0061-ffff-ffff00000040/displayed&amp#27;[39m
&amp#27;[38;5;0m[HTTP]&amp#27;[0m &amp#27;[90m{}&amp#27;[39m
[debug] &amp#27;[38;5;32m[AndroidUiautomator2Driver@5ad4 (b95e9987)]&amp#27;[0m Calling AppiumDriver.elementDisplayed() with args: ["00000000-0000-0061-ffff-ffff00000040","b95e9987-ce00-4859-b89c-33a2d94ca077"]
[debug] &amp#27;[38;5;32m[AndroidUiautomator2Driver@5ad4 (b95e9987)]&amp#27;[0m Matched '/element/00000000-0000-0061-ffff-ffff00000040/attribute/displayed' to command name 'getAttribute'
[debug] &amp#27;[38;5;32m[AndroidUiautomator2Driver@5ad4 (b95e9987)]&amp#27;[0m Proxying [GET /element/00000000-0000-0061-ffff-ffff00000040/attribute/displayed] to [GET http://127.0.0.1:8200/session/7506ca6f-8dc7-43d5-ad90-b10e9e5f2942/element/00000000-0000-0061-ffff-ffff00000040/attribute/displayed] with no body
[debug] &amp#27;[38;5;32m[AndroidUiautomator2Driver@5ad4 (b95e9987)]&amp#27;[0m Got response with status 200: {"sessionId":"7506ca6f-8dc7-43d5-ad90-b10e9e5f2942","value":"true"}
[debug] &amp#27;[38;5;32m[AndroidUiautomator2Driver@5ad4 (b95e9987)]&amp#27;[0m Responding to client with driver.elementDisplayed() result: true
&amp#27;[38;5;0m[HTTP]&amp#27;[0m &amp#27;[37m<-- GET /session/b95e9987-ce00-4859-b89c-33a2d94ca077/element/00000000-0000-0061-ffff-ffff00000040/displayed &amp#27;[39m&amp#27;[32m200&amp#27;[39m &amp#27;[90m19 ms - 14&amp#27;[39m
&amp#27;[38;5;0m[HTTP]&amp#27;[0m &amp#27;[90m&amp#27;[39m
&amp#27;[38;5;0m[HTTP]&amp#27;[0m &amp#27;[37m-->&amp#27;[39m &amp#27;[37mPOST&amp#27;[39m &amp#27;[37m/session/b95e9987-ce00-4859-b89c-33a2d94ca077/element&amp#27;[39m
&amp#27;[38;5;0m[HTTP]&amp#27;[0m &amp#27;[90m{"using":"-android uiautomator","value":"new UiScrollable(new UiSelector().className(\"android.widget.ScrollView\")).scrollIntoView(new UiSelector().textMatches(\"Sauce Labs Onesie\").instance(0))"}&amp#27;[39m
[debug] &amp#27;[38;5;32m[AndroidUiautomator2Driver@5ad4 (b95e9987)]&amp#27;[0m Calling AppiumDriver.findElement() with args: ["-android uiautomator","new UiScrollable(new UiSelector().className(\"android.widget.ScrollView\")).scrollIntoView(new UiSelector().textMatches(\"Sauce Labs Onesie\").instance(0))","b95e9987-ce00-4859-b89c-33a2d94ca077"]
[debug] &amp#27;[38;5;32m[AndroidUiautomator2Driver@5ad4 (b95e9987)]&amp#27;[0m Valid locator strategies for this request: xpath, id, class name, accessibility id, css selector, -android uiautomator
[debug] &amp#27;[38;5;32m[AndroidUiautomator2Driver@5ad4 (b95e9987)]&amp#27;[0m Waiting up to 20000 ms for condition
[debug] &amp#27;[38;5;32m[AndroidUiautomator2Driver@5ad4 (b95e9987)]&amp#27;[0m Matched '/element' to command name 'findElement'
[debug] &amp#27;[38;5;32m[AndroidUiautomator2Driver@5ad4 (b95e9987)]&amp#27;[0m Proxying [POST /element] to [POST http://127.0.0.1:8200/session/7506ca6f-8dc7-43d5-ad90-b10e9e5f2942/element] with body: {"strategy":"-android uiautomator","selector":"new UiScrollable(new UiSelector().className(\"android.widget.ScrollView\")).scrollIntoView(new UiSelector().textMatches(\"Sauce Labs Onesie\").instance(0))","context":"","multiple":false}
[debug] &amp#27;[38;5;32m[AndroidUiautomator2Driver@5ad4 (b95e9987)]&amp#27;[0m Got response with status 200: {"sessionId":"7506ca6f-8dc7-43d5-ad90-b10e9e5f2942","value":{"ELEMENT":"00000000-0000-0061-ffff-ffff00000087","element-6066-11e4-a52e-4f735466cecf":"00000000-0000-0061-ffff-ffff00000087"}}
[debug] &amp#27;[38;5;32m[AndroidUiautomator2Driver@5ad4 (b95e9987)]&amp#27;[0m Responding to client with driver.findElement() result: {"element-6066-11e4-a52e-4f735466cecf":"00000000-0000-0061-ffff-ffff00000087","ELEMENT":"00000000-0000-0061-ffff-ffff00000087"}
&amp#27;[38;5;0m[HTTP]&amp#27;[0m &amp#27;[37m<-- POST /session/b95e9987-ce00-4859-b89c-33a2d94ca077/element &amp#27;[39m&amp#27;[32m200&amp#27;[39m &amp#27;[90m4292 ms - 137&amp#27;[39m
&amp#27;[38;5;0m[HTTP]&amp#27;[0m &amp#27;[90m&amp#27;[39m
&amp#27;[38;5;0m[HTTP]&amp#27;[0m &amp#27;[37m-->&amp#27;[39m &amp#27;[37mGET&amp#27;[39m &amp#27;[37m/session/b95e9987-ce00-4859-b89c-33a2d94ca077/context&amp#27;[39m
&amp#27;[38;5;0m[HTTP]&amp#27;[0m &amp#27;[90m{}&amp#27;[39m
[debug] &amp#27;[38;5;32m[AndroidUiautomator2Driver@5ad4 (b95e9987)]&amp#27;[0m Calling AppiumDriver.getCurrentContext() with args: ["b95e9987-ce00-4859-b89c-33a2d94ca077"]
[debug] &amp#27;[38;5;32m[AndroidUiautomator2Driver@5ad4 (b95e9987)]&amp#27;[0m Responding to client with driver.getCurrentContext() result: "NATIVE_APP"
&amp#27;[38;5;0m[HTTP]&amp#27;[0m &amp#27;[37m<-- GET /session/b95e9987-ce00-4859-b89c-33a2d94ca077/context &amp#27;[39m&amp#27;[32m200&amp#27;[39m &amp#27;[90m2 ms - 22&amp#27;[39m
&amp#27;[38;5;0m[HTTP]&amp#27;[0m &amp#27;[90m&amp#27;[39m
&amp#27;[38;5;0m[HTTP]&amp#27;[0m &amp#27;[37m-->&amp#27;[39m &amp#27;[37mPOST&amp#27;[39m &amp#27;[37m/session/b95e9987-ce00-4859-b89c-33a2d94ca077/element&amp#27;[39m
&amp#27;[38;5;0m[HTTP]&amp#27;[0m &amp#27;[90m{"using":"accessibility id","value":"test-Menu"}&amp#27;[39m
[debug] &amp#27;[38;5;32m[AndroidUiautomator2Driver@5ad4 (b95e9987)]&amp#27;[0m Calling AppiumDriver.findElement() with args: ["accessibility id","test-Menu","b95e9987-ce00-4859-b89c-33a2d94ca077"]
[debug] &amp#27;[38;5;32m[AndroidUiautomator2Driver@5ad4 (b95e9987)]&amp#27;[0m Valid locator strategies for this request: xpath, id, class name, accessibility id, css selector, -android uiautomator
[debug] &amp#27;[38;5;32m[AndroidUiautomator2Driver@5ad4 (b95e9987)]&amp#27;[0m Waiting up to 20000 ms for condition
[debug] &amp#27;[38;5;32m[AndroidUiautomator2Driver@5ad4 (b95e9987)]&amp#27;[0m Matched '/element' to command name 'findElement'
[debug] &amp#27;[38;5;32m[AndroidUiautomator2Driver@5ad4 (b95e9987)]&amp#27;[0m Proxying [POST /element] to [POST http://127.0.0.1:8200/session/7506ca6f-8dc7-43d5-ad90-b10e9e5f2942/element] with body: {"strategy":"accessibility id","selector":"test-Menu","context":"","multiple":false}
[debug] &amp#27;[38;5;32m[AndroidUiautomator2Driver@5ad4 (b95e9987)]&amp#27;[0m Got response with status 200: {"sessionId":"7506ca6f-8dc7-43d5-ad90-b10e9e5f2942","value":{"ELEMENT":"00000000-0000-0061-ffff-ffff0000004d","element-6066-11e4-a52e-4f735466cecf":"00000000-0000-0061-ffff-ffff0000004d"}}
[debug] &amp#27;[38;5;32m[AndroidUiautomator2Driver@5ad4 (b95e9987)]&amp#27;[0m Responding to client with driver.findElement() result: {"element-6066-11e4-a52e-4f735466cecf":"00000000-0000-0061-ffff-ffff0000004d","ELEMENT":"00000000-0000-0061-ffff-ffff0000004d"}
&amp#27;[38;5;0m[HTTP]&amp#27;[0m &amp#27;[37m<-- POST /session/b95e9987-ce00-4859-b89c-33a2d94ca077/element &amp#27;[39m&amp#27;[32m200&amp#27;[39m &amp#27;[90m32 ms - 137&amp#27;[39m
&amp#27;[38;5;0m[HTTP]&amp#27;[0m &amp#27;[90m&amp#27;[39m
&amp#27;[38;5;0m[HTTP]&amp#27;[0m &amp#27;[37m-->&amp#27;[39m &amp#27;[37mGET&amp#27;[39m &amp#27;[37m/session/b95e9987-ce00-4859-b89c-33a2d94ca077/element/00000000-0000-0061-ffff-ffff0000004d/displayed&amp#27;[39m
&amp#27;[38;5;0m[HTTP]&amp#27;[0m &amp#27;[90m{}&amp#27;[39m
[debug] &amp#27;[38;5;32m[AndroidUiautomator2Driver@5ad4 (b95e9987)]&amp#27;[0m Calling AppiumDriver.elementDisplayed() with args: ["00000000-0000-0061-ffff-ffff0000004d","b95e9987-ce00-4859-b89c-33a2d94ca077"]
[debug] &amp#27;[38;5;32m[AndroidUiautomator2Driver@5ad4 (b95e9987)]&amp#27;[0m Matched '/element/00000000-0000-0061-ffff-ffff0000004d/attribute/displayed' to command name 'getAttribute'
[debug] &amp#27;[38;5;32m[AndroidUiautomator2Driver@5ad4 (b95e9987)]&amp#27;[0m Proxying [GET /element/00000000-0000-0061-ffff-ffff0000004d/attribute/displayed] to [GET http://127.0.0.1:8200/session/7506ca6f-8dc7-43d5-ad90-b10e9e5f2942/element/00000000-0000-0061-ffff-ffff0000004d/attribute/displayed] with no body
[debug] &amp#27;[38;5;32m[AndroidUiautomator2Driver@5ad4 (b95e9987)]&amp#27;[0m Got response with status 200: {"sessionId":"7506ca6f-8dc7-43d5-ad90-b10e9e5f2942","value":"true"}
[debug] &amp#27;[38;5;32m[AndroidUiautomator2Driver@5ad4 (b95e9987)]&amp#27;[0m Responding to client with driver.elementDisplayed() result: true
&amp#27;[38;5;0m[HTTP]&amp#27;[0m &amp#27;[37m<-- GET /session/b95e9987-ce00-4859-b89c-33a2d94ca077/element/00000000-0000-0061-ffff-ffff0000004d/displayed &amp#27;[39m&amp#27;[32m200&amp#27;[39m &amp#27;[90m21 ms - 14&amp#27;[39m
&amp#27;[38;5;0m[HTTP]&amp#27;[0m &amp#27;[90m&amp#27;[39m
&amp#27;[38;5;0m[HTTP]&amp#27;[0m &amp#27;[37m-->&amp#27;[39m &amp#27;[37mGET&amp#27;[39m &amp#27;[37m/session/b95e9987-ce00-4859-b89c-33a2d94ca077/context&amp#27;[39m
&amp#27;[38;5;0m[HTTP]&amp#27;[0m &amp#27;[90m{}&amp#27;[39m
[debug] &amp#27;[38;5;32m[AndroidUiautomator2Driver@5ad4 (b95e9987)]&amp#27;[0m Calling AppiumDriver.getCurrentContext() with args: ["b95e9987-ce00-4859-b89c-33a2d94ca077"]
[debug] &amp#27;[38;5;32m[AndroidUiautomator2Driver@5ad4 (b95e9987)]&amp#27;[0m Responding to client with driver.getCurrentContext() result: "NATIVE_APP"
&amp#27;[38;5;0m[HTTP]&amp#27;[0m &amp#27;[37m<-- GET /session/b95e9987-ce00-4859-b89c-33a2d94ca077/context &amp#27;[39m&amp#27;[32m200&amp#27;[39m &amp#27;[90m2 ms - 22&amp#27;[39m
&amp#27;[38;5;0m[HTTP]&amp#27;[0m &amp#27;[90m&amp#27;[39m
&amp#27;[38;5;0m[HTTP]&amp#27;[0m &amp#27;[37m-->&amp#27;[39m &amp#27;[37mPOST&amp#27;[39m &amp#27;[37m/session/b95e9987-ce00-4859-b89c-33a2d94ca077/element&amp#27;[39m
&amp#27;[38;5;0m[HTTP]&amp#27;[0m &amp#27;[90m{"using":"accessibility id","value":"test-Menu"}&amp#27;[39m
[debug] &amp#27;[38;5;32m[AndroidUiautomator2Driver@5ad4 (b95e9987)]&amp#27;[0m Calling AppiumDriver.findElement() with args: ["accessibility id","test-Menu","b95e9987-ce00-4859-b89c-33a2d94ca077"]
[debug] &amp#27;[38;5;32m[AndroidUiautomator2Driver@5ad4 (b95e9987)]&amp#27;[0m Valid locator strategies for this request: xpath, id, class name, accessibility id, css selector, -android uiautomator
[debug] &amp#27;[38;5;32m[AndroidUiautomator2Driver@5ad4 (b95e9987)]&amp#27;[0m Waiting up to 20000 ms for condition
[debug] &amp#27;[38;5;32m[AndroidUiautomator2Driver@5ad4 (b95e9987)]&amp#27;[0m Matched '/element' to command name 'findElement'
[debug] &amp#27;[38;5;32m[AndroidUiautomator2Driver@5ad4 (b95e9987)]&amp#27;[0m Proxying [POST /element] to [POST http://127.0.0.1:8200/session/7506ca6f-8dc7-43d5-ad90-b10e9e5f2942/element] with body: {"strategy":"accessibility id","selector":"test-Menu","context":"","multiple":false}
[debug] &amp#27;[38;5;32m[AndroidUiautomator2Driver@5ad4 (b95e9987)]&amp#27;[0m Got response with status 200: {"sessionId":"7506ca6f-8dc7-43d5-ad90-b10e9e5f2942","value":{"ELEMENT":"00000000-0000-0061-ffff-ffff0000004d","element-6066-11e4-a52e-4f735466cecf":"00000000-0000-0061-ffff-ffff0000004d"}}
[debug] &amp#27;[38;5;32m[AndroidUiautomator2Driver@5ad4 (b95e9987)]&amp#27;[0m Responding to client with driver.findElement() result: {"element-6066-11e4-a52e-4f735466cecf":"00000000-0000-0061-ffff-ffff0000004d","ELEMENT":"00000000-0000-0061-ffff-ffff0000004d"}
&amp#27;[38;5;0m[HTTP]&amp#27;[0m &amp#27;[37m<-- POST /session/b95e9987-ce00-4859-b89c-33a2d94ca077/element &amp#27;[39m&amp#27;[32m200&amp#27;[39m &amp#27;[90m39 ms - 137&amp#27;[39m
&amp#27;[38;5;0m[HTTP]&amp#27;[0m &amp#27;[90m&amp#27;[39m
&amp#27;[38;5;0m[HTTP]&amp#27;[0m &amp#27;[37m-->&amp#27;[39m &amp#27;[37mPOST&amp#27;[39m &amp#27;[37m/session/b95e9987-ce00-4859-b89c-33a2d94ca077/element/00000000-0000-0061-ffff-ffff0000004d/click&amp#27;[39m
&amp#27;[38;5;0m[HTTP]&amp#27;[0m &amp#27;[90m{"id":"00000000-0000-0061-ffff-ffff0000004d"}&amp#27;[39m
[debug] &amp#27;[38;5;32m[AndroidUiautomator2Driver@5ad4 (b95e9987)]&amp#27;[0m Calling AppiumDriver.click() with args: ["00000000-0000-0061-ffff-ffff0000004d","b95e9987-ce00-4859-b89c-33a2d94ca077"]
[debug] &amp#27;[38;5;32m[AndroidUiautomator2Driver@5ad4 (b95e9987)]&amp#27;[0m Matched '/element/00000000-0000-0061-ffff-ffff0000004d/click' to command name 'click'
[debug] &amp#27;[38;5;32m[AndroidUiautomator2Driver@5ad4 (b95e9987)]&amp#27;[0m Proxying [POST /element/00000000-0000-0061-ffff-ffff0000004d/click] to [POST http://127.0.0.1:8200/session/7506ca6f-8dc7-43d5-ad90-b10e9e5f2942/element/00000000-0000-0061-ffff-ffff0000004d/click] with body: {"element":"00000000-0000-0061-ffff-ffff0000004d"}
[debug] &amp#27;[38;5;32m[AndroidUiautomator2Driver@5ad4 (b95e9987)]&amp#27;[0m Got response with status 200: {"sessionId":"7506ca6f-8dc7-43d5-ad90-b10e9e5f2942","value":null}
[debug] &amp#27;[38;5;32m[AndroidUiautomator2Driver@5ad4 (b95e9987)]&amp#27;[0m Responding to client with driver.click() result: null
&amp#27;[38;5;0m[HTTP]&amp#27;[0m &amp#27;[37m<-- POST /session/b95e9987-ce00-4859-b89c-33a2d94ca077/element/00000000-0000-0061-ffff-ffff0000004d/click &amp#27;[39m&amp#27;[32m200&amp#27;[39m &amp#27;[90m75 ms - 14&amp#27;[39m
&amp#27;[38;5;0m[HTTP]&amp#27;[0m &amp#27;[90m&amp#27;[39m
&amp#27;[38;5;0m[HTTP]&amp#27;[0m &amp#27;[37m-->&amp#27;[39m &amp#27;[37mGET&amp#27;[39m &amp#27;[37m/session/b95e9987-ce00-4859-b89c-33a2d94ca077/context&amp#27;[39m
&amp#27;[38;5;0m[HTTP]&amp#27;[0m &amp#27;[90m{}&amp#27;[39m
[debug] &amp#27;[38;5;32m[AndroidUiautomator2Driver@5ad4 (b95e9987)]&amp#27;[0m Calling AppiumDriver.getCurrentContext() with args: ["b95e9987-ce00-4859-b89c-33a2d94ca077"]
[debug] &amp#27;[38;5;32m[AndroidUiautomator2Driver@5ad4 (b95e9987)]&amp#27;[0m Responding to client with driver.getCurrentContext() result: "NATIVE_APP"
&amp#27;[38;5;0m[HTTP]&amp#27;[0m &amp#27;[37m<-- GET /session/b95e9987-ce00-4859-b89c-33a2d94ca077/context &amp#27;[39m&amp#27;[32m200&amp#27;[39m &amp#27;[90m1 ms - 22&amp#27;[39m
&amp#27;[38;5;0m[HTTP]&amp#27;[0m &amp#27;[90m&amp#27;[39m
&amp#27;[38;5;0m[HTTP]&amp#27;[0m &amp#27;[37m-->&amp#27;[39m &amp#27;[37mPOST&amp#27;[39m &amp#27;[37m/session/b95e9987-ce00-4859-b89c-33a2d94ca077/element&amp#27;[39m
&amp#27;[38;5;0m[HTTP]&amp#27;[0m &amp#27;[90m{"using":"accessibility id","value":"test-LOGOUT"}&amp#27;[39m
[debug] &amp#27;[38;5;32m[AndroidUiautomator2Driver@5ad4 (b95e9987)]&amp#27;[0m Calling AppiumDriver.findElement() with args: ["accessibility id","test-LOGOUT","b95e9987-ce00-4859-b89c-33a2d94ca077"]
[debug] &amp#27;[38;5;32m[AndroidUiautomator2Driver@5ad4 (b95e9987)]&amp#27;[0m Valid locator strategies for this request: xpath, id, class name, accessibility id, css selector, -android uiautomator
[debug] &amp#27;[38;5;32m[AndroidUiautomator2Driver@5ad4 (b95e9987)]&amp#27;[0m Waiting up to 20000 ms for condition
[debug] &amp#27;[38;5;32m[AndroidUiautomator2Driver@5ad4 (b95e9987)]&amp#27;[0m Matched '/element' to command name 'findElement'
[debug] &amp#27;[38;5;32m[AndroidUiautomator2Driver@5ad4 (b95e9987)]&amp#27;[0m Proxying [POST /element] to [POST http://127.0.0.1:8200/session/7506ca6f-8dc7-43d5-ad90-b10e9e5f2942/element] with body: {"strategy":"accessibility id","selector":"test-LOGOUT","context":"","multiple":false}
&amp#27;[38;5;32m[AndroidUiautomator2Driver@5ad4 (b95e9987)]&amp#27;[0m Got response with status 404: {"sessionId":"7506ca6f-8dc7-43d5-ad90-b10e9e5f2942","value":{"error":"no such element","message":"An element could not be located on the page using the given search parameters","stacktrace":"io.appium.uiautomator2.common.exceptions.ElementNotFoundException: An element could not be located on the page using the given search parameters\n\tat io.appium.uiautomator2.handler.FindElement.safeHandle(FindElement.java:70)\n\tat io.appium.uiautomator2.handler.request.SafeRequestHandler.handle(SafeRequestHandler.java:59)\n\tat io.appium.uiautomator2.server.AppiumServlet.handleRequest(AppiumServlet.java:270)\n\tat io.appium.uiautomator2.server.AppiumServlet.handleHttpRequest(AppiumServlet.java:264)\n\tat io.appium.uiautomator2.http.ServerHandler.channelRead(ServerHandler.java:68)\n\tat io.netty.channel.AbstractChannelHandlerContext.invokeChannelRead(AbstractChannelHandlerContext.java:366)\n\tat io.netty.channel.AbstractChannelHandlerContext.invokeChannelRead(AbstractChannelHandlerContext.java:352)\n\tat io.netty.chann...
[debug] &amp#27;[38;5;128m[W3C]&amp#27;[0m Matched W3C error code 'no such element' to NoSuchElementError
[debug] &amp#27;[38;5;32m[AndroidUiautomator2Driver@5ad4 (b95e9987)]&amp#27;[0m Waited for 97 ms so far
[debug] &amp#27;[38;5;32m[AndroidUiautomator2Driver@5ad4 (b95e9987)]&amp#27;[0m Matched '/element' to command name 'findElement'
[debug] &amp#27;[38;5;32m[AndroidUiautomator2Driver@5ad4 (b95e9987)]&amp#27;[0m Proxying [POST /element] to [POST http://127.0.0.1:8200/session/7506ca6f-8dc7-43d5-ad90-b10e9e5f2942/element] with body: {"strategy":"accessibility id","selector":"test-LOGOUT","context":"","multiple":false}
[debug] &amp#27;[38;5;32m[AndroidUiautomator2Driver@5ad4 (b95e9987)]&amp#27;[0m Got response with status 200: {"sessionId":"7506ca6f-8dc7-43d5-ad90-b10e9e5f2942","value":{"ELEMENT":"00000000-0000-0061-ffff-ffff0000001e","element-6066-11e4-a52e-4f735466cecf":"00000000-0000-0061-ffff-ffff0000001e"}}
[debug] &amp#27;[38;5;32m[AndroidUiautomator2Driver@5ad4 (b95e9987)]&amp#27;[0m Responding to client with driver.findElement() result: {"element-6066-11e4-a52e-4f735466cecf":"00000000-0000-0061-ffff-ffff0000001e","ELEMENT":"00000000-0000-0061-ffff-ffff0000001e"}
&amp#27;[38;5;0m[HTTP]&amp#27;[0m &amp#27;[37m<-- POST /session/b95e9987-ce00-4859-b89c-33a2d94ca077/element &amp#27;[39m&amp#27;[32m200&amp#27;[39m &amp#27;[90m1579 ms - 137&amp#27;[39m
&amp#27;[38;5;0m[HTTP]&amp#27;[0m &amp#27;[90m&amp#27;[39m
&amp#27;[38;5;0m[HTTP]&amp#27;[0m &amp#27;[37m-->&amp#27;[39m &amp#27;[37mGET&amp#27;[39m &amp#27;[37m/session/b95e9987-ce00-4859-b89c-33a2d94ca077/element/00000000-0000-0061-ffff-ffff0000001e/displayed&amp#27;[39m
&amp#27;[38;5;0m[HTTP]&amp#27;[0m &amp#27;[90m{}&amp#27;[39m
[debug] &amp#27;[38;5;32m[AndroidUiautomator2Driver@5ad4 (b95e9987)]&amp#27;[0m Calling AppiumDriver.elementDisplayed() with args: ["00000000-0000-0061-ffff-ffff0000001e","b95e9987-ce00-4859-b89c-33a2d94ca077"]
[debug] &amp#27;[38;5;32m[AndroidUiautomator2Driver@5ad4 (b95e9987)]&amp#27;[0m Matched '/element/00000000-0000-0061-ffff-ffff0000001e/attribute/displayed' to command name 'getAttribute'
[debug] &amp#27;[38;5;32m[AndroidUiautomator2Driver@5ad4 (b95e9987)]&amp#27;[0m Proxying [GET /element/00000000-0000-0061-ffff-ffff0000001e/attribute/displayed] to [GET http://127.0.0.1:8200/session/7506ca6f-8dc7-43d5-ad90-b10e9e5f2942/element/00000000-0000-0061-ffff-ffff0000001e/attribute/displayed] with no body
[debug] &amp#27;[38;5;32m[AndroidUiautomator2Driver@5ad4 (b95e9987)]&amp#27;[0m Got response with status 200: {"sessionId":"7506ca6f-8dc7-43d5-ad90-b10e9e5f2942","value":"true"}
[debug] &amp#27;[38;5;32m[AndroidUiautomator2Driver@5ad4 (b95e9987)]&amp#27;[0m Responding to client with driver.elementDisplayed() result: true
&amp#27;[38;5;0m[HTTP]&amp#27;[0m &amp#27;[37m<-- GET /session/b95e9987-ce00-4859-b89c-33a2d94ca077/element/00000000-0000-0061-ffff-ffff0000001e/displayed &amp#27;[39m&amp#27;[32m200&amp#27;[39m &amp#27;[90m13 ms - 14&amp#27;[39m
&amp#27;[38;5;0m[HTTP]&amp#27;[0m &amp#27;[90m&amp#27;[39m
&amp#27;[38;5;0m[HTTP]&amp#27;[0m &amp#27;[37m-->&amp#27;[39m &amp#27;[37mGET&amp#27;[39m &amp#27;[37m/session/b95e9987-ce00-4859-b89c-33a2d94ca077/context&amp#27;[39m
&amp#27;[38;5;0m[HTTP]&amp#27;[0m &amp#27;[90m{}&amp#27;[39m
[debug] &amp#27;[38;5;32m[AndroidUiautomator2Driver@5ad4 (b95e9987)]&amp#27;[0m Calling AppiumDriver.getCurrentContext() with args: ["b95e9987-ce00-4859-b89c-33a2d94ca077"]
[debug] &amp#27;[38;5;32m[AndroidUiautomator2Driver@5ad4 (b95e9987)]&amp#27;[0m Responding to client with driver.getCurrentContext() result: "NATIVE_APP"
&amp#27;[38;5;0m[HTTP]&amp#27;[0m &amp#27;[37m<-- GET /session/b95e9987-ce00-4859-b89c-33a2d94ca077/context &amp#27;[39m&amp#27;[32m200&amp#27;[39m &amp#27;[90m1 ms - 22&amp#27;[39m
&amp#27;[38;5;0m[HTTP]&amp#27;[0m &amp#27;[90m&amp#27;[39m
&amp#27;[38;5;0m[HTTP]&amp#27;[0m &amp#27;[37m-->&amp#27;[39m &amp#27;[37mPOST&amp#27;[39m &amp#27;[37m/session/b95e9987-ce00-4859-b89c-33a2d94ca077/element&amp#27;[39m
&amp#27;[38;5;0m[HTTP]&amp#27;[0m &amp#27;[90m{"using":"accessibility id","value":"test-LOGOUT"}&amp#27;[39m
[debug] &amp#27;[38;5;32m[AndroidUiautomator2Driver@5ad4 (b95e9987)]&amp#27;[0m Calling AppiumDriver.findElement() with args: ["accessibility id","test-LOGOUT","b95e9987-ce00-4859-b89c-33a2d94ca077"]
[debug] &amp#27;[38;5;32m[AndroidUiautomator2Driver@5ad4 (b95e9987)]&amp#27;[0m Valid locator strategies for this request: xpath, id, class name, accessibility id, css selector, -android uiautomator
[debug] &amp#27;[38;5;32m[AndroidUiautomator2Driver@5ad4 (b95e9987)]&amp#27;[0m Waiting up to 20000 ms for condition
[debug] &amp#27;[38;5;32m[AndroidUiautomator2Driver@5ad4 (b95e9987)]&amp#27;[0m Matched '/element' to command name 'findElement'
[debug] &amp#27;[38;5;32m[AndroidUiautomator2Driver@5ad4 (b95e9987)]&amp#27;[0m Proxying [POST /element] to [POST http://127.0.0.1:8200/session/7506ca6f-8dc7-43d5-ad90-b10e9e5f2942/element] with body: {"strategy":"accessibility id","selector":"test-LOGOUT","context":"","multiple":false}
[debug] &amp#27;[38;5;32m[AndroidUiautomator2Driver@5ad4 (b95e9987)]&amp#27;[0m Got response with status 200: {"sessionId":"7506ca6f-8dc7-43d5-ad90-b10e9e5f2942","value":{"ELEMENT":"00000000-0000-0061-ffff-ffff0000001e","element-6066-11e4-a52e-4f735466cecf":"00000000-0000-0061-ffff-ffff0000001e"}}
[debug] &amp#27;[38;5;32m[AndroidUiautomator2Driver@5ad4 (b95e9987)]&amp#27;[0m Responding to client with driver.findElement() result: {"element-6066-11e4-a52e-4f735466cecf":"00000000-0000-0061-ffff-ffff0000001e","ELEMENT":"00000000-0000-0061-ffff-ffff0000001e"}
&amp#27;[38;5;0m[HTTP]&amp#27;[0m &amp#27;[37m<-- POST /session/b95e9987-ce00-4859-b89c-33a2d94ca077/element &amp#27;[39m&amp#27;[32m200&amp#27;[39m &amp#27;[90m24 ms - 137&amp#27;[39m
&amp#27;[38;5;0m[HTTP]&amp#27;[0m &amp#27;[90m&amp#27;[39m
&amp#27;[38;5;0m[HTTP]&amp#27;[0m &amp#27;[37m-->&amp#27;[39m &amp#27;[37mPOST&amp#27;[39m &amp#27;[37m/session/b95e9987-ce00-4859-b89c-33a2d94ca077/element/00000000-0000-0061-ffff-ffff0000001e/click&amp#27;[39m
&amp#27;[38;5;0m[HTTP]&amp#27;[0m &amp#27;[90m{"id":"00000000-0000-0061-ffff-ffff0000001e"}&amp#27;[39m
[debug] &amp#27;[38;5;32m[AndroidUiautomator2Driver@5ad4 (b95e9987)]&amp#27;[0m Calling AppiumDriver.click() with args: ["00000000-0000-0061-ffff-ffff0000001e","b95e9987-ce00-4859-b89c-33a2d94ca077"]
[debug] &amp#27;[38;5;32m[AndroidUiautomator2Driver@5ad4 (b95e9987)]&amp#27;[0m Matched '/element/00000000-0000-0061-ffff-ffff0000001e/click' to command name 'click'
[debug] &amp#27;[38;5;32m[AndroidUiautomator2Driver@5ad4 (b95e9987)]&amp#27;[0m Proxying [POST /element/00000000-0000-0061-ffff-ffff0000001e/click] to [POST http://127.0.0.1:8200/session/7506ca6f-8dc7-43d5-ad90-b10e9e5f2942/element/00000000-0000-0061-ffff-ffff0000001e/click] with body: {"element":"00000000-0000-0061-ffff-ffff0000001e"}
[debug] &amp#27;[38;5;32m[AndroidUiautomator2Driver@5ad4 (b95e9987)]&amp#27;[0m Got response with status 200: {"sessionId":"7506ca6f-8dc7-43d5-ad90-b10e9e5f2942","value":null}
[debug] &amp#27;[38;5;32m[AndroidUiautomator2Driver@5ad4 (b95e9987)]&amp#27;[0m Responding to client with driver.click() result: null
&amp#27;[38;5;0m[HTTP]&amp#27;[0m &amp#27;[37m<-- POST /session/b95e9987-ce00-4859-b89c-33a2d94ca077/element/00000000-0000-0061-ffff-ffff0000001e/click &amp#27;[39m&amp#27;[32m200&amp#27;[39m &amp#27;[90m60 ms - 14&amp#27;[39m
&amp#27;[38;5;0m[HTTP]&amp#27;[0m &amp#27;[90m&amp#27;[39m
&amp#27;[38;5;0m[HTTP]&amp#27;[0m &amp#27;[37m-->&amp#27;[39m &amp#27;[37mGET&amp#27;[39m &amp#27;[37m/session/b95e9987-ce00-4859-b89c-33a2d94ca077/context&amp#27;[39m
&amp#27;[38;5;0m[HTTP]&amp#27;[0m &amp#27;[90m{}&amp#27;[39m
[debug] &amp#27;[38;5;32m[AndroidUiautomator2Driver@5ad4 (b95e9987)]&amp#27;[0m Calling AppiumDriver.getCurrentContext() with args: ["b95e9987-ce00-4859-b89c-33a2d94ca077"]
[debug] &amp#27;[38;5;32m[AndroidUiautomator2Driver@5ad4 (b95e9987)]&amp#27;[0m Responding to client with driver.getCurrentContext() result: "NATIVE_APP"
&amp#27;[38;5;0m[HTTP]&amp#27;[0m &amp#27;[37m<-- GET /session/b95e9987-ce00-4859-b89c-33a2d94ca077/context &amp#27;[39m&amp#27;[32m200&amp#27;[39m &amp#27;[90m2 ms - 22&amp#27;[39m
&amp#27;[38;5;0m[HTTP]&amp#27;[0m &amp#27;[90m&amp#27;[39m
&amp#27;[38;5;0m[HTTP]&amp#27;[0m &amp#27;[37m-->&amp#27;[39m &amp#27;[37mPOST&amp#27;[39m &amp#27;[37m/session/b95e9987-ce00-4859-b89c-33a2d94ca077/element&amp#27;[39m
&amp#27;[38;5;0m[HTTP]&amp#27;[0m &amp#27;[90m{"using":"accessibility id","value":"test-LOGIN"}&amp#27;[39m
[debug] &amp#27;[38;5;32m[AndroidUiautomator2Driver@5ad4 (b95e9987)]&amp#27;[0m Calling AppiumDriver.findElement() with args: ["accessibility id","test-LOGIN","b95e9987-ce00-4859-b89c-33a2d94ca077"]
[debug] &amp#27;[38;5;32m[AndroidUiautomator2Driver@5ad4 (b95e9987)]&amp#27;[0m Valid locator strategies for this request: xpath, id, class name, accessibility id, css selector, -android uiautomator
[debug] &amp#27;[38;5;32m[AndroidUiautomator2Driver@5ad4 (b95e9987)]&amp#27;[0m Waiting up to 20000 ms for condition
[debug] &amp#27;[38;5;32m[AndroidUiautomator2Driver@5ad4 (b95e9987)]&amp#27;[0m Matched '/element' to command name 'findElement'
[debug] &amp#27;[38;5;32m[AndroidUiautomator2Driver@5ad4 (b95e9987)]&amp#27;[0m Proxying [POST /element] to [POST http://127.0.0.1:8200/session/7506ca6f-8dc7-43d5-ad90-b10e9e5f2942/element] with body: {"strategy":"accessibility id","selector":"test-LOGIN","context":"","multiple":false}
&amp#27;[38;5;32m[AndroidUiautomator2Driver@5ad4 (b95e9987)]&amp#27;[0m Got response with status 404: {"sessionId":"7506ca6f-8dc7-43d5-ad90-b10e9e5f2942","value":{"error":"no such element","message":"An element could not be located on the page using the given search parameters","stacktrace":"io.appium.uiautomator2.common.exceptions.ElementNotFoundException: An element could not be located on the page using the given search parameters\n\tat io.appium.uiautomator2.handler.FindElement.safeHandle(FindElement.java:70)\n\tat io.appium.uiautomator2.handler.request.SafeRequestHandler.handle(SafeRequestHandler.java:59)\n\tat io.appium.uiautomator2.server.AppiumServlet.handleRequest(AppiumServlet.java:270)\n\tat io.appium.uiautomator2.server.AppiumServlet.handleHttpRequest(AppiumServlet.java:264)\n\tat io.appium.uiautomator2.http.ServerHandler.channelRead(ServerHandler.java:68)\n\tat io.netty.channel.AbstractChannelHandlerContext.invokeChannelRead(AbstractChannelHandlerContext.java:366)\n\tat io.netty.channel.AbstractChannelHandlerContext.invokeChannelRead(AbstractChannelHandlerContext.java:352)\n\tat io.netty.chann...
[debug] &amp#27;[38;5;128m[W3C]&amp#27;[0m Matched W3C error code 'no such element' to NoSuchElementError
[debug] &amp#27;[38;5;32m[AndroidUiautomator2Driver@5ad4 (b95e9987)]&amp#27;[0m Waited for 109 ms so far
[debug] &amp#27;[38;5;32m[AndroidUiautomator2Driver@5ad4 (b95e9987)]&amp#27;[0m Matched '/element' to command name 'findElement'
[debug] &amp#27;[38;5;32m[AndroidUiautomator2Driver@5ad4 (b95e9987)]&amp#27;[0m Proxying [POST /element] to [POST http://127.0.0.1:8200/session/7506ca6f-8dc7-43d5-ad90-b10e9e5f2942/element] with body: {"strategy":"accessibility id","selector":"test-LOGIN","context":"","multiple":false}
[debug] &amp#27;[38;5;32m[AndroidUiautomator2Driver@5ad4 (b95e9987)]&amp#27;[0m Got response with status 200: {"sessionId":"7506ca6f-8dc7-43d5-ad90-b10e9e5f2942","value":{"ELEMENT":"00000000-0000-0061-ffff-ffff0000002f","element-6066-11e4-a52e-4f735466cecf":"00000000-0000-0061-ffff-ffff0000002f"}}
[debug] &amp#27;[38;5;32m[AndroidUiautomator2Driver@5ad4 (b95e9987)]&amp#27;[0m Responding to client with driver.findElement() result: {"element-6066-11e4-a52e-4f735466cecf":"00000000-0000-0061-ffff-ffff0000002f","ELEMENT":"00000000-0000-0061-ffff-ffff0000002f"}
&amp#27;[38;5;0m[HTTP]&amp#27;[0m &amp#27;[37m<-- POST /session/b95e9987-ce00-4859-b89c-33a2d94ca077/element &amp#27;[39m&amp#27;[32m200&amp#27;[39m &amp#27;[90m1730 ms - 137&amp#27;[39m
&amp#27;[38;5;0m[HTTP]&amp#27;[0m &amp#27;[90m&amp#27;[39m
&amp#27;[38;5;0m[HTTP]&amp#27;[0m &amp#27;[37m-->&amp#27;[39m &amp#27;[37mGET&amp#27;[39m &amp#27;[37m/session/b95e9987-ce00-4859-b89c-33a2d94ca077/element/00000000-0000-0061-ffff-ffff0000002f/displayed&amp#27;[39m
&amp#27;[38;5;0m[HTTP]&amp#27;[0m &amp#27;[90m{}&amp#27;[39m
[debug] &amp#27;[38;5;32m[AndroidUiautomator2Driver@5ad4 (b95e9987)]&amp#27;[0m Calling AppiumDriver.elementDisplayed() with args: ["00000000-0000-0061-ffff-ffff0000002f","b95e9987-ce00-4859-b89c-33a2d94ca077"]
[debug] &amp#27;[38;5;32m[AndroidUiautomator2Driver@5ad4 (b95e9987)]&amp#27;[0m Matched '/element/00000000-0000-0061-ffff-ffff0000002f/attribute/displayed' to command name 'getAttribute'
[debug] &amp#27;[38;5;32m[AndroidUiautomator2Driver@5ad4 (b95e9987)]&amp#27;[0m Proxying [GET /element/00000000-0000-0061-ffff-ffff0000002f/attribute/displayed] to [GET http://127.0.0.1:8200/session/7506ca6f-8dc7-43d5-ad90-b10e9e5f2942/element/00000000-0000-0061-ffff-ffff0000002f/attribute/displayed] with no body
[debug] &amp#27;[38;5;32m[AndroidUiautomator2Driver@5ad4 (b95e9987)]&amp#27;[0m Got response with status 200: {"sessionId":"7506ca6f-8dc7-43d5-ad90-b10e9e5f2942","value":"true"}
[debug] &amp#27;[38;5;32m[AndroidUiautomator2Driver@5ad4 (b95e9987)]&amp#27;[0m Responding to client with driver.elementDisplayed() result: true
&amp#27;[38;5;0m[HTTP]&amp#27;[0m &amp#27;[37m<-- GET /session/b95e9987-ce00-4859-b89c-33a2d94ca077/element/00000000-0000-0061-ffff-ffff0000002f/displayed &amp#27;[39m&amp#27;[32m200&amp#27;[39m &amp#27;[90m13 ms - 14&amp#27;[39m
&amp#27;[38;5;0m[HTTP]&amp#27;[0m &amp#27;[90m&amp#27;[39m
]]></system-out>
  </testcase>
  <testcase name="loginIntoAppWithInValidCredentials" classname="com.soucelab.test.Testcase1" time="5.709">
    <system-out><![CDATA[&amp#27;[38;5;0m[HTTP]&amp#27;[0m &amp#27;[37m-->&amp#27;[39m &amp#27;[37mPOST&amp#27;[39m &amp#27;[37m/session/b95e9987-ce00-4859-b89c-33a2d94ca077/appium/device/terminate_app&amp#27;[39m
&amp#27;[38;5;0m[HTTP]&amp#27;[0m &amp#27;[90m{"bundleId":"com.swaglabsmobileapp"}&amp#27;[39m
[debug] &amp#27;[38;5;32m[AndroidUiautomator2Driver@5ad4 (b95e9987)]&amp#27;[0m Calling AppiumDriver.terminateApp() with args: ["com.swaglabsmobileapp",null,null,null,"b95e9987-ce00-4859-b89c-33a2d94ca077"]
&amp#27;[38;5;32m[AndroidUiautomator2Driver@5ad4 (b95e9987)]&amp#27;[0m Terminating 'com.swaglabsmobileapp'
[debug] &amp#27;[38;5;64m[ADB]&amp#27;[0m Getting IDs of all 'com.swaglabsmobileapp' processes
[debug] &amp#27;[38;5;64m[ADB]&amp#27;[0m Running 'C:\Users\gokul\AppData\Local\Android\Sdk\platform-tools\adb.exe -P 5037 -s emulator-5554 shell pgrep -f \(\[\[:blank:\]\]\|\^\)com\.swaglabsmobileapp\(\[\[:blank:\]\]\|\$\)'
[debug] &amp#27;[38;5;64m[ADB]&amp#27;[0m Running 'C:\Users\gokul\AppData\Local\Android\Sdk\platform-tools\adb.exe -P 5037 -s emulator-5554 shell am force-stop com.swaglabsmobileapp'
&amp#27;[38;5;32m[AndroidUiautomator2Driver@5ad4 (b95e9987)]&amp#27;[0m Querying the state of 'com.swaglabsmobileapp'
[debug] &amp#27;[38;5;64m[ADB]&amp#27;[0m Getting install status for com.swaglabsmobileapp
[debug] &amp#27;[38;5;64m[ADB]&amp#27;[0m Running 'C:\Users\gokul\AppData\Local\Android\Sdk\platform-tools\adb.exe -P 5037 -s emulator-5554 shell dumpsys package com.swaglabsmobileapp'
[debug] &amp#27;[38;5;64m[ADB]&amp#27;[0m 'com.swaglabsmobileapp' is installed
[debug] &amp#27;[38;5;64m[ADB]&amp#27;[0m Getting IDs of all 'com.swaglabsmobileapp' processes
[debug] &amp#27;[38;5;64m[ADB]&amp#27;[0m Running 'C:\Users\gokul\AppData\Local\Android\Sdk\platform-tools\adb.exe -P 5037 -s emulator-5554 shell pgrep -f \(\[\[:blank:\]\]\|\^\)com\.swaglabsmobileapp\(\[\[:blank:\]\]\|\$\)'
&amp#27;[38;5;32m[AndroidUiautomator2Driver@5ad4 (b95e9987)]&amp#27;[0m 'com.swaglabsmobileapp' has been successfully terminated
[debug] &amp#27;[38;5;32m[AndroidUiautomator2Driver@5ad4 (b95e9987)]&amp#27;[0m Responding to client with driver.terminateApp() result: true
&amp#27;[38;5;0m[HTTP]&amp#27;[0m &amp#27;[37m<-- POST /session/b95e9987-ce00-4859-b89c-33a2d94ca077/appium/device/terminate_app &amp#27;[39m&amp#27;[32m200&amp#27;[39m &amp#27;[90m454 ms - 14&amp#27;[39m
&amp#27;[38;5;0m[HTTP]&amp#27;[0m &amp#27;[90m&amp#27;[39m
**********Started the execution for Testcase: loginIntoAppWithInValidCredentials **********
&amp#27;[38;5;0m[HTTP]&amp#27;[0m &amp#27;[37m-->&amp#27;[39m &amp#27;[37mPOST&amp#27;[39m &amp#27;[37m/session/b95e9987-ce00-4859-b89c-33a2d94ca077/appium/device/app_state&amp#27;[39m
&amp#27;[38;5;0m[HTTP]&amp#27;[0m &amp#27;[90m{"bundleId":"com.swaglabsmobileapp"}&amp#27;[39m
[debug] &amp#27;[38;5;32m[AndroidUiautomator2Driver@5ad4 (b95e9987)]&amp#27;[0m Calling AppiumDriver.queryAppState() with args: ["com.swaglabsmobileapp","b95e9987-ce00-4859-b89c-33a2d94ca077"]
&amp#27;[38;5;32m[AndroidUiautomator2Driver@5ad4 (b95e9987)]&amp#27;[0m Querying the state of 'com.swaglabsmobileapp'
[debug] &amp#27;[38;5;64m[ADB]&amp#27;[0m Getting install status for com.swaglabsmobileapp
[debug] &amp#27;[38;5;64m[ADB]&amp#27;[0m Running 'C:\Users\gokul\AppData\Local\Android\Sdk\platform-tools\adb.exe -P 5037 -s emulator-5554 shell dumpsys package com.swaglabsmobileapp'
[debug] &amp#27;[38;5;64m[ADB]&amp#27;[0m 'com.swaglabsmobileapp' is installed
[debug] &amp#27;[38;5;64m[ADB]&amp#27;[0m Getting IDs of all 'com.swaglabsmobileapp' processes
[debug] &amp#27;[38;5;64m[ADB]&amp#27;[0m Running 'C:\Users\gokul\AppData\Local\Android\Sdk\platform-tools\adb.exe -P 5037 -s emulator-5554 shell pgrep -f \(\[\[:blank:\]\]\|\^\)com\.swaglabsmobileapp\(\[\[:blank:\]\]\|\$\)'
[debug] &amp#27;[38;5;32m[AndroidUiautomator2Driver@5ad4 (b95e9987)]&amp#27;[0m Responding to client with driver.queryAppState() result: 1
&amp#27;[38;5;0m[HTTP]&amp#27;[0m &amp#27;[37m<-- POST /session/b95e9987-ce00-4859-b89c-33a2d94ca077/appium/device/app_state &amp#27;[39m&amp#27;[32m200&amp#27;[39m &amp#27;[90m162 ms - 11&amp#27;[39m
&amp#27;[38;5;0m[HTTP]&amp#27;[0m &amp#27;[90m&amp#27;[39m
NOT_RUNNING
&amp#27;[38;5;0m[HTTP]&amp#27;[0m &amp#27;[37m-->&amp#27;[39m &amp#27;[37mPOST&amp#27;[39m &amp#27;[37m/session/b95e9987-ce00-4859-b89c-33a2d94ca077/appium/device/activate_app&amp#27;[39m
&amp#27;[38;5;0m[HTTP]&amp#27;[0m &amp#27;[90m{"bundleId":"com.swaglabsmobileapp"}&amp#27;[39m
[debug] &amp#27;[38;5;32m[AndroidUiautomator2Driver@5ad4 (b95e9987)]&amp#27;[0m Calling AppiumDriver.activateApp() with args: ["com.swaglabsmobileapp",null,null,null,"b95e9987-ce00-4859-b89c-33a2d94ca077"]
[debug] &amp#27;[38;5;32m[AndroidUiautomator2Driver@5ad4 (b95e9987)]&amp#27;[0m Activating 'com.swaglabsmobileapp'
[debug] &amp#27;[38;5;64m[ADB]&amp#27;[0m Running 'C:\Users\gokul\AppData\Local\Android\Sdk\platform-tools\adb.exe -P 5037 -s emulator-5554 shell cmd package resolve-activity --brief com.swaglabsmobileapp'
[debug] &amp#27;[38;5;64m[ADB]&amp#27;[0m Running 'C:\Users\gokul\AppData\Local\Android\Sdk\platform-tools\adb.exe -P 5037 -s emulator-5554 shell am start-activity -a android.intent.action.MAIN -c android.intent.category.LAUNCHER -f 0x10200000 -n com.swaglabsmobileapp/.SplashActivity'
[debug] &amp#27;[38;5;32m[AndroidUiautomator2Driver@5ad4 (b95e9987)]&amp#27;[0m Starting: Intent { act=android.intent.action.MAIN cat=[android.intent.category.LAUNCHER] flg=0x10200000 cmp=com.swaglabsmobileapp/.SplashActivity }
[debug] &amp#27;[38;5;32m[AndroidUiautomator2Driver@5ad4 (b95e9987)]&amp#27;[0m Responding to client with driver.activateApp() result: null
&amp#27;[38;5;0m[HTTP]&amp#27;[0m &amp#27;[37m<-- POST /session/b95e9987-ce00-4859-b89c-33a2d94ca077/appium/device/activate_app &amp#27;[39m&amp#27;[32m200&amp#27;[39m &amp#27;[90m189 ms - 14&amp#27;[39m
&amp#27;[38;5;0m[HTTP]&amp#27;[0m &amp#27;[90m&amp#27;[39m
&amp#27;[38;5;0m[HTTP]&amp#27;[0m &amp#27;[37m-->&amp#27;[39m &amp#27;[37mGET&amp#27;[39m &amp#27;[37m/session/b95e9987-ce00-4859-b89c-33a2d94ca077/context&amp#27;[39m
&amp#27;[38;5;0m[HTTP]&amp#27;[0m &amp#27;[90m{}&amp#27;[39m
[debug] &amp#27;[38;5;32m[AndroidUiautomator2Driver@5ad4 (b95e9987)]&amp#27;[0m Calling AppiumDriver.getCurrentContext() with args: ["b95e9987-ce00-4859-b89c-33a2d94ca077"]
[debug] &amp#27;[38;5;32m[AndroidUiautomator2Driver@5ad4 (b95e9987)]&amp#27;[0m Responding to client with driver.getCurrentContext() result: "NATIVE_APP"
&amp#27;[38;5;0m[HTTP]&amp#27;[0m &amp#27;[37m<-- GET /session/b95e9987-ce00-4859-b89c-33a2d94ca077/context &amp#27;[39m&amp#27;[32m200&amp#27;[39m &amp#27;[90m1 ms - 22&amp#27;[39m
&amp#27;[38;5;0m[HTTP]&amp#27;[0m &amp#27;[90m&amp#27;[39m
&amp#27;[38;5;0m[HTTP]&amp#27;[0m &amp#27;[37m-->&amp#27;[39m &amp#27;[37mPOST&amp#27;[39m &amp#27;[37m/session/b95e9987-ce00-4859-b89c-33a2d94ca077/element&amp#27;[39m
&amp#27;[38;5;0m[HTTP]&amp#27;[0m &amp#27;[90m{"using":"accessibility id","value":"test-Username"}&amp#27;[39m
[debug] &amp#27;[38;5;32m[AndroidUiautomator2Driver@5ad4 (b95e9987)]&amp#27;[0m Calling AppiumDriver.findElement() with args: ["accessibility id","test-Username","b95e9987-ce00-4859-b89c-33a2d94ca077"]
[debug] &amp#27;[38;5;32m[AndroidUiautomator2Driver@5ad4 (b95e9987)]&amp#27;[0m Valid locator strategies for this request: xpath, id, class name, accessibility id, css selector, -android uiautomator
[debug] &amp#27;[38;5;32m[AndroidUiautomator2Driver@5ad4 (b95e9987)]&amp#27;[0m Waiting up to 20000 ms for condition
[debug] &amp#27;[38;5;32m[AndroidUiautomator2Driver@5ad4 (b95e9987)]&amp#27;[0m Matched '/element' to command name 'findElement'
[debug] &amp#27;[38;5;32m[AndroidUiautomator2Driver@5ad4 (b95e9987)]&amp#27;[0m Proxying [POST /element] to [POST http://127.0.0.1:8200/session/7506ca6f-8dc7-43d5-ad90-b10e9e5f2942/element] with body: {"strategy":"accessibility id","selector":"test-Username","context":"","multiple":false}
&amp#27;[38;5;32m[AndroidUiautomator2Driver@5ad4 (b95e9987)]&amp#27;[0m Got response with status 404: {"sessionId":"7506ca6f-8dc7-43d5-ad90-b10e9e5f2942","value":{"error":"no such element","message":"An element could not be located on the page using the given search parameters","stacktrace":"io.appium.uiautomator2.common.exceptions.ElementNotFoundException: An element could not be located on the page using the given search parameters\n\tat io.appium.uiautomator2.handler.FindElement.safeHandle(FindElement.java:70)\n\tat io.appium.uiautomator2.handler.request.SafeRequestHandler.handle(SafeRequestHandler.java:59)\n\tat io.appium.uiautomator2.server.AppiumServlet.handleRequest(AppiumServlet.java:270)\n\tat io.appium.uiautomator2.server.AppiumServlet.handleHttpRequest(AppiumServlet.java:264)\n\tat io.appium.uiautomator2.http.ServerHandler.channelRead(ServerHandler.java:68)\n\tat io.netty.channel.AbstractChannelHandlerContext.invokeChannelRead(AbstractChannelHandlerContext.java:366)\n\tat io.netty.channel.AbstractChannelHandlerContext.invokeChannelRead(AbstractChannelHandlerContext.java:352)\n\tat io.netty.chann...
[debug] &amp#27;[38;5;128m[W3C]&amp#27;[0m Matched W3C error code 'no such element' to NoSuchElementError
[debug] &amp#27;[38;5;32m[AndroidUiautomator2Driver@5ad4 (b95e9987)]&amp#27;[0m Waited for 288 ms so far
[debug] &amp#27;[38;5;32m[AndroidUiautomator2Driver@5ad4 (b95e9987)]&amp#27;[0m Matched '/element' to command name 'findElement'
[debug] &amp#27;[38;5;32m[AndroidUiautomator2Driver@5ad4 (b95e9987)]&amp#27;[0m Proxying [POST /element] to [POST http://127.0.0.1:8200/session/7506ca6f-8dc7-43d5-ad90-b10e9e5f2942/element] with body: {"strategy":"accessibility id","selector":"test-Username","context":"","multiple":false}
&amp#27;[38;5;32m[AndroidUiautomator2Driver@5ad4 (b95e9987)]&amp#27;[0m Got response with status 404: {"sessionId":"7506ca6f-8dc7-43d5-ad90-b10e9e5f2942","value":{"error":"no such element","message":"An element could not be located on the page using the given search parameters","stacktrace":"io.appium.uiautomator2.common.exceptions.ElementNotFoundException: An element could not be located on the page using the given search parameters\n\tat io.appium.uiautomator2.handler.FindElement.safeHandle(FindElement.java:70)\n\tat io.appium.uiautomator2.handler.request.SafeRequestHandler.handle(SafeRequestHandler.java:59)\n\tat io.appium.uiautomator2.server.AppiumServlet.handleRequest(AppiumServlet.java:270)\n\tat io.appium.uiautomator2.server.AppiumServlet.handleHttpRequest(AppiumServlet.java:264)\n\tat io.appium.uiautomator2.http.ServerHandler.channelRead(ServerHandler.java:68)\n\tat io.netty.channel.AbstractChannelHandlerContext.invokeChannelRead(AbstractChannelHandlerContext.java:366)\n\tat io.netty.channel.AbstractChannelHandlerContext.invokeChannelRead(AbstractChannelHandlerContext.java:352)\n\tat io.netty.chann...
[debug] &amp#27;[38;5;128m[W3C]&amp#27;[0m Matched W3C error code 'no such element' to NoSuchElementError
[debug] &amp#27;[38;5;32m[AndroidUiautomator2Driver@5ad4 (b95e9987)]&amp#27;[0m Waited for 1363 ms so far
[debug] &amp#27;[38;5;32m[AndroidUiautomator2Driver@5ad4 (b95e9987)]&amp#27;[0m Matched '/element' to command name 'findElement'
[debug] &amp#27;[38;5;32m[AndroidUiautomator2Driver@5ad4 (b95e9987)]&amp#27;[0m Proxying [POST /element] to [POST http://127.0.0.1:8200/session/7506ca6f-8dc7-43d5-ad90-b10e9e5f2942/element] with body: {"strategy":"accessibility id","selector":"test-Username","context":"","multiple":false}
&amp#27;[38;5;32m[AndroidUiautomator2Driver@5ad4 (b95e9987)]&amp#27;[0m Got response with status 404: {"sessionId":"7506ca6f-8dc7-43d5-ad90-b10e9e5f2942","value":{"error":"no such element","message":"An element could not be located on the page using the given search parameters","stacktrace":"io.appium.uiautomator2.common.exceptions.ElementNotFoundException: An element could not be located on the page using the given search parameters\n\tat io.appium.uiautomator2.handler.FindElement.safeHandle(FindElement.java:70)\n\tat io.appium.uiautomator2.handler.request.SafeRequestHandler.handle(SafeRequestHandler.java:59)\n\tat io.appium.uiautomator2.server.AppiumServlet.handleRequest(AppiumServlet.java:270)\n\tat io.appium.uiautomator2.server.AppiumServlet.handleHttpRequest(AppiumServlet.java:264)\n\tat io.appium.uiautomator2.http.ServerHandler.channelRead(ServerHandler.java:68)\n\tat io.netty.channel.AbstractChannelHandlerContext.invokeChannelRead(AbstractChannelHandlerContext.java:366)\n\tat io.netty.channel.AbstractChannelHandlerContext.invokeChannelRead(AbstractChannelHandlerContext.java:352)\n\tat io.netty.chann...
[debug] &amp#27;[38;5;128m[W3C]&amp#27;[0m Matched W3C error code 'no such element' to NoSuchElementError
[debug] &amp#27;[38;5;32m[AndroidUiautomator2Driver@5ad4 (b95e9987)]&amp#27;[0m Waited for 1913 ms so far
[debug] &amp#27;[38;5;32m[AndroidUiautomator2Driver@5ad4 (b95e9987)]&amp#27;[0m Matched '/element' to command name 'findElement'
[debug] &amp#27;[38;5;32m[AndroidUiautomator2Driver@5ad4 (b95e9987)]&amp#27;[0m Proxying [POST /element] to [POST http://127.0.0.1:8200/session/7506ca6f-8dc7-43d5-ad90-b10e9e5f2942/element] with body: {"strategy":"accessibility id","selector":"test-Username","context":"","multiple":false}
[debug] &amp#27;[38;5;32m[AndroidUiautomator2Driver@5ad4 (b95e9987)]&amp#27;[0m Got response with status 200: {"sessionId":"7506ca6f-8dc7-43d5-ad90-b10e9e5f2942","value":{"ELEMENT":"00000000-0000-0063-ffff-ffff0000002b","element-6066-11e4-a52e-4f735466cecf":"00000000-0000-0063-ffff-ffff0000002b"}}
[debug] &amp#27;[38;5;32m[AndroidUiautomator2Driver@5ad4 (b95e9987)]&amp#27;[0m Responding to client with driver.findElement() result: {"element-6066-11e4-a52e-4f735466cecf":"00000000-0000-0063-ffff-ffff0000002b","ELEMENT":"00000000-0000-0063-ffff-ffff0000002b"}
&amp#27;[38;5;0m[HTTP]&amp#27;[0m &amp#27;[37m<-- POST /session/b95e9987-ce00-4859-b89c-33a2d94ca077/element &amp#27;[39m&amp#27;[32m200&amp#27;[39m &amp#27;[90m2684 ms - 137&amp#27;[39m
&amp#27;[38;5;0m[HTTP]&amp#27;[0m &amp#27;[90m&amp#27;[39m
&amp#27;[38;5;0m[HTTP]&amp#27;[0m &amp#27;[37m-->&amp#27;[39m &amp#27;[37mGET&amp#27;[39m &amp#27;[37m/session/b95e9987-ce00-4859-b89c-33a2d94ca077/element/00000000-0000-0063-ffff-ffff0000002b/displayed&amp#27;[39m
&amp#27;[38;5;0m[HTTP]&amp#27;[0m &amp#27;[90m{}&amp#27;[39m
[debug] &amp#27;[38;5;32m[AndroidUiautomator2Driver@5ad4 (b95e9987)]&amp#27;[0m Calling AppiumDriver.elementDisplayed() with args: ["00000000-0000-0063-ffff-ffff0000002b","b95e9987-ce00-4859-b89c-33a2d94ca077"]
[debug] &amp#27;[38;5;32m[AndroidUiautomator2Driver@5ad4 (b95e9987)]&amp#27;[0m Matched '/element/00000000-0000-0063-ffff-ffff0000002b/attribute/displayed' to command name 'getAttribute'
[debug] &amp#27;[38;5;32m[AndroidUiautomator2Driver@5ad4 (b95e9987)]&amp#27;[0m Proxying [GET /element/00000000-0000-0063-ffff-ffff0000002b/attribute/displayed] to [GET http://127.0.0.1:8200/session/7506ca6f-8dc7-43d5-ad90-b10e9e5f2942/element/00000000-0000-0063-ffff-ffff0000002b/attribute/displayed] with no body
[debug] &amp#27;[38;5;32m[AndroidUiautomator2Driver@5ad4 (b95e9987)]&amp#27;[0m Got response with status 200: {"sessionId":"7506ca6f-8dc7-43d5-ad90-b10e9e5f2942","value":"true"}
[debug] &amp#27;[38;5;32m[AndroidUiautomator2Driver@5ad4 (b95e9987)]&amp#27;[0m Responding to client with driver.elementDisplayed() result: true
&amp#27;[38;5;0m[HTTP]&amp#27;[0m &amp#27;[37m<-- GET /session/b95e9987-ce00-4859-b89c-33a2d94ca077/element/00000000-0000-0063-ffff-ffff0000002b/displayed &amp#27;[39m&amp#27;[32m200&amp#27;[39m &amp#27;[90m20 ms - 14&amp#27;[39m
&amp#27;[38;5;0m[HTTP]&amp#27;[0m &amp#27;[90m&amp#27;[39m
&amp#27;[38;5;0m[HTTP]&amp#27;[0m &amp#27;[37m-->&amp#27;[39m &amp#27;[37mGET&amp#27;[39m &amp#27;[37m/session/b95e9987-ce00-4859-b89c-33a2d94ca077/context&amp#27;[39m
&amp#27;[38;5;0m[HTTP]&amp#27;[0m &amp#27;[90m{}&amp#27;[39m
[debug] &amp#27;[38;5;32m[AndroidUiautomator2Driver@5ad4 (b95e9987)]&amp#27;[0m Calling AppiumDriver.getCurrentContext() with args: ["b95e9987-ce00-4859-b89c-33a2d94ca077"]
[debug] &amp#27;[38;5;32m[AndroidUiautomator2Driver@5ad4 (b95e9987)]&amp#27;[0m Responding to client with driver.getCurrentContext() result: "NATIVE_APP"
&amp#27;[38;5;0m[HTTP]&amp#27;[0m &amp#27;[37m<-- GET /session/b95e9987-ce00-4859-b89c-33a2d94ca077/context &amp#27;[39m&amp#27;[32m200&amp#27;[39m &amp#27;[90m2 ms - 22&amp#27;[39m
&amp#27;[38;5;0m[HTTP]&amp#27;[0m &amp#27;[90m&amp#27;[39m
&amp#27;[38;5;0m[HTTP]&amp#27;[0m &amp#27;[37m-->&amp#27;[39m &amp#27;[37mPOST&amp#27;[39m &amp#27;[37m/session/b95e9987-ce00-4859-b89c-33a2d94ca077/element&amp#27;[39m
&amp#27;[38;5;0m[HTTP]&amp#27;[0m &amp#27;[90m{"using":"accessibility id","value":"test-Username"}&amp#27;[39m
[debug] &amp#27;[38;5;32m[AndroidUiautomator2Driver@5ad4 (b95e9987)]&amp#27;[0m Calling AppiumDriver.findElement() with args: ["accessibility id","test-Username","b95e9987-ce00-4859-b89c-33a2d94ca077"]
[debug] &amp#27;[38;5;32m[AndroidUiautomator2Driver@5ad4 (b95e9987)]&amp#27;[0m Valid locator strategies for this request: xpath, id, class name, accessibility id, css selector, -android uiautomator
[debug] &amp#27;[38;5;32m[AndroidUiautomator2Driver@5ad4 (b95e9987)]&amp#27;[0m Waiting up to 20000 ms for condition
[debug] &amp#27;[38;5;32m[AndroidUiautomator2Driver@5ad4 (b95e9987)]&amp#27;[0m Matched '/element' to command name 'findElement'
[debug] &amp#27;[38;5;32m[AndroidUiautomator2Driver@5ad4 (b95e9987)]&amp#27;[0m Proxying [POST /element] to [POST http://127.0.0.1:8200/session/7506ca6f-8dc7-43d5-ad90-b10e9e5f2942/element] with body: {"strategy":"accessibility id","selector":"test-Username","context":"","multiple":false}
[debug] &amp#27;[38;5;32m[AndroidUiautomator2Driver@5ad4 (b95e9987)]&amp#27;[0m Got response with status 200: {"sessionId":"7506ca6f-8dc7-43d5-ad90-b10e9e5f2942","value":{"ELEMENT":"00000000-0000-0063-ffff-ffff0000002b","element-6066-11e4-a52e-4f735466cecf":"00000000-0000-0063-ffff-ffff0000002b"}}
[debug] &amp#27;[38;5;32m[AndroidUiautomator2Driver@5ad4 (b95e9987)]&amp#27;[0m Responding to client with driver.findElement() result: {"element-6066-11e4-a52e-4f735466cecf":"00000000-0000-0063-ffff-ffff0000002b","ELEMENT":"00000000-0000-0063-ffff-ffff0000002b"}
&amp#27;[38;5;0m[HTTP]&amp#27;[0m &amp#27;[37m<-- POST /session/b95e9987-ce00-4859-b89c-33a2d94ca077/element &amp#27;[39m&amp#27;[32m200&amp#27;[39m &amp#27;[90m24 ms - 137&amp#27;[39m
&amp#27;[38;5;0m[HTTP]&amp#27;[0m &amp#27;[90m&amp#27;[39m
&amp#27;[38;5;0m[HTTP]&amp#27;[0m &amp#27;[37m-->&amp#27;[39m &amp#27;[37mPOST&amp#27;[39m &amp#27;[37m/session/b95e9987-ce00-4859-b89c-33a2d94ca077/element/00000000-0000-0063-ffff-ffff0000002b/value&amp#27;[39m
&amp#27;[38;5;0m[HTTP]&amp#27;[0m &amp#27;[90m{"id":"00000000-0000-0063-ffff-ffff0000002b","text":"standard_user","value":["s","t","a","n","d","a","r","d","_","u","s","e","r"]}&amp#27;[39m
[debug] &amp#27;[38;5;32m[AndroidUiautomator2Driver@5ad4 (b95e9987)]&amp#27;[0m Calling AppiumDriver.setValue() with args: [["s","t","a","n","d","a","r","d","_","u","s","e","r"],"00000000-0000-0063-ffff-ffff0000002b","b95e9987-ce00-4859-b89c-33a2d94ca077"]
[debug] &amp#27;[38;5;32m[AndroidUiautomator2Driver@5ad4 (b95e9987)]&amp#27;[0m Matched '/element/00000000-0000-0063-ffff-ffff0000002b/value' to command name 'setValue'
[debug] &amp#27;[38;5;32m[AndroidUiautomator2Driver@5ad4 (b95e9987)]&amp#27;[0m Added 'value' property ["s","t","a","n","d","a","r","d","_","u","s","e","r"] to 'setValue' request body
[debug] &amp#27;[38;5;32m[AndroidUiautomator2Driver@5ad4 (b95e9987)]&amp#27;[0m Proxying [POST /element/00000000-0000-0063-ffff-ffff0000002b/value] to [POST http://127.0.0.1:8200/session/7506ca6f-8dc7-43d5-ad90-b10e9e5f2942/element/00000000-0000-0063-ffff-ffff0000002b/value] with body: {"elementId":"00000000-0000-0063-ffff-ffff0000002b","text":"standard_user","replace":false,"value":["s","t","a","n","d","a","r","d","_","u","s","e","r"]}
[debug] &amp#27;[38;5;32m[AndroidUiautomator2Driver@5ad4 (b95e9987)]&amp#27;[0m Got response with status 200: {"sessionId":"7506ca6f-8dc7-43d5-ad90-b10e9e5f2942","value":null}
[debug] &amp#27;[38;5;32m[AndroidUiautomator2Driver@5ad4 (b95e9987)]&amp#27;[0m Responding to client with driver.setValue() result: null
&amp#27;[38;5;0m[HTTP]&amp#27;[0m &amp#27;[37m<-- POST /session/b95e9987-ce00-4859-b89c-33a2d94ca077/element/00000000-0000-0063-ffff-ffff0000002b/value &amp#27;[39m&amp#27;[32m200&amp#27;[39m &amp#27;[90m581 ms - 14&amp#27;[39m
&amp#27;[38;5;0m[HTTP]&amp#27;[0m &amp#27;[90m&amp#27;[39m
&amp#27;[38;5;0m[HTTP]&amp#27;[0m &amp#27;[37m-->&amp#27;[39m &amp#27;[37mGET&amp#27;[39m &amp#27;[37m/session/b95e9987-ce00-4859-b89c-33a2d94ca077/context&amp#27;[39m
&amp#27;[38;5;0m[HTTP]&amp#27;[0m &amp#27;[90m{}&amp#27;[39m
[debug] &amp#27;[38;5;32m[AndroidUiautomator2Driver@5ad4 (b95e9987)]&amp#27;[0m Calling AppiumDriver.getCurrentContext() with args: ["b95e9987-ce00-4859-b89c-33a2d94ca077"]
[debug] &amp#27;[38;5;32m[AndroidUiautomator2Driver@5ad4 (b95e9987)]&amp#27;[0m Responding to client with driver.getCurrentContext() result: "NATIVE_APP"
&amp#27;[38;5;0m[HTTP]&amp#27;[0m &amp#27;[37m<-- GET /session/b95e9987-ce00-4859-b89c-33a2d94ca077/context &amp#27;[39m&amp#27;[32m200&amp#27;[39m &amp#27;[90m2 ms - 22&amp#27;[39m
&amp#27;[38;5;0m[HTTP]&amp#27;[0m &amp#27;[90m&amp#27;[39m
&amp#27;[38;5;0m[HTTP]&amp#27;[0m &amp#27;[37m-->&amp#27;[39m &amp#27;[37mPOST&amp#27;[39m &amp#27;[37m/session/b95e9987-ce00-4859-b89c-33a2d94ca077/element&amp#27;[39m
&amp#27;[38;5;0m[HTTP]&amp#27;[0m &amp#27;[90m{"using":"xpath","value":"//android.widget.EditText[@content-desc=\"test-Password\"]"}&amp#27;[39m
[debug] &amp#27;[38;5;32m[AndroidUiautomator2Driver@5ad4 (b95e9987)]&amp#27;[0m Calling AppiumDriver.findElement() with args: ["xpath","//android.widget.EditText[@content-desc=\"test-Password\"]","b95e9987-ce00-4859-b89c-33a2d94ca077"]
[debug] &amp#27;[38;5;32m[AndroidUiautomator2Driver@5ad4 (b95e9987)]&amp#27;[0m Valid locator strategies for this request: xpath, id, class name, accessibility id, css selector, -android uiautomator
[debug] &amp#27;[38;5;32m[AndroidUiautomator2Driver@5ad4 (b95e9987)]&amp#27;[0m Waiting up to 20000 ms for condition
[debug] &amp#27;[38;5;32m[AndroidUiautomator2Driver@5ad4 (b95e9987)]&amp#27;[0m Matched '/element' to command name 'findElement'
[debug] &amp#27;[38;5;32m[AndroidUiautomator2Driver@5ad4 (b95e9987)]&amp#27;[0m Proxying [POST /element] to [POST http://127.0.0.1:8200/session/7506ca6f-8dc7-43d5-ad90-b10e9e5f2942/element] with body: {"strategy":"xpath","selector":"//android.widget.EditText[@content-desc=\"test-Password\"]","context":"","multiple":false}
[debug] &amp#27;[38;5;32m[AndroidUiautomator2Driver@5ad4 (b95e9987)]&amp#27;[0m Got response with status 200: {"sessionId":"7506ca6f-8dc7-43d5-ad90-b10e9e5f2942","value":{"ELEMENT":"00000000-0000-0063-ffff-ffff0000002e","element-6066-11e4-a52e-4f735466cecf":"00000000-0000-0063-ffff-ffff0000002e"}}
[debug] &amp#27;[38;5;32m[AndroidUiautomator2Driver@5ad4 (b95e9987)]&amp#27;[0m Responding to client with driver.findElement() result: {"element-6066-11e4-a52e-4f735466cecf":"00000000-0000-0063-ffff-ffff0000002e","ELEMENT":"00000000-0000-0063-ffff-ffff0000002e"}
&amp#27;[38;5;0m[HTTP]&amp#27;[0m &amp#27;[37m<-- POST /session/b95e9987-ce00-4859-b89c-33a2d94ca077/element &amp#27;[39m&amp#27;[32m200&amp#27;[39m &amp#27;[90m507 ms - 137&amp#27;[39m
&amp#27;[38;5;0m[HTTP]&amp#27;[0m &amp#27;[90m&amp#27;[39m
&amp#27;[38;5;0m[HTTP]&amp#27;[0m &amp#27;[37m-->&amp#27;[39m &amp#27;[37mGET&amp#27;[39m &amp#27;[37m/session/b95e9987-ce00-4859-b89c-33a2d94ca077/element/00000000-0000-0063-ffff-ffff0000002e/displayed&amp#27;[39m
&amp#27;[38;5;0m[HTTP]&amp#27;[0m &amp#27;[90m{}&amp#27;[39m
[debug] &amp#27;[38;5;32m[AndroidUiautomator2Driver@5ad4 (b95e9987)]&amp#27;[0m Calling AppiumDriver.elementDisplayed() with args: ["00000000-0000-0063-ffff-ffff0000002e","b95e9987-ce00-4859-b89c-33a2d94ca077"]
[debug] &amp#27;[38;5;32m[AndroidUiautomator2Driver@5ad4 (b95e9987)]&amp#27;[0m Matched '/element/00000000-0000-0063-ffff-ffff0000002e/attribute/displayed' to command name 'getAttribute'
[debug] &amp#27;[38;5;32m[AndroidUiautomator2Driver@5ad4 (b95e9987)]&amp#27;[0m Proxying [GET /element/00000000-0000-0063-ffff-ffff0000002e/attribute/displayed] to [GET http://127.0.0.1:8200/session/7506ca6f-8dc7-43d5-ad90-b10e9e5f2942/element/00000000-0000-0063-ffff-ffff0000002e/attribute/displayed] with no body
[debug] &amp#27;[38;5;32m[AndroidUiautomator2Driver@5ad4 (b95e9987)]&amp#27;[0m Got response with status 200: {"sessionId":"7506ca6f-8dc7-43d5-ad90-b10e9e5f2942","value":"true"}
[debug] &amp#27;[38;5;32m[AndroidUiautomator2Driver@5ad4 (b95e9987)]&amp#27;[0m Responding to client with driver.elementDisplayed() result: true
&amp#27;[38;5;0m[HTTP]&amp#27;[0m &amp#27;[37m<-- GET /session/b95e9987-ce00-4859-b89c-33a2d94ca077/element/00000000-0000-0063-ffff-ffff0000002e/displayed &amp#27;[39m&amp#27;[32m200&amp#27;[39m &amp#27;[90m16 ms - 14&amp#27;[39m
&amp#27;[38;5;0m[HTTP]&amp#27;[0m &amp#27;[90m&amp#27;[39m
&amp#27;[38;5;0m[HTTP]&amp#27;[0m &amp#27;[37m-->&amp#27;[39m &amp#27;[37mGET&amp#27;[39m &amp#27;[37m/session/b95e9987-ce00-4859-b89c-33a2d94ca077/context&amp#27;[39m
&amp#27;[38;5;0m[HTTP]&amp#27;[0m &amp#27;[90m{}&amp#27;[39m
[debug] &amp#27;[38;5;32m[AndroidUiautomator2Driver@5ad4 (b95e9987)]&amp#27;[0m Calling AppiumDriver.getCurrentContext() with args: ["b95e9987-ce00-4859-b89c-33a2d94ca077"]
[debug] &amp#27;[38;5;32m[AndroidUiautomator2Driver@5ad4 (b95e9987)]&amp#27;[0m Responding to client with driver.getCurrentContext() result: "NATIVE_APP"
&amp#27;[38;5;0m[HTTP]&amp#27;[0m &amp#27;[37m<-- GET /session/b95e9987-ce00-4859-b89c-33a2d94ca077/context &amp#27;[39m&amp#27;[32m200&amp#27;[39m &amp#27;[90m1 ms - 22&amp#27;[39m
&amp#27;[38;5;0m[HTTP]&amp#27;[0m &amp#27;[90m&amp#27;[39m
&amp#27;[38;5;0m[HTTP]&amp#27;[0m &amp#27;[37m-->&amp#27;[39m &amp#27;[37mPOST&amp#27;[39m &amp#27;[37m/session/b95e9987-ce00-4859-b89c-33a2d94ca077/element&amp#27;[39m
&amp#27;[38;5;0m[HTTP]&amp#27;[0m &amp#27;[90m{"using":"xpath","value":"//android.widget.EditText[@content-desc=\"test-Password\"]"}&amp#27;[39m
[debug] &amp#27;[38;5;32m[AndroidUiautomator2Driver@5ad4 (b95e9987)]&amp#27;[0m Calling AppiumDriver.findElement() with args: ["xpath","//android.widget.EditText[@content-desc=\"test-Password\"]","b95e9987-ce00-4859-b89c-33a2d94ca077"]
[debug] &amp#27;[38;5;32m[AndroidUiautomator2Driver@5ad4 (b95e9987)]&amp#27;[0m Valid locator strategies for this request: xpath, id, class name, accessibility id, css selector, -android uiautomator
[debug] &amp#27;[38;5;32m[AndroidUiautomator2Driver@5ad4 (b95e9987)]&amp#27;[0m Waiting up to 20000 ms for condition
[debug] &amp#27;[38;5;32m[AndroidUiautomator2Driver@5ad4 (b95e9987)]&amp#27;[0m Matched '/element' to command name 'findElement'
[debug] &amp#27;[38;5;32m[AndroidUiautomator2Driver@5ad4 (b95e9987)]&amp#27;[0m Proxying [POST /element] to [POST http://127.0.0.1:8200/session/7506ca6f-8dc7-43d5-ad90-b10e9e5f2942/element] with body: {"strategy":"xpath","selector":"//android.widget.EditText[@content-desc=\"test-Password\"]","context":"","multiple":false}
[debug] &amp#27;[38;5;32m[AndroidUiautomator2Driver@5ad4 (b95e9987)]&amp#27;[0m Got response with status 200: {"sessionId":"7506ca6f-8dc7-43d5-ad90-b10e9e5f2942","value":{"ELEMENT":"00000000-0000-0063-ffff-ffff0000002e","element-6066-11e4-a52e-4f735466cecf":"00000000-0000-0063-ffff-ffff0000002e"}}
[debug] &amp#27;[38;5;32m[AndroidUiautomator2Driver@5ad4 (b95e9987)]&amp#27;[0m Responding to client with driver.findElement() result: {"element-6066-11e4-a52e-4f735466cecf":"00000000-0000-0063-ffff-ffff0000002e","ELEMENT":"00000000-0000-0063-ffff-ffff0000002e"}
&amp#27;[38;5;0m[HTTP]&amp#27;[0m &amp#27;[37m<-- POST /session/b95e9987-ce00-4859-b89c-33a2d94ca077/element &amp#27;[39m&amp#27;[32m200&amp#27;[39m &amp#27;[90m91 ms - 137&amp#27;[39m
&amp#27;[38;5;0m[HTTP]&amp#27;[0m &amp#27;[90m&amp#27;[39m
&amp#27;[38;5;0m[HTTP]&amp#27;[0m &amp#27;[37m-->&amp#27;[39m &amp#27;[37mPOST&amp#27;[39m &amp#27;[37m/session/b95e9987-ce00-4859-b89c-33a2d94ca077/element/00000000-0000-0063-ffff-ffff0000002e/value&amp#27;[39m
&amp#27;[38;5;0m[HTTP]&amp#27;[0m &amp#27;[90m{"id":"00000000-0000-0063-ffff-ffff0000002e","text":"wrongpwd","value":["w","r","o","n","g","p","w","d"]}&amp#27;[39m
[debug] &amp#27;[38;5;32m[AndroidUiautomator2Driver@5ad4 (b95e9987)]&amp#27;[0m Calling AppiumDriver.setValue() with args: [["w","r","o","n","g","p","w","d"],"00000000-0000-0063-ffff-ffff0000002e","b95e9987-ce00-4859-b89c-33a2d94ca077"]
[debug] &amp#27;[38;5;32m[AndroidUiautomator2Driver@5ad4 (b95e9987)]&amp#27;[0m Matched '/element/00000000-0000-0063-ffff-ffff0000002e/value' to command name 'setValue'
[debug] &amp#27;[38;5;32m[AndroidUiautomator2Driver@5ad4 (b95e9987)]&amp#27;[0m Added 'value' property ["w","r","o","n","g","p","w","d"] to 'setValue' request body
[debug] &amp#27;[38;5;32m[AndroidUiautomator2Driver@5ad4 (b95e9987)]&amp#27;[0m Proxying [POST /element/00000000-0000-0063-ffff-ffff0000002e/value] to [POST http://127.0.0.1:8200/session/7506ca6f-8dc7-43d5-ad90-b10e9e5f2942/element/00000000-0000-0063-ffff-ffff0000002e/value] with body: {"elementId":"00000000-0000-0063-ffff-ffff0000002e","text":"wrongpwd","replace":false,"value":["w","r","o","n","g","p","w","d"]}
[debug] &amp#27;[38;5;32m[AndroidUiautomator2Driver@5ad4 (b95e9987)]&amp#27;[0m Got response with status 200: {"sessionId":"7506ca6f-8dc7-43d5-ad90-b10e9e5f2942","value":null}
[debug] &amp#27;[38;5;32m[AndroidUiautomator2Driver@5ad4 (b95e9987)]&amp#27;[0m Responding to client with driver.setValue() result: null
&amp#27;[38;5;0m[HTTP]&amp#27;[0m &amp#27;[37m<-- POST /session/b95e9987-ce00-4859-b89c-33a2d94ca077/element/00000000-0000-0063-ffff-ffff0000002e/value &amp#27;[39m&amp#27;[32m200&amp#27;[39m &amp#27;[90m45 ms - 14&amp#27;[39m
&amp#27;[38;5;0m[HTTP]&amp#27;[0m &amp#27;[90m&amp#27;[39m
&amp#27;[38;5;0m[HTTP]&amp#27;[0m &amp#27;[37m-->&amp#27;[39m &amp#27;[37mGET&amp#27;[39m &amp#27;[37m/session/b95e9987-ce00-4859-b89c-33a2d94ca077/context&amp#27;[39m
&amp#27;[38;5;0m[HTTP]&amp#27;[0m &amp#27;[90m{}&amp#27;[39m
[debug] &amp#27;[38;5;32m[AndroidUiautomator2Driver@5ad4 (b95e9987)]&amp#27;[0m Calling AppiumDriver.getCurrentContext() with args: ["b95e9987-ce00-4859-b89c-33a2d94ca077"]
[debug] &amp#27;[38;5;32m[AndroidUiautomator2Driver@5ad4 (b95e9987)]&amp#27;[0m Responding to client with driver.getCurrentContext() result: "NATIVE_APP"
&amp#27;[38;5;0m[HTTP]&amp#27;[0m &amp#27;[37m<-- GET /session/b95e9987-ce00-4859-b89c-33a2d94ca077/context &amp#27;[39m&amp#27;[32m200&amp#27;[39m &amp#27;[90m2 ms - 22&amp#27;[39m
&amp#27;[38;5;0m[HTTP]&amp#27;[0m &amp#27;[90m&amp#27;[39m
&amp#27;[38;5;0m[HTTP]&amp#27;[0m &amp#27;[37m-->&amp#27;[39m &amp#27;[37mPOST&amp#27;[39m &amp#27;[37m/session/b95e9987-ce00-4859-b89c-33a2d94ca077/element&amp#27;[39m
&amp#27;[38;5;0m[HTTP]&amp#27;[0m &amp#27;[90m{"using":"accessibility id","value":"test-LOGIN"}&amp#27;[39m
[debug] &amp#27;[38;5;32m[AndroidUiautomator2Driver@5ad4 (b95e9987)]&amp#27;[0m Calling AppiumDriver.findElement() with args: ["accessibility id","test-LOGIN","b95e9987-ce00-4859-b89c-33a2d94ca077"]
[debug] &amp#27;[38;5;32m[AndroidUiautomator2Driver@5ad4 (b95e9987)]&amp#27;[0m Valid locator strategies for this request: xpath, id, class name, accessibility id, css selector, -android uiautomator
[debug] &amp#27;[38;5;32m[AndroidUiautomator2Driver@5ad4 (b95e9987)]&amp#27;[0m Waiting up to 20000 ms for condition
[debug] &amp#27;[38;5;32m[AndroidUiautomator2Driver@5ad4 (b95e9987)]&amp#27;[0m Matched '/element' to command name 'findElement'
[debug] &amp#27;[38;5;32m[AndroidUiautomator2Driver@5ad4 (b95e9987)]&amp#27;[0m Proxying [POST /element] to [POST http://127.0.0.1:8200/session/7506ca6f-8dc7-43d5-ad90-b10e9e5f2942/element] with body: {"strategy":"accessibility id","selector":"test-LOGIN","context":"","multiple":false}
[debug] &amp#27;[38;5;32m[AndroidUiautomator2Driver@5ad4 (b95e9987)]&amp#27;[0m Got response with status 200: {"sessionId":"7506ca6f-8dc7-43d5-ad90-b10e9e5f2942","value":{"ELEMENT":"00000000-0000-0063-ffff-ffff0000002f","element-6066-11e4-a52e-4f735466cecf":"00000000-0000-0063-ffff-ffff0000002f"}}
[debug] &amp#27;[38;5;32m[AndroidUiautomator2Driver@5ad4 (b95e9987)]&amp#27;[0m Responding to client with driver.findElement() result: {"element-6066-11e4-a52e-4f735466cecf":"00000000-0000-0063-ffff-ffff0000002f","ELEMENT":"00000000-0000-0063-ffff-ffff0000002f"}
&amp#27;[38;5;0m[HTTP]&amp#27;[0m &amp#27;[37m<-- POST /session/b95e9987-ce00-4859-b89c-33a2d94ca077/element &amp#27;[39m&amp#27;[32m200&amp#27;[39m &amp#27;[90m515 ms - 137&amp#27;[39m
&amp#27;[38;5;0m[HTTP]&amp#27;[0m &amp#27;[90m&amp#27;[39m
&amp#27;[38;5;0m[HTTP]&amp#27;[0m &amp#27;[37m-->&amp#27;[39m &amp#27;[37mGET&amp#27;[39m &amp#27;[37m/session/b95e9987-ce00-4859-b89c-33a2d94ca077/element/00000000-0000-0063-ffff-ffff0000002f/displayed&amp#27;[39m
&amp#27;[38;5;0m[HTTP]&amp#27;[0m &amp#27;[90m{}&amp#27;[39m
[debug] &amp#27;[38;5;32m[AndroidUiautomator2Driver@5ad4 (b95e9987)]&amp#27;[0m Calling AppiumDriver.elementDisplayed() with args: ["00000000-0000-0063-ffff-ffff0000002f","b95e9987-ce00-4859-b89c-33a2d94ca077"]
[debug] &amp#27;[38;5;32m[AndroidUiautomator2Driver@5ad4 (b95e9987)]&amp#27;[0m Matched '/element/00000000-0000-0063-ffff-ffff0000002f/attribute/displayed' to command name 'getAttribute'
[debug] &amp#27;[38;5;32m[AndroidUiautomator2Driver@5ad4 (b95e9987)]&amp#27;[0m Proxying [GET /element/00000000-0000-0063-ffff-ffff0000002f/attribute/displayed] to [GET http://127.0.0.1:8200/session/7506ca6f-8dc7-43d5-ad90-b10e9e5f2942/element/00000000-0000-0063-ffff-ffff0000002f/attribute/displayed] with no body
[debug] &amp#27;[38;5;32m[AndroidUiautomator2Driver@5ad4 (b95e9987)]&amp#27;[0m Got response with status 200: {"sessionId":"7506ca6f-8dc7-43d5-ad90-b10e9e5f2942","value":"true"}
[debug] &amp#27;[38;5;32m[AndroidUiautomator2Driver@5ad4 (b95e9987)]&amp#27;[0m Responding to client with driver.elementDisplayed() result: true
&amp#27;[38;5;0m[HTTP]&amp#27;[0m &amp#27;[37m<-- GET /session/b95e9987-ce00-4859-b89c-33a2d94ca077/element/00000000-0000-0063-ffff-ffff0000002f/displayed &amp#27;[39m&amp#27;[32m200&amp#27;[39m &amp#27;[90m14 ms - 14&amp#27;[39m
&amp#27;[38;5;0m[HTTP]&amp#27;[0m &amp#27;[90m&amp#27;[39m
&amp#27;[38;5;0m[HTTP]&amp#27;[0m &amp#27;[37m-->&amp#27;[39m &amp#27;[37mGET&amp#27;[39m &amp#27;[37m/session/b95e9987-ce00-4859-b89c-33a2d94ca077/context&amp#27;[39m
&amp#27;[38;5;0m[HTTP]&amp#27;[0m &amp#27;[90m{}&amp#27;[39m
[debug] &amp#27;[38;5;32m[AndroidUiautomator2Driver@5ad4 (b95e9987)]&amp#27;[0m Calling AppiumDriver.getCurrentContext() with args: ["b95e9987-ce00-4859-b89c-33a2d94ca077"]
[debug] &amp#27;[38;5;32m[AndroidUiautomator2Driver@5ad4 (b95e9987)]&amp#27;[0m Responding to client with driver.getCurrentContext() result: "NATIVE_APP"
&amp#27;[38;5;0m[HTTP]&amp#27;[0m &amp#27;[37m<-- GET /session/b95e9987-ce00-4859-b89c-33a2d94ca077/context &amp#27;[39m&amp#27;[32m200&amp#27;[39m &amp#27;[90m2 ms - 22&amp#27;[39m
&amp#27;[38;5;0m[HTTP]&amp#27;[0m &amp#27;[90m&amp#27;[39m
&amp#27;[38;5;0m[HTTP]&amp#27;[0m &amp#27;[37m-->&amp#27;[39m &amp#27;[37mPOST&amp#27;[39m &amp#27;[37m/session/b95e9987-ce00-4859-b89c-33a2d94ca077/element&amp#27;[39m
&amp#27;[38;5;0m[HTTP]&amp#27;[0m &amp#27;[90m{"using":"accessibility id","value":"test-LOGIN"}&amp#27;[39m
[debug] &amp#27;[38;5;32m[AndroidUiautomator2Driver@5ad4 (b95e9987)]&amp#27;[0m Calling AppiumDriver.findElement() with args: ["accessibility id","test-LOGIN","b95e9987-ce00-4859-b89c-33a2d94ca077"]
[debug] &amp#27;[38;5;32m[AndroidUiautomator2Driver@5ad4 (b95e9987)]&amp#27;[0m Valid locator strategies for this request: xpath, id, class name, accessibility id, css selector, -android uiautomator
[debug] &amp#27;[38;5;32m[AndroidUiautomator2Driver@5ad4 (b95e9987)]&amp#27;[0m Waiting up to 20000 ms for condition
[debug] &amp#27;[38;5;32m[AndroidUiautomator2Driver@5ad4 (b95e9987)]&amp#27;[0m Matched '/element' to command name 'findElement'
[debug] &amp#27;[38;5;32m[AndroidUiautomator2Driver@5ad4 (b95e9987)]&amp#27;[0m Proxying [POST /element] to [POST http://127.0.0.1:8200/session/7506ca6f-8dc7-43d5-ad90-b10e9e5f2942/element] with body: {"strategy":"accessibility id","selector":"test-LOGIN","context":"","multiple":false}
[debug] &amp#27;[38;5;32m[AndroidUiautomator2Driver@5ad4 (b95e9987)]&amp#27;[0m Got response with status 200: {"sessionId":"7506ca6f-8dc7-43d5-ad90-b10e9e5f2942","value":{"ELEMENT":"00000000-0000-0063-ffff-ffff0000002f","element-6066-11e4-a52e-4f735466cecf":"00000000-0000-0063-ffff-ffff0000002f"}}
[debug] &amp#27;[38;5;32m[AndroidUiautomator2Driver@5ad4 (b95e9987)]&amp#27;[0m Responding to client with driver.findElement() result: {"element-6066-11e4-a52e-4f735466cecf":"00000000-0000-0063-ffff-ffff0000002f","ELEMENT":"00000000-0000-0063-ffff-ffff0000002f"}
&amp#27;[38;5;0m[HTTP]&amp#27;[0m &amp#27;[37m<-- POST /session/b95e9987-ce00-4859-b89c-33a2d94ca077/element &amp#27;[39m&amp#27;[32m200&amp#27;[39m &amp#27;[90m41 ms - 137&amp#27;[39m
&amp#27;[38;5;0m[HTTP]&amp#27;[0m &amp#27;[90m&amp#27;[39m
&amp#27;[38;5;0m[HTTP]&amp#27;[0m &amp#27;[37m-->&amp#27;[39m &amp#27;[37mPOST&amp#27;[39m &amp#27;[37m/session/b95e9987-ce00-4859-b89c-33a2d94ca077/element/00000000-0000-0063-ffff-ffff0000002f/click&amp#27;[39m
&amp#27;[38;5;0m[HTTP]&amp#27;[0m &amp#27;[90m{"id":"00000000-0000-0063-ffff-ffff0000002f"}&amp#27;[39m
[debug] &amp#27;[38;5;32m[AndroidUiautomator2Driver@5ad4 (b95e9987)]&amp#27;[0m Calling AppiumDriver.click() with args: ["00000000-0000-0063-ffff-ffff0000002f","b95e9987-ce00-4859-b89c-33a2d94ca077"]
[debug] &amp#27;[38;5;32m[AndroidUiautomator2Driver@5ad4 (b95e9987)]&amp#27;[0m Matched '/element/00000000-0000-0063-ffff-ffff0000002f/click' to command name 'click'
[debug] &amp#27;[38;5;32m[AndroidUiautomator2Driver@5ad4 (b95e9987)]&amp#27;[0m Proxying [POST /element/00000000-0000-0063-ffff-ffff0000002f/click] to [POST http://127.0.0.1:8200/session/7506ca6f-8dc7-43d5-ad90-b10e9e5f2942/element/00000000-0000-0063-ffff-ffff0000002f/click] with body: {"element":"00000000-0000-0063-ffff-ffff0000002f"}
[debug] &amp#27;[38;5;32m[AndroidUiautomator2Driver@5ad4 (b95e9987)]&amp#27;[0m Got response with status 200: {"sessionId":"7506ca6f-8dc7-43d5-ad90-b10e9e5f2942","value":null}
[debug] &amp#27;[38;5;32m[AndroidUiautomator2Driver@5ad4 (b95e9987)]&amp#27;[0m Responding to client with driver.click() result: null
&amp#27;[38;5;0m[HTTP]&amp#27;[0m &amp#27;[37m<-- POST /session/b95e9987-ce00-4859-b89c-33a2d94ca077/element/00000000-0000-0063-ffff-ffff0000002f/click &amp#27;[39m&amp#27;[32m200&amp#27;[39m &amp#27;[90m59 ms - 14&amp#27;[39m
&amp#27;[38;5;0m[HTTP]&amp#27;[0m &amp#27;[90m&amp#27;[39m
&amp#27;[38;5;0m[HTTP]&amp#27;[0m &amp#27;[37m-->&amp#27;[39m &amp#27;[37mGET&amp#27;[39m &amp#27;[37m/session/b95e9987-ce00-4859-b89c-33a2d94ca077/context&amp#27;[39m
&amp#27;[38;5;0m[HTTP]&amp#27;[0m &amp#27;[90m{}&amp#27;[39m
[debug] &amp#27;[38;5;32m[AndroidUiautomator2Driver@5ad4 (b95e9987)]&amp#27;[0m Calling AppiumDriver.getCurrentContext() with args: ["b95e9987-ce00-4859-b89c-33a2d94ca077"]
[debug] &amp#27;[38;5;32m[AndroidUiautomator2Driver@5ad4 (b95e9987)]&amp#27;[0m Responding to client with driver.getCurrentContext() result: "NATIVE_APP"
&amp#27;[38;5;0m[HTTP]&amp#27;[0m &amp#27;[37m<-- GET /session/b95e9987-ce00-4859-b89c-33a2d94ca077/context &amp#27;[39m&amp#27;[32m200&amp#27;[39m &amp#27;[90m1 ms - 22&amp#27;[39m
&amp#27;[38;5;0m[HTTP]&amp#27;[0m &amp#27;[90m&amp#27;[39m
&amp#27;[38;5;0m[HTTP]&amp#27;[0m &amp#27;[37m-->&amp#27;[39m &amp#27;[37mPOST&amp#27;[39m &amp#27;[37m/session/b95e9987-ce00-4859-b89c-33a2d94ca077/element&amp#27;[39m
&amp#27;[38;5;0m[HTTP]&amp#27;[0m &amp#27;[90m{"using":"xpath","value":"//android.view.ViewGroup[@content-desc=\"test-Error message\"]/android.widget.TextView"}&amp#27;[39m
[debug] &amp#27;[38;5;32m[AndroidUiautomator2Driver@5ad4 (b95e9987)]&amp#27;[0m Calling AppiumDriver.findElement() with args: ["xpath","//android.view.ViewGroup[@content-desc=\"test-Error message\"]/android.widget.TextView","b95e9987-ce00-4859-b89c-33a2d94ca077"]
[debug] &amp#27;[38;5;32m[AndroidUiautomator2Driver@5ad4 (b95e9987)]&amp#27;[0m Valid locator strategies for this request: xpath, id, class name, accessibility id, css selector, -android uiautomator
[debug] &amp#27;[38;5;32m[AndroidUiautomator2Driver@5ad4 (b95e9987)]&amp#27;[0m Waiting up to 20000 ms for condition
[debug] &amp#27;[38;5;32m[AndroidUiautomator2Driver@5ad4 (b95e9987)]&amp#27;[0m Matched '/element' to command name 'findElement'
[debug] &amp#27;[38;5;32m[AndroidUiautomator2Driver@5ad4 (b95e9987)]&amp#27;[0m Proxying [POST /element] to [POST http://127.0.0.1:8200/session/7506ca6f-8dc7-43d5-ad90-b10e9e5f2942/element] with body: {"strategy":"xpath","selector":"//android.view.ViewGroup[@content-desc=\"test-Error message\"]/android.widget.TextView","context":"","multiple":false}
&amp#27;[38;5;32m[AndroidUiautomator2Driver@5ad4 (b95e9987)]&amp#27;[0m Got response with status 404: {"sessionId":"7506ca6f-8dc7-43d5-ad90-b10e9e5f2942","value":{"error":"no such element","message":"An element could not be located on the page using the given search parameters","stacktrace":"io.appium.uiautomator2.common.exceptions.ElementNotFoundException: An element could not be located on the page using the given search parameters\n\tat io.appium.uiautomator2.handler.FindElement.findElement(FindElement.java:90)\n\tat io.appium.uiautomator2.handler.FindElement.safeHandle(FindElement.java:67)\n\tat io.appium.uiautomator2.handler.request.SafeRequestHandler.handle(SafeRequestHandler.java:59)\n\tat io.appium.uiautomator2.server.AppiumServlet.handleRequest(AppiumServlet.java:270)\n\tat io.appium.uiautomator2.server.AppiumServlet.handleHttpRequest(AppiumServlet.java:264)\n\tat io.appium.uiautomator2.http.ServerHandler.channelRead(ServerHandler.java:68)\n\tat io.netty.channel.AbstractChannelHandlerContext.invokeChannelRead(AbstractChannelHandlerContext.java:366)\n\tat io.netty.channel.AbstractChannelHandlerCont...
[debug] &amp#27;[38;5;128m[W3C]&amp#27;[0m Matched W3C error code 'no such element' to NoSuchElementError
[debug] &amp#27;[38;5;32m[AndroidUiautomator2Driver@5ad4 (b95e9987)]&amp#27;[0m Waited for 234 ms so far
[debug] &amp#27;[38;5;32m[AndroidUiautomator2Driver@5ad4 (b95e9987)]&amp#27;[0m Matched '/element' to command name 'findElement'
[debug] &amp#27;[38;5;32m[AndroidUiautomator2Driver@5ad4 (b95e9987)]&amp#27;[0m Proxying [POST /element] to [POST http://127.0.0.1:8200/session/7506ca6f-8dc7-43d5-ad90-b10e9e5f2942/element] with body: {"strategy":"xpath","selector":"//android.view.ViewGroup[@content-desc=\"test-Error message\"]/android.widget.TextView","context":"","multiple":false}
[debug] &amp#27;[38;5;32m[AndroidUiautomator2Driver@5ad4 (b95e9987)]&amp#27;[0m Got response with status 200: {"sessionId":"7506ca6f-8dc7-43d5-ad90-b10e9e5f2942","value":{"ELEMENT":"00000000-0000-0063-ffff-ffff00000041","element-6066-11e4-a52e-4f735466cecf":"00000000-0000-0063-ffff-ffff00000041"}}
[debug] &amp#27;[38;5;32m[AndroidUiautomator2Driver@5ad4 (b95e9987)]&amp#27;[0m Responding to client with driver.findElement() result: {"element-6066-11e4-a52e-4f735466cecf":"00000000-0000-0063-ffff-ffff00000041","ELEMENT":"00000000-0000-0063-ffff-ffff00000041"}
&amp#27;[38;5;0m[HTTP]&amp#27;[0m &amp#27;[37m<-- POST /session/b95e9987-ce00-4859-b89c-33a2d94ca077/element &amp#27;[39m&amp#27;[32m200&amp#27;[39m &amp#27;[90m848 ms - 137&amp#27;[39m
&amp#27;[38;5;0m[HTTP]&amp#27;[0m &amp#27;[90m&amp#27;[39m
&amp#27;[38;5;0m[HTTP]&amp#27;[0m &amp#27;[37m-->&amp#27;[39m &amp#27;[37mGET&amp#27;[39m &amp#27;[37m/session/b95e9987-ce00-4859-b89c-33a2d94ca077/element/00000000-0000-0063-ffff-ffff00000041/displayed&amp#27;[39m
&amp#27;[38;5;0m[HTTP]&amp#27;[0m &amp#27;[90m{}&amp#27;[39m
[debug] &amp#27;[38;5;32m[AndroidUiautomator2Driver@5ad4 (b95e9987)]&amp#27;[0m Calling AppiumDriver.elementDisplayed() with args: ["00000000-0000-0063-ffff-ffff00000041","b95e9987-ce00-4859-b89c-33a2d94ca077"]
[debug] &amp#27;[38;5;32m[AndroidUiautomator2Driver@5ad4 (b95e9987)]&amp#27;[0m Matched '/element/00000000-0000-0063-ffff-ffff00000041/attribute/displayed' to command name 'getAttribute'
[debug] &amp#27;[38;5;32m[AndroidUiautomator2Driver@5ad4 (b95e9987)]&amp#27;[0m Proxying [GET /element/00000000-0000-0063-ffff-ffff00000041/attribute/displayed] to [GET http://127.0.0.1:8200/session/7506ca6f-8dc7-43d5-ad90-b10e9e5f2942/element/00000000-0000-0063-ffff-ffff00000041/attribute/displayed] with no body
[debug] &amp#27;[38;5;32m[AndroidUiautomator2Driver@5ad4 (b95e9987)]&amp#27;[0m Got response with status 200: {"sessionId":"7506ca6f-8dc7-43d5-ad90-b10e9e5f2942","value":"true"}
[debug] &amp#27;[38;5;32m[AndroidUiautomator2Driver@5ad4 (b95e9987)]&amp#27;[0m Responding to client with driver.elementDisplayed() result: true
&amp#27;[38;5;0m[HTTP]&amp#27;[0m &amp#27;[37m<-- GET /session/b95e9987-ce00-4859-b89c-33a2d94ca077/element/00000000-0000-0063-ffff-ffff00000041/displayed &amp#27;[39m&amp#27;[32m200&amp#27;[39m &amp#27;[90m21 ms - 14&amp#27;[39m
&amp#27;[38;5;0m[HTTP]&amp#27;[0m &amp#27;[90m&amp#27;[39m
&amp#27;[38;5;0m[HTTP]&amp#27;[0m &amp#27;[37m-->&amp#27;[39m &amp#27;[37mGET&amp#27;[39m &amp#27;[37m/session/b95e9987-ce00-4859-b89c-33a2d94ca077/context&amp#27;[39m
&amp#27;[38;5;0m[HTTP]&amp#27;[0m &amp#27;[90m{}&amp#27;[39m
[debug] &amp#27;[38;5;32m[AndroidUiautomator2Driver@5ad4 (b95e9987)]&amp#27;[0m Calling AppiumDriver.getCurrentContext() with args: ["b95e9987-ce00-4859-b89c-33a2d94ca077"]
[debug] &amp#27;[38;5;32m[AndroidUiautomator2Driver@5ad4 (b95e9987)]&amp#27;[0m Responding to client with driver.getCurrentContext() result: "NATIVE_APP"
&amp#27;[38;5;0m[HTTP]&amp#27;[0m &amp#27;[37m<-- GET /session/b95e9987-ce00-4859-b89c-33a2d94ca077/context &amp#27;[39m&amp#27;[32m200&amp#27;[39m &amp#27;[90m2 ms - 22&amp#27;[39m
&amp#27;[38;5;0m[HTTP]&amp#27;[0m &amp#27;[90m&amp#27;[39m
&amp#27;[38;5;0m[HTTP]&amp#27;[0m &amp#27;[37m-->&amp#27;[39m &amp#27;[37mPOST&amp#27;[39m &amp#27;[37m/session/b95e9987-ce00-4859-b89c-33a2d94ca077/element&amp#27;[39m
&amp#27;[38;5;0m[HTTP]&amp#27;[0m &amp#27;[90m{"using":"xpath","value":"//android.view.ViewGroup[@content-desc=\"test-Error message\"]/android.widget.TextView"}&amp#27;[39m
[debug] &amp#27;[38;5;32m[AndroidUiautomator2Driver@5ad4 (b95e9987)]&amp#27;[0m Calling AppiumDriver.findElement() with args: ["xpath","//android.view.ViewGroup[@content-desc=\"test-Error message\"]/android.widget.TextView","b95e9987-ce00-4859-b89c-33a2d94ca077"]
[debug] &amp#27;[38;5;32m[AndroidUiautomator2Driver@5ad4 (b95e9987)]&amp#27;[0m Valid locator strategies for this request: xpath, id, class name, accessibility id, css selector, -android uiautomator
[debug] &amp#27;[38;5;32m[AndroidUiautomator2Driver@5ad4 (b95e9987)]&amp#27;[0m Waiting up to 20000 ms for condition
[debug] &amp#27;[38;5;32m[AndroidUiautomator2Driver@5ad4 (b95e9987)]&amp#27;[0m Matched '/element' to command name 'findElement'
[debug] &amp#27;[38;5;32m[AndroidUiautomator2Driver@5ad4 (b95e9987)]&amp#27;[0m Proxying [POST /element] to [POST http://127.0.0.1:8200/session/7506ca6f-8dc7-43d5-ad90-b10e9e5f2942/element] with body: {"strategy":"xpath","selector":"//android.view.ViewGroup[@content-desc=\"test-Error message\"]/android.widget.TextView","context":"","multiple":false}
[debug] &amp#27;[38;5;32m[AndroidUiautomator2Driver@5ad4 (b95e9987)]&amp#27;[0m Got response with status 200: {"sessionId":"7506ca6f-8dc7-43d5-ad90-b10e9e5f2942","value":{"ELEMENT":"00000000-0000-0063-ffff-ffff00000041","element-6066-11e4-a52e-4f735466cecf":"00000000-0000-0063-ffff-ffff00000041"}}
[debug] &amp#27;[38;5;32m[AndroidUiautomator2Driver@5ad4 (b95e9987)]&amp#27;[0m Responding to client with driver.findElement() result: {"element-6066-11e4-a52e-4f735466cecf":"00000000-0000-0063-ffff-ffff00000041","ELEMENT":"00000000-0000-0063-ffff-ffff00000041"}
&amp#27;[38;5;0m[HTTP]&amp#27;[0m &amp#27;[37m<-- POST /session/b95e9987-ce00-4859-b89c-33a2d94ca077/element &amp#27;[39m&amp#27;[32m200&amp#27;[39m &amp#27;[90m80 ms - 137&amp#27;[39m
&amp#27;[38;5;0m[HTTP]&amp#27;[0m &amp#27;[90m&amp#27;[39m
&amp#27;[38;5;0m[HTTP]&amp#27;[0m &amp#27;[37m-->&amp#27;[39m &amp#27;[37mGET&amp#27;[39m &amp#27;[37m/session/b95e9987-ce00-4859-b89c-33a2d94ca077/element/00000000-0000-0063-ffff-ffff00000041/text&amp#27;[39m
&amp#27;[38;5;0m[HTTP]&amp#27;[0m &amp#27;[90m{}&amp#27;[39m
&amp#27;[38;5;32m[AndroidUiautomator2Driver@5ad4 (b95e9987)]&amp#27;[0m Driver proxy active, passing request on via HTTP proxy
[debug] &amp#27;[38;5;32m[AndroidUiautomator2Driver@5ad4 (b95e9987)]&amp#27;[0m Matched '/session/b95e9987-ce00-4859-b89c-33a2d94ca077/element/00000000-0000-0063-ffff-ffff00000041/text' to command name 'getText'
[debug] &amp#27;[38;5;32m[AndroidUiautomator2Driver@5ad4 (b95e9987)]&amp#27;[0m Proxying [GET /session/b95e9987-ce00-4859-b89c-33a2d94ca077/element/00000000-0000-0063-ffff-ffff00000041/text] to [GET http://127.0.0.1:8200/session/7506ca6f-8dc7-43d5-ad90-b10e9e5f2942/element/00000000-0000-0063-ffff-ffff00000041/text] with no body
[debug] &amp#27;[38;5;32m[AndroidUiautomator2Driver@5ad4 (b95e9987)]&amp#27;[0m Got response with status 200: {"sessionId":"7506ca6f-8dc7-43d5-ad90-b10e9e5f2942","value":"Username and password do not match any user in this service."}
&amp#27;[38;5;32m[AndroidUiautomator2Driver@5ad4 (b95e9987)]&amp#27;[0m Replacing sessionId 7506ca6f-8dc7-43d5-ad90-b10e9e5f2942 with b95e9987-ce00-4859-b89c-33a2d94ca077
&amp#27;[38;5;0m[HTTP]&amp#27;[0m &amp#27;[37m<-- GET /session/b95e9987-ce00-4859-b89c-33a2d94ca077/element/00000000-0000-0063-ffff-ffff00000041/text &amp#27;[39m&amp#27;[32m200&amp#27;[39m &amp#27;[90m16 ms - 123&amp#27;[39m
&amp#27;[38;5;0m[HTTP]&amp#27;[0m &amp#27;[90m&amp#27;[39m
]]></system-out>
  </testcase>
</testsuite>