<?xml version="1.0" encoding="UTF-8"?>
<!-- Generated by org.testng.reporters.JUnitReportReporter -->
<testsuite hostname="Gsquare" failures="0" tests="1" name="com.soucelab.test.Testcase1" time="5.741" errors="0" timestamp="2023-08-15T19:02:48 IST" skipped="0">
  <testcase classname="com.soucelab.test.Testcase1" name="loginIntoAppWithInValidCredentials" time="5.741"/>
  <system-out/>
</testsuite> <!-- com.soucelab.test.Testcase1 -->
