<?xml version="1.0" encoding="UTF-8"?>
<!-- Generated by org.testng.reporters.JUnitReportReporter -->
<testsuite hostname="Gsquare" failures="0" tests="2" name="com.soucelab.test.Testcase1" time="25.521" errors="0" timestamp="2023-04-27T07:48:42 IST" skipped="0">
  <testcase classname="com.soucelab.test.Testcase1" name="loginIntoAppWithValidCredentials" time="18.477"/>
  <system-out/>
  <testcase classname="com.soucelab.test.Testcase1" name="loginIntoAppWithInValidCredentials" time="7.044"/>
  <system-out/>
</testsuite> <!-- com.soucelab.test.Testcase1 -->
