<?xml version="1.0" encoding="UTF-8"?>
<!-- Generated by org.testng.reporters.JUnitReportReporter -->
<testsuite hostname="Gsquare" failures="0" tests="2" name="com.soucelab.test.Testcase1" time="33.677" errors="0" timestamp="2023-04-29T12:27:54 IST" skipped="0">
  <testcase classname="com.soucelab.test.Testcase1" name="loginIntoAppWithValidCredentials" time="23.468"/>
  <system-out/>
  <testcase classname="com.soucelab.test.Testcase1" name="loginIntoAppWithInValidCredentials" time="10.209"/>
  <system-out/>
</testsuite> <!-- com.soucelab.test.Testcase1 -->
