<?xml version="1.0" encoding="UTF-8"?>
<!-- Generated by org.testng.reporters.JUnitReportReporter -->
<testsuite hostname="Gsquare" failures="0" tests="2" name="com.soucelab.test.Testcase1" time="25.463" errors="0" timestamp="2023-11-11T21:57:03 IST" skipped="0">
  <testcase classname="com.soucelab.test.Testcase1" name="loginIntoAppWithInValidCredentials" time="6.281"/>
  <system-out/>
  <testcase classname="com.soucelab.test.Testcase1" name="loginIntoAppWithValidCredentials" time="19.182"/>
  <system-out/>
</testsuite> <!-- com.soucelab.test.Testcase1 -->
