<?xml version="1.0" encoding="UTF-8"?>
<!-- Generated by org.testng.reporters.JUnitReportReporter -->
<testsuite hostname="Gsquare" failures="0" tests="2" name="com.soucelab.test.Testcase1" time="23.026" errors="0" timestamp="2023-04-29T11:03:30 IST" skipped="0">
  <testcase classname="com.soucelab.test.Testcase1" name="loginIntoAppWithValidCredentials" time="17.489"/>
  <system-out/>
  <testcase classname="com.soucelab.test.Testcase1" name="loginIntoAppWithInValidCredentials" time="5.537"/>
  <system-out/>
</testsuite> <!-- com.soucelab.test.Testcase1 -->
